Generating contour dataset: boehme
Extracting phrase contours...
Extracted 10 contours from deut2272.krn
Extracted 10 contours from deut2273.krn
Extracted 08 contours from deut2274.krn
Extracted 06 contours from deut2275.krn
Extracted 10 contours from deut2276.krn
Extracted 06 contours from deut2277.krn
Extracted 04 contours from deut2278.krn
Extracted 04 contours from deut2279.krn
Extracted 08 contours from deut2280.krn
Extracted 06 contours from deut2281.krn
Extracted 06 contours from deut2282.krn
Extracted 04 contours from deut2283.krn
Extracted 10 contours from deut2284.krn
Extracted 06 contours from deut2285.krn
Extracted 07 contours from deut2286.krn
Extracted 07 contours from deut2287.krn
Extracted 08 contours from deut2288.krn
Extracted 10 contours from deut2289.krn
Extracted 12 contours from deut2290.krn
Extracted 12 contours from deut2291.krn
Extracted 10 contours from deut2292.krn
Extracted 08 contours from deut2293.krn
Extracted 08 contours from deut2294.krn
Extracted 12 contours from deut2295.krn
Extracted 06 contours from deut2296.krn
Extracted 06 contours from deut2297.krn
Extracted 06 contours from deut2298.krn
Extracted 03 contours from deut2299.krn
Extracted 12 contours from deut2300.krn
Extracted 10 contours from deut2301.krn
Extracted 08 contours from deut2302.krn
Extracted 09 contours from deut2303.krn
Extracted 06 contours from deut2304.krn
Extracted 08 contours from deut2305.krn
Extracted 08 contours from deut2306.krn
Extracted 12 contours from deut2307.krn
Extracted 08 contours from deut2308.krn
Extracted 07 contours from deut2309.krn
Extracted 09 contours from deut2310.krn
Extracted 10 contours from deut2311.krn
Extracted 04 contours from deut2312.krn
Extracted 10 contours from deut2313.krn
Extracted 10 contours from deut2314.krn
Extracted 08 contours from deut2315.krn
Extracted 04 contours from deut2316.krn
Extracted 06 contours from deut2317.krn
Extracted 06 contours from deut2318.krn
Extracted 04 contours from deut2319.krn
Extracted 09 contours from deut2320.krn
Extracted 08 contours from deut2321.krn
Extracted 16 contours from deut2322.krn
Extracted 06 contours from deut2323.krn
Extracted 08 contours from deut2324.krn
Extracted 06 contours from deut2325.krn
Extracted 10 contours from deut2326.krn
Extracted 07 contours from deut2327.krn
Extracted 04 contours from deut2328.krn
Extracted 06 contours from deut2329.krn
Extracted 16 contours from deut2330.krn
Extracted 05 contours from deut2331.krn
Extracted 06 contours from deut2332.krn
Extracted 08 contours from deut2333.krn
Extracted 08 contours from deut2334.krn
Extracted 07 contours from deut2335.krn
Extracted 08 contours from deut2336.krn
Extracted 08 contours from deut2337.krn
Extracted 08 contours from deut2338.krn
Extracted 10 contours from deut2339.krn
Extracted 10 contours from deut2340.krn
Extracted 10 contours from deut2341.krn
Extracted 08 contours from deut2342.krn
Extracted 07 contours from deut2343.krn
Extracted 03 contours from deut2344.krn
Extracted 04 contours from deut2345.krn
Extracted 04 contours from deut2346.krn
Extracted 05 contours from deut2347.krn
Extracted 04 contours from deut2348.krn
Extracted 04 contours from deut2349.krn
Extracted 07 contours from deut2350.krn
Extracted 08 contours from deut2351.krn
Extracted 04 contours from deut2352.krn
Extracted 04 contours from deut2353.krn
Extracted 07 contours from deut2354.krn
Extracted 07 contours from deut2355.krn
Extracted 06 contours from deut2356.krn
Extracted 04 contours from deut2357.krn
Extracted 06 contours from deut2358.krn
Extracted 07 contours from deut2359.krn
Extracted 07 contours from deut2360.krn
Extracted 08 contours from deut2361.krn
Extracted 08 contours from deut2362.krn
Extracted 08 contours from deut2363.krn
Extracted 05 contours from deut2364.krn
Extracted 04 contours from deut2365.krn
Extracted 05 contours from deut2366.krn
Extracted 03 contours from deut2367.krn
Extracted 04 contours from deut2368.krn
Extracted 08 contours from deut2369.krn
Extracted 04 contours from deut2370.krn
Extracted 06 contours from deut2371.krn
Extracted 04 contours from deut2372.krn
Extracted 07 contours from deut2373.krn
Extracted 08 contours from deut2374.krn
Extracted 05 contours from deut2375.krn
Extracted 04 contours from deut2376.krn
Extracted 04 contours from deut2377.krn
Extracted 04 contours from deut2378.krn
Extracted 07 contours from deut2379.krn
Extracted 05 contours from deut2380.krn
Extracted 07 contours from deut2381.krn
Extracted 08 contours from deut2382.krn
Extracted 08 contours from deut2383.krn
Extracted 04 contours from deut2384.krn
Extracted 03 contours from deut2385.krn
Extracted 06 contours from deut2386.krn
Extracted 08 contours from deut2387.krn
Extracted 06 contours from deut2388.krn
Extracted 04 contours from deut2389.krn
Extracted 07 contours from deut2390.krn
Extracted 07 contours from deut2391.krn
Extracted 04 contours from deut2392.krn
Extracted 04 contours from deut2393.krn
Extracted 03 contours from deut2394.krn
Extracted 08 contours from deut2395.krn
Extracted 07 contours from deut2396.krn
Extracted 06 contours from deut2397.krn
Extracted 09 contours from deut2398.krn
Extracted 06 contours from deut2399.krn
Extracted 06 contours from deut2400.krn
Extracted 08 contours from deut2401.krn
Extracted 08 contours from deut2402.krn
Extracted 07 contours from deut2403.krn
Extracted 08 contours from deut2404.krn
Extracted 07 contours from deut2405.krn
Extracted 08 contours from deut2406.krn
Extracted 08 contours from deut2407.krn
Extracted 10 contours from deut2408.krn
Extracted 04 contours from deut2409.krn
Extracted 04 contours from deut2410.krn
Extracted 04 contours from deut2411.krn
Extracted 04 contours from deut2412.krn
Extracted 05 contours from deut2413.krn
Extracted 04 contours from deut2414.krn
Extracted 05 contours from deut2415.krn
Extracted 06 contours from deut2416.krn
Extracted 10 contours from deut2417.krn
Extracted 08 contours from deut2418.krn
Extracted 12 contours from deut2419.krn
Extracted 08 contours from deut2420.krn
Extracted 10 contours from deut2421.krn
Extracted 07 contours from deut2422.krn
Extracted 05 contours from deut2423.krn
Extracted 06 contours from deut2424.krn
Extracted 12 contours from deut2425.krn
Extracted 05 contours from deut2426.krn
Extracted 08 contours from deut2427.krn
Extracted 05 contours from deut2428.krn
Extracted 08 contours from deut2429.krn
Extracted 08 contours from deut2430.krn
Extracted 05 contours from deut2431.krn
Extracted 09 contours from deut2432.krn
Extracted 12 contours from deut2433.krn
Extracted 08 contours from deut2434.krn
Extracted 06 contours from deut2435.krn
Extracted 04 contours from deut2436.krn
Extracted 04 contours from deut2437.krn
Extracted 07 contours from deut2438.krn
Extracted 06 contours from deut2439.krn
Extracted 08 contours from deut2440.krn
Extracted 04 contours from deut2441.krn
Extracted 05 contours from deut2442.krn
Extracted 06 contours from deut2443.krn
Extracted 04 contours from deut2444.krn
Extracted 05 contours from deut2445.krn
Extracted 06 contours from deut2446.krn
Extracted 06 contours from deut2447.krn
Extracted 06 contours from deut2448.krn
Extracted 07 contours from deut2449.krn
Extracted 06 contours from deut2450.krn
Extracted 04 contours from deut2451.krn
Extracted 05 contours from deut2452.krn
Extracted 04 contours from deut2453.krn
Extracted 07 contours from deut2454.krn
Extracted 04 contours from deut2455.krn
Extracted 04 contours from deut2456.krn
Extracted 04 contours from deut2457.krn
Extracted 04 contours from deut2458.krn
Extracted 04 contours from deut2459.krn
Extracted 04 contours from deut2460.krn
Extracted 08 contours from deut2461.krn
Extracted 04 contours from deut2462.krn
Extracted 04 contours from deut2463.krn
Extracted 04 contours from deut2464.krn
Extracted 06 contours from deut2465.krn
Extracted 04 contours from deut2466.krn
Extracted 06 contours from deut2467.krn
Extracted 04 contours from deut2468.krn
Extracted 08 contours from deut2469.krn
Extracted 08 contours from deut2470.krn
Extracted 04 contours from deut2471.krn
Extracted 12 contours from deut2472.krn
Extracted 06 contours from deut2473.krn
Extracted 06 contours from deut2474.krn
Extracted 04 contours from deut2475.krn
Extracted 04 contours from deut2476.krn
Extracted 04 contours from deut2477.krn
Extracted 04 contours from deut2478.krn
Extracted 08 contours from deut2479.krn
Extracted 12 contours from deut2480.krn
Extracted 06 contours from deut2481.krn
Extracted 04 contours from deut2482.krn
Extracted 08 contours from deut2483.krn
Extracted 16 contours from deut2484.krn
Extracted 06 contours from deut2485.krn
Extracted 05 contours from deut2486.krn
Extracted 08 contours from deut2487.krn
Extracted 09 contours from deut2488.krn
Extracted 04 contours from deut2489.krn
Extracted 04 contours from deut2490.krn
Extracted 04 contours from deut2491.krn
Extracted 08 contours from deut2492.krn
Extracted 04 contours from deut2493.krn
Extracted 07 contours from deut2494.krn
Extracted 06 contours from deut2495.krn
Extracted 07 contours from deut2496.krn
Extracted 09 contours from deut2497.krn
Extracted 05 contours from deut2498.krn
Extracted 04 contours from deut2499.krn
Extracted 05 contours from deut2500.krn
Extracted 07 contours from deut2501.krn
Extracted 04 contours from deut2502.krn
Extracted 08 contours from deut2503.krn
Extracted 14 contours from deut2504.krn
Extracted 07 contours from deut2505.krn
Extracted 08 contours from deut2506.krn
Extracted 06 contours from deut2507.krn
Extracted 04 contours from deut2508.krn
Extracted 04 contours from deut2509.krn
Extracted 06 contours from deut2510.krn
Extracted 08 contours from deut2511.krn
Extracted 06 contours from deut2512.krn
Extracted 06 contours from deut2513.krn
Extracted 08 contours from deut2514.krn
Extracted 04 contours from deut2515.krn
Extracted 11 contours from deut2516.krn
Extracted 06 contours from deut2517.krn
Extracted 06 contours from deut2518.krn
Extracted 12 contours from deut2519.krn
Extracted 13 contours from deut2520.krn
Extracted 12 contours from deut2521.krn
Extracted 08 contours from deut2522.krn
Extracted 08 contours from deut2523.krn
Extracted 05 contours from deut2524.krn
Extracted 04 contours from deut2525.krn
Extracted 05 contours from deut2526.krn
Extracted 08 contours from deut2527.krn
Extracted 08 contours from deut2528.krn
Extracted 05 contours from deut2529.krn
Extracted 04 contours from deut2530.krn
Extracted 04 contours from deut2531.krn
Extracted 08 contours from deut2532.krn
Extracted 05 contours from deut2533.krn
Extracted 08 contours from deut2534.krn
Extracted 05 contours from deut2535.krn
Extracted 13 contours from deut2536.krn
Extracted 08 contours from deut2537.krn
Extracted 09 contours from deut2538.krn
Extracted 08 contours from deut2539.krn
Extracted 06 contours from deut2540.krn
Extracted 12 contours from deut2541.krn
Extracted 05 contours from deut2542.krn
Extracted 10 contours from deut2543.krn
Extracted 08 contours from deut2544.krn
Extracted 07 contours from deut2545.krn
Extracted 08 contours from deut2546.krn
Extracted 04 contours from deut2547.krn
Extracted 08 contours from deut2548.krn
Extracted 08 contours from deut2549.krn
Extracted 08 contours from deut2550.krn
Extracted 05 contours from deut2551.krn
Extracted 06 contours from deut2552.krn
Extracted 05 contours from deut2553.krn
Extracted 09 contours from deut2554.krn
Extracted 09 contours from deut2555.krn
Extracted 12 contours from deut2556.krn
Extracted 08 contours from deut2557.krn
Extracted 04 contours from deut2558.krn
Extracted 10 contours from deut2559.krn
Extracted 06 contours from deut2560.krn
Extracted 12 contours from deut2561.krn
Extracted 12 contours from deut2562.krn
Extracted 08 contours from deut2563.krn
Extracted 05 contours from deut2564.krn
Extracted 10 contours from deut2565.krn
Extracted 04 contours from deut2566.krn
Extracted 06 contours from deut2567.krn
Extracted 06 contours from deut2568.krn
Extracted 08 contours from deut2569.krn
Extracted 08 contours from deut2570.krn
Extracted 08 contours from deut2571.krn
Extracted 08 contours from deut2572.krn
Extracted 07 contours from deut2573.krn
Extracted 10 contours from deut2574.krn
Extracted 08 contours from deut2575.krn
Extracted 08 contours from deut2576.krn
Extracted 06 contours from deut2577.krn
Extracted 06 contours from deut2578.krn
Extracted 08 contours from deut2579.krn
Extracted 08 contours from deut2580.krn
Extracted 08 contours from deut2581.krn
Extracted 05 contours from deut2582.krn
Extracted 07 contours from deut2583.krn
Extracted 08 contours from deut2584.krn
Extracted 08 contours from deut2585.krn
Extracted 12 contours from deut2586.krn
Extracted 03 contours from deut2587.krn
Extracted 08 contours from deut2588.krn
Extracted 04 contours from deut2589.krn
Extracted 04 contours from deut2590.krn
Extracted 07 contours from deut2591.krn
Extracted 06 contours from deut2592.krn
Extracted 08 contours from deut2593.krn
Extracted 04 contours from deut2594.krn
Extracted 05 contours from deut2595.krn
Extracted 10 contours from deut2596.krn
Extracted 07 contours from deut2597.krn
Extracted 08 contours from deut2598.krn
Extracted 08 contours from deut2599.krn
Extracted 06 contours from deut2600.krn
Extracted 03 contours from deut2601.krn
Extracted 04 contours from deut2602.krn
Extracted 08 contours from deut2603.krn
Extracted 06 contours from deut2604.krn
Extracted 06 contours from deut2605.krn
Extracted 06 contours from deut2606.krn
Extracted 06 contours from deut2607.krn
Extracted 06 contours from deut2608.krn
Extracted 06 contours from deut2609.krn
Extracted 04 contours from deut2610.krn
Extracted 04 contours from deut2611.krn
Extracted 04 contours from deut2612.krn
Extracted 06 contours from deut2613.krn
Extracted 08 contours from deut2614.krn
Extracted 08 contours from deut2615.krn
Extracted 05 contours from deut2616.krn
Extracted 04 contours from deut2617.krn
Extracted 04 contours from deut2618.krn
Extracted 06 contours from deut2619.krn
Extracted 08 contours from deut2620.krn
Extracted 07 contours from deut2621.krn
Extracted 08 contours from deut2622.krn
Extracted 06 contours from deut2623.krn
Extracted 06 contours from deut2624.krn
Extracted 06 contours from deut2625.krn
Extracted 05 contours from deut2626.krn
Extracted 07 contours from deut2627.krn
Extracted 06 contours from deut2628.krn
Extracted 08 contours from deut2629.krn
Extracted 08 contours from deut2630.krn
Extracted 08 contours from deut2631.krn
Extracted 04 contours from deut2632.krn
Extracted 06 contours from deut2633.krn
Extracted 07 contours from deut2634.krn
Extracted 04 contours from deut2635.krn
Extracted 05 contours from deut2636.krn
Extracted 04 contours from deut2637.krn
Extracted 04 contours from deut2638.krn
Extracted 09 contours from deut2639.krn
Extracted 06 contours from deut2640.krn
Extracted 08 contours from deut2641.krn
Extracted 10 contours from deut2642.krn
Extracted 04 contours from deut2643.krn
Extracted 06 contours from deut2644.krn
Extracted 06 contours from deut2645.krn
Extracted 06 contours from deut2646.krn
Extracted 08 contours from deut2647.krn
Extracted 06 contours from deut2648.krn
Extracted 06 contours from deut2649.krn
Extracted 08 contours from deut2650.krn
Extracted 07 contours from deut2651.krn
Extracted 04 contours from deut2652.krn
Extracted 08 contours from deut2653.krn
Extracted 08 contours from deut2654.krn
Extracted 10 contours from deut2655.krn
Extracted 08 contours from deut2656.krn
Extracted 08 contours from deut2657.krn
Extracted 09 contours from deut2658.krn
Extracted 06 contours from deut2659.krn
Extracted 08 contours from deut2660.krn
Extracted 08 contours from deut2661.krn
Extracted 08 contours from deut2662.krn
Extracted 08 contours from deut2663.krn
Extracted 04 contours from deut2664.krn
Extracted 04 contours from deut2665.krn
Extracted 10 contours from deut2666.krn
Extracted 04 contours from deut2667.krn
Extracted 05 contours from deut2668.krn
Extracted 04 contours from deut2669.krn
Extracted 06 contours from deut2670.krn
Extracted 06 contours from deut2671.krn
Extracted 05 contours from deut2672.krn
Extracted 06 contours from deut2673.krn
Extracted 04 contours from deut2674.krn
Extracted 10 contours from deut2675.krn
Extracted 08 contours from deut2676.krn
Extracted 08 contours from deut2677.krn
Extracted 08 contours from deut2678.krn
Extracted 06 contours from deut2679.krn
Extracted 13 contours from deut2680.krn
Extracted 04 contours from deut2681.krn
Extracted 05 contours from deut2682.krn
Extracted 06 contours from deut2683.krn
Extracted 04 contours from deut2684.krn
Extracted 05 contours from deut2685.krn
Extracted 05 contours from deut2686.krn
Extracted 08 contours from deut2687.krn
Extracted 10 contours from deut2688.krn
Extracted 09 contours from deut2689.krn
Extracted 06 contours from deut2690.krn
Extracted 04 contours from deut2691.krn
Extracted 09 contours from deut2692.krn
Extracted 09 contours from deut2693.krn
Extracted 08 contours from deut2694.krn
Extracted 05 contours from deut2695.krn
Extracted 05 contours from deut2696.krn
Extracted 07 contours from deut2697.krn
Extracted 12 contours from deut2698.krn
Extracted 09 contours from deut2699.krn
Extracted 20 contours from deut2700.krn
Extracted 04 contours from deut2701.krn
Extracted 04 contours from deut2702.krn
Extracted 06 contours from deut2703.krn
Extracted 06 contours from deut2704.krn
Extracted 08 contours from deut2705.krn
Extracted 08 contours from deut2706.krn
Extracted 04 contours from deut2707.krn
Extracted 06 contours from deut2708.krn
Extracted 08 contours from deut2709.krn
Extracted 08 contours from deut2710.krn
Extracted 09 contours from deut2711.krn
Extracted 08 contours from deut2712.krn
Extracted 04 contours from deut2713.krn
Extracted 08 contours from deut2714.krn
Extracted 04 contours from deut2715.krn
Extracted 08 contours from deut2716.krn
Extracted 08 contours from deut2717.krn
Extracted 04 contours from deut2718.krn
Extracted 10 contours from deut2719.krn
Extracted 05 contours from deut2720.krn
Extracted 05 contours from deut2721.krn
Extracted 07 contours from deut2722.krn
Extracted 07 contours from deut2723.krn
Extracted 05 contours from deut2724.krn
Extracted 06 contours from deut2725.krn
Extracted 12 contours from deut2726.krn
Extracted 08 contours from deut2727.krn
Extracted 08 contours from deut2728.krn
Extracted 07 contours from deut2729.krn
Extracted 10 contours from deut2730.krn
Extracted 10 contours from deut2731.krn
Extracted 08 contours from deut2732.krn
Extracted 10 contours from deut2733.krn
Extracted 04 contours from deut2734.krn
Extracted 06 contours from deut2735.krn
Extracted 08 contours from deut2736.krn
Extracted 08 contours from deut2737.krn
Extracted 10 contours from deut2738.krn
Extracted 08 contours from deut2739.krn
Extracted 08 contours from deut2740.krn
Extracted 08 contours from deut2741.krn
Extracted 07 contours from deut2742.krn
Extracted 12 contours from deut2743.krn
Extracted 10 contours from deut2744.krn
Extracted 06 contours from deut2745.krn
Extracted 06 contours from deut2746.krn
Extracted 04 contours from deut2747.krn
Extracted 07 contours from deut2748.krn
Extracted 08 contours from deut2749.krn
Extracted 08 contours from deut2750.krn
Extracted 06 contours from deut2751.krn
Extracted 08 contours from deut2752.krn
Extracted 08 contours from deut2753.krn
Extracted 08 contours from deut2754.krn
Extracted 10 contours from deut2755.krn
Extracted 10 contours from deut2756.krn
Extracted 08 contours from deut2757.krn
Extracted 08 contours from deut2758.krn
Extracted 09 contours from deut2759.krn
Extracted 06 contours from deut2760.krn
Extracted 10 contours from deut2761.krn
Extracted 10 contours from deut2762.krn
Extracted 08 contours from deut2763.krn
Extracted 06 contours from deut2764.krn
Extracted 09 contours from deut2765.krn
Extracted 08 contours from deut2766.krn
Extracted 09 contours from deut2767.krn
Extracted 08 contours from deut2768.krn
Extracted 04 contours from deut2769.krn
Extracted 08 contours from deut2770.krn
Extracted 08 contours from deut2771.krn
Extracted 08 contours from deut2772.krn
Extracted 07 contours from deut2773.krn
Extracted 04 contours from deut2774.krn
Extracted 09 contours from deut2775.krn
Extracted 08 contours from deut2776.krn
Extracted 05 contours from deut2777.krn
Extracted 06 contours from deut2778.krn
Extracted 12 contours from deut2779.krn
Extracted 06 contours from deut2780.krn
Extracted 08 contours from deut2781.krn
Extracted 04 contours from deut2782.krn
Extracted 09 contours from deut2783.krn
Extracted 04 contours from deut2784.krn
Extracted 08 contours from deut2785.krn
Extracted 08 contours from deut2786.krn
Extracted 10 contours from deut2787.krn
Extracted 14 contours from deut2788.krn
Extracted 06 contours from deut2789.krn
Extracted 06 contours from deut2790.krn
Extracted 07 contours from deut2791.krn
Extracted 04 contours from deut2792.krn
Extracted 06 contours from deut2793.krn
Extracted 08 contours from deut2794.krn
Extracted 10 contours from deut2795.krn
Extracted 08 contours from deut2796.krn
Extracted 14 contours from deut2797.krn
Extracted 08 contours from deut2798.krn
Extracted 05 contours from deut2799.krn
Extracted 06 contours from deut2800.krn
Extracted 05 contours from deut2801.krn
Extracted 09 contours from deut2802.krn
Extracted 04 contours from deut2803.krn
Extracted 10 contours from deut2804.krn
Extracted 04 contours from deut2805.krn
Extracted 05 contours from deut2806.krn
Extracted 04 contours from deut2807.krn
Extracted 04 contours from deut2808.krn
Extracted 08 contours from deut2809.krn
Extracted 08 contours from deut2810.krn
Extracted 08 contours from deut2811.krn
Extracted 06 contours from deut2812.krn
Extracted 06 contours from deut2813.krn
Extracted 05 contours from deut2814.krn
Extracted 08 contours from deut2815.krn
Extracted 08 contours from deut2816.krn
Extracted 06 contours from deut2817.krn
Extracted 06 contours from deut2818.krn
Extracted 04 contours from deut2819.krn
Extracted 04 contours from deut2820.krn
Extracted 08 contours from deut2821.krn
Extracted 06 contours from deut2822.krn
Extracted 06 contours from deut2823.krn
Extracted 04 contours from deut2824.krn
Extracted 06 contours from deut2825.krn
Extracted 06 contours from deut2826.krn
Extracted 06 contours from deut2827.krn
Extracted 04 contours from deut2828.krn
Extracted 04 contours from deut2829.krn
Extracted 06 contours from deut2830.krn
Extracted 06 contours from deut2831.krn
Extracted 06 contours from deut2832.krn
Extracted 06 contours from deut2833.krn
Extracted 04 contours from deut2834.krn
Extracted 04 contours from deut2835.krn
Extracted 04 contours from deut2836.krn
Extracted 04 contours from deut2837.krn
Extracted 08 contours from deut2838.krn
Extracted 06 contours from deut2839.krn
Extracted 07 contours from deut2840.krn
Extracted 08 contours from deut2841.krn
Extracted 08 contours from deut2842.krn
Extracted 04 contours from deut2843.krn
Extracted 08 contours from deut2844.krn
Extracted 09 contours from deut2845.krn
Extracted 04 contours from deut2846.krn
Extracted 08 contours from deut2847.krn
Extracted 07 contours from deut2848.krn
Extracted 06 contours from deut2849.krn
Extracted 04 contours from deut2850.krn
Extracted 04 contours from deut2851.krn
Extracted 04 contours from deut2852.krn
Extracted 04 contours from deut2853.krn
Extracted 07 contours from deut2854.krn
Extracted 04 contours from deut2855.krn
Extracted 06 contours from deut2856.krn
Extracted 04 contours from deut2857.krn
Extracted 04 contours from deut2858.krn
Extracted 05 contours from deut2859.krn
Extracted 08 contours from deut2860.krn
Extracted 04 contours from deut2861.krn
Extracted 04 contours from deut2862.krn
Extracted 08 contours from deut2863.krn
Extracted 08 contours from deut2864.krn
Extracted 05 contours from deut2865.krn
Extracted 06 contours from deut2866.krn
Extracted 09 contours from deut2867.krn
Extracted 14 contours from deut2868.krn
Extracted 12 contours from deut2869.krn
Extracted 08 contours from deut2870.krn
Extracted 09 contours from deut2871.krn
Extracted 08 contours from deut2872.krn
Extracted 09 contours from deut2873.krn
Extracted 08 contours from deut2874.krn
Extracted 08 contours from deut2875.krn
Extracted 10 contours from deut2876.krn
Extracted 05 contours from deut2877.krn
Extracted 12 contours from deut2878.krn
Extracted 04 contours from deut2879.krn
Extracted 10 contours from deut2880.krn
Extracted 16 contours from deut2881.krn
Extracted 10 contours from deut2882.krn
Extracted 05 contours from deut2883.krn
Extracted 14 contours from deut2884.krn
Extracted 04 contours from deut2885.krn
Extracted 06 contours from deut2886.krn
Extracted 05 contours from deut2887.krn
Extracted 05 contours from deut2888.krn
Extracted 08 contours from deut2889.krn
Extracted 10 contours from deut2890.krn
Extracted 08 contours from deut2891.krn
Extracted 08 contours from deut2892.krn
Extracted 08 contours from deut2893.krn
Extracted 10 contours from deut2894.krn
Extracted 10 contours from deut2895.krn
Extracted 08 contours from deut2896.krn
Extracted 05 contours from deut2897.krn
Extracted 06 contours from deut2898.krn
Extracted 07 contours from deut2899.krn
Extracted 08 contours from deut2900.krn
Extracted 14 contours from deut2901.krn
Extracted 04 contours from deut2902.krn
Extracted 08 contours from deut2903.krn
Extracted 10 contours from deut2904.krn
Extracted 09 contours from deut2905.krn
Extracted 06 contours from deut2906.krn
Extracted 06 contours from deut2907.krn
Extracted 12 contours from deut2908.krn
Extracted 08 contours from deut2909.krn
Extracted 06 contours from deut2910.krn
Extracted 06 contours from deut2911.krn
Extracted 08 contours from deut2912.krn
Extracted 08 contours from deut2913.krn
Extracted 08 contours from deut2914.krn
Extracted 08 contours from deut2915.krn
Extracted 08 contours from deut2916.krn
Extracted 11 contours from deut2917.krn
Extracted 08 contours from deut2918.krn
Extracted 08 contours from deut2919.krn
Extracted 08 contours from deut2920.krn
Extracted 06 contours from deut2921.krn
Extracted 08 contours from deut2922.krn
Extracted 04 contours from deut2923.krn
Extracted 08 contours from deut2924.krn
Extracted 12 contours from deut2925.krn
Extracted 04 contours from deut2926.krn
Extracted 07 contours from deut2927.krn
Extracted 06 contours from deut2928.krn
Extracted 06 contours from deut2929.krn
Extracted 06 contours from deut2930.krn
Extracted 09 contours from deut2931.krn
Extracted 04 contours from deut2932.krn
Extracted 06 contours from deut2933.krn
Extracted 08 contours from deut2934.krn
Extracted 08 contours from deut2935.krn
Extracted 07 contours from deut2936.krn
Extracted 04 contours from deut2937.krn
Extracted 04 contours from deut2938.krn
Extracted 06 contours from deut2939.krn
Extracted 06 contours from deut2940.krn
Extracted 06 contours from deut2941.krn
Extracted 06 contours from deut2942.krn
Extracted 08 contours from deut2943.krn
Extracted 07 contours from deut2944.krn
Extracted 06 contours from deut2945.krn
Extracted 06 contours from deut2946.krn
Extracted 04 contours from deut2947.krn
Extracted 08 contours from deut2948.krn
Extracted 06 contours from deut2949.krn
Extracted 06 contours from deut2950.krn
Extracted 04 contours from deut2951.krn
Extracted 06 contours from deut2952.krn
Extracted 04 contours from deut2953.krn
Extracted 04 contours from deut2954.krn
Extracted 08 contours from deut2955.krn
Extracted 07 contours from deut2956.krn
Extracted 07 contours from deut2957.krn
Extracted 06 contours from deut2958.krn
Extracted 10 contours from deut2959.krn
Extracted 09 contours from deut2960.krn
Extracted 04 contours from deut2961.krn
Extracted 06 contours from deut2962.krn
Extracted 06 contours from deut2963.krn
Extracted 08 contours from deut2964.krn
Extracted 06 contours from deut2965.krn
Extracted 04 contours from deut2966.krn
Extracted 06 contours from deut2967.krn
Extracted 06 contours from deut2968.krn
Extracted 07 contours from deut2969.krn
Extracted 06 contours from deut2970.krn
Extracted 08 contours from deut2971.krn
Extracted 04 contours from deut2972.krn
Extracted 08 contours from deut2973.krn
Extracted 06 contours from deut2974.krn
Extracted 06 contours from deut2975.krn
Stored phrase contours to data/phrase-contours/boehme-phrase-contours.csv
md5 checksum: 65b2331687e05003ee78612403d30808
Extracting random contours with mean length lamb=8.34...
Extracted 11 contours from deut2272.krn
Extracted 09 contours from deut2273.krn
Extracted 09 contours from deut2274.krn
Extracted 06 contours from deut2275.krn
Extracted 08 contours from deut2276.krn
Extracted 04 contours from deut2277.krn
Extracted 02 contours from deut2278.krn
Extracted 03 contours from deut2279.krn
Extracted 06 contours from deut2280.krn
Extracted 04 contours from deut2281.krn
Extracted 05 contours from deut2282.krn
Extracted 03 contours from deut2283.krn
Extracted 11 contours from deut2284.krn
Extracted 04 contours from deut2285.krn
Extracted 07 contours from deut2286.krn
Extracted 04 contours from deut2287.krn
Extracted 09 contours from deut2288.krn
Extracted 12 contours from deut2289.krn
Extracted 12 contours from deut2290.krn
Extracted 08 contours from deut2291.krn
Extracted 07 contours from deut2292.krn
Extracted 06 contours from deut2293.krn
Extracted 07 contours from deut2294.krn
Extracted 10 contours from deut2295.krn
Extracted 05 contours from deut2296.krn
Extracted 05 contours from deut2297.krn
Extracted 07 contours from deut2298.krn
Extracted 02 contours from deut2299.krn
Extracted 13 contours from deut2300.krn
Extracted 10 contours from deut2301.krn
Extracted 08 contours from deut2302.krn
Extracted 09 contours from deut2303.krn
Extracted 06 contours from deut2304.krn
Extracted 06 contours from deut2305.krn
Extracted 05 contours from deut2306.krn
Extracted 06 contours from deut2307.krn
Extracted 04 contours from deut2308.krn
Extracted 07 contours from deut2309.krn
Extracted 07 contours from deut2310.krn
Extracted 09 contours from deut2311.krn
Extracted 02 contours from deut2312.krn
Extracted 07 contours from deut2313.krn
Extracted 12 contours from deut2314.krn
Extracted 07 contours from deut2315.krn
Extracted 03 contours from deut2316.krn
Extracted 04 contours from deut2317.krn
Extracted 08 contours from deut2318.krn
Extracted 03 contours from deut2319.krn
Extracted 12 contours from deut2320.krn
Extracted 11 contours from deut2321.krn
Extracted 13 contours from deut2322.krn
Extracted 05 contours from deut2323.krn
Extracted 07 contours from deut2324.krn
Extracted 07 contours from deut2325.krn
Extracted 10 contours from deut2326.krn
Extracted 07 contours from deut2327.krn
Extracted 02 contours from deut2328.krn
Extracted 04 contours from deut2329.krn
Extracted 16 contours from deut2330.krn
Extracted 06 contours from deut2331.krn
Extracted 08 contours from deut2332.krn
Extracted 05 contours from deut2333.krn
Extracted 08 contours from deut2334.krn
Extracted 06 contours from deut2335.krn
Extracted 10 contours from deut2336.krn
Extracted 06 contours from deut2337.krn
Extracted 07 contours from deut2338.krn
Extracted 08 contours from deut2339.krn
Extracted 15 contours from deut2340.krn
Extracted 11 contours from deut2341.krn
Extracted 10 contours from deut2342.krn
Skipping deut2343: ufunc 'nextafter' not supported for the input types, and the inputs could not be safely coerced to any supported types according to the casting rule ''safe''
Extracted 03 contours from deut2344.krn
Extracted 01 contours from deut2345.krn
Extracted 03 contours from deut2346.krn
Extracted 04 contours from deut2347.krn
Extracted 02 contours from deut2348.krn
Extracted 05 contours from deut2349.krn
Extracted 07 contours from deut2350.krn
Skipping deut2351: A contour should have at least three pitches
Extracted 05 contours from deut2352.krn
Extracted 04 contours from deut2353.krn
Extracted 05 contours from deut2354.krn
Extracted 05 contours from deut2355.krn
Extracted 05 contours from deut2356.krn
Extracted 04 contours from deut2357.krn
Extracted 06 contours from deut2358.krn
Extracted 08 contours from deut2359.krn
Extracted 09 contours from deut2360.krn
Extracted 07 contours from deut2361.krn
Extracted 08 contours from deut2362.krn
Extracted 10 contours from deut2363.krn
Extracted 05 contours from deut2364.krn
Extracted 02 contours from deut2365.krn
Extracted 03 contours from deut2366.krn
Extracted 02 contours from deut2367.krn
Extracted 03 contours from deut2368.krn
Extracted 08 contours from deut2369.krn
Extracted 03 contours from deut2370.krn
Extracted 05 contours from deut2371.krn
Extracted 04 contours from deut2372.krn
Extracted 06 contours from deut2373.krn
Extracted 06 contours from deut2374.krn
Extracted 03 contours from deut2375.krn
Extracted 03 contours from deut2376.krn
Extracted 03 contours from deut2377.krn
Extracted 04 contours from deut2378.krn
Extracted 09 contours from deut2379.krn
Extracted 04 contours from deut2380.krn
Extracted 07 contours from deut2381.krn
Extracted 09 contours from deut2382.krn
Extracted 08 contours from deut2383.krn
Extracted 03 contours from deut2384.krn
Extracted 03 contours from deut2385.krn
Extracted 08 contours from deut2386.krn
Extracted 07 contours from deut2387.krn
Extracted 06 contours from deut2388.krn
Extracted 03 contours from deut2389.krn
Extracted 05 contours from deut2390.krn
Extracted 06 contours from deut2391.krn
Extracted 04 contours from deut2392.krn
Extracted 02 contours from deut2393.krn
Extracted 04 contours from deut2394.krn
Extracted 07 contours from deut2395.krn
Extracted 07 contours from deut2396.krn
Extracted 05 contours from deut2397.krn
Extracted 07 contours from deut2398.krn
Extracted 07 contours from deut2399.krn
Extracted 06 contours from deut2400.krn
Extracted 08 contours from deut2401.krn
Extracted 06 contours from deut2402.krn
Extracted 05 contours from deut2403.krn
Extracted 06 contours from deut2404.krn
Extracted 09 contours from deut2405.krn
Extracted 05 contours from deut2406.krn
Extracted 08 contours from deut2407.krn
Extracted 08 contours from deut2408.krn
Extracted 05 contours from deut2409.krn
Extracted 05 contours from deut2410.krn
Extracted 05 contours from deut2411.krn
Extracted 02 contours from deut2412.krn
Extracted 04 contours from deut2413.krn
Extracted 03 contours from deut2414.krn
Extracted 03 contours from deut2415.krn
Extracted 04 contours from deut2416.krn
Extracted 05 contours from deut2417.krn
Extracted 05 contours from deut2418.krn
Extracted 08 contours from deut2419.krn
Extracted 05 contours from deut2420.krn
Extracted 10 contours from deut2421.krn
Extracted 06 contours from deut2422.krn
Extracted 04 contours from deut2423.krn
Extracted 06 contours from deut2424.krn
Extracted 12 contours from deut2425.krn
Extracted 04 contours from deut2426.krn
Extracted 05 contours from deut2427.krn
Extracted 04 contours from deut2428.krn
Extracted 05 contours from deut2429.krn
Extracted 06 contours from deut2430.krn
Extracted 04 contours from deut2431.krn
Extracted 08 contours from deut2432.krn
Extracted 07 contours from deut2433.krn
Extracted 06 contours from deut2434.krn
Extracted 04 contours from deut2435.krn
Extracted 03 contours from deut2436.krn
Extracted 02 contours from deut2437.krn
Extracted 05 contours from deut2438.krn
Extracted 04 contours from deut2439.krn
Extracted 04 contours from deut2440.krn
Extracted 03 contours from deut2441.krn
Extracted 04 contours from deut2442.krn
Extracted 07 contours from deut2443.krn
Extracted 04 contours from deut2444.krn
Extracted 05 contours from deut2445.krn
Extracted 06 contours from deut2446.krn
Extracted 04 contours from deut2447.krn
Extracted 05 contours from deut2448.krn
Extracted 05 contours from deut2449.krn
Extracted 04 contours from deut2450.krn
Extracted 02 contours from deut2451.krn
Extracted 04 contours from deut2452.krn
Extracted 03 contours from deut2453.krn
Extracted 06 contours from deut2454.krn
Extracted 02 contours from deut2455.krn
Extracted 03 contours from deut2456.krn
Extracted 03 contours from deut2457.krn
Extracted 03 contours from deut2458.krn
Extracted 02 contours from deut2459.krn
Extracted 04 contours from deut2460.krn
Extracted 07 contours from deut2461.krn
Extracted 03 contours from deut2462.krn
Extracted 04 contours from deut2463.krn
Extracted 02 contours from deut2464.krn
Extracted 04 contours from deut2465.krn
Extracted 02 contours from deut2466.krn
Extracted 04 contours from deut2467.krn
Extracted 01 contours from deut2468.krn
Extracted 08 contours from deut2469.krn
Extracted 07 contours from deut2470.krn
Extracted 02 contours from deut2471.krn
Skipping deut2472: ufunc 'nextafter' not supported for the input types, and the inputs could not be safely coerced to any supported types according to the casting rule ''safe''
Extracted 03 contours from deut2473.krn
Extracted 05 contours from deut2474.krn
Extracted 03 contours from deut2475.krn
Extracted 04 contours from deut2476.krn
Extracted 02 contours from deut2477.krn
Extracted 02 contours from deut2478.krn
Extracted 10 contours from deut2479.krn
Extracted 09 contours from deut2480.krn
Extracted 04 contours from deut2481.krn
Extracted 04 contours from deut2482.krn
Extracted 10 contours from deut2483.krn
Extracted 09 contours from deut2484.krn
Extracted 06 contours from deut2485.krn
Extracted 05 contours from deut2486.krn
Extracted 08 contours from deut2487.krn
Extracted 12 contours from deut2488.krn
Extracted 03 contours from deut2489.krn
Extracted 03 contours from deut2490.krn
Extracted 02 contours from deut2491.krn
Skipping deut2492: ufunc 'nextafter' not supported for the input types, and the inputs could not be safely coerced to any supported types according to the casting rule ''safe''
Extracted 03 contours from deut2493.krn
Extracted 06 contours from deut2494.krn
Extracted 07 contours from deut2495.krn
Extracted 05 contours from deut2496.krn
Extracted 13 contours from deut2497.krn
Extracted 04 contours from deut2498.krn
Extracted 04 contours from deut2499.krn
Extracted 06 contours from deut2500.krn
Extracted 10 contours from deut2501.krn
Extracted 04 contours from deut2502.krn
Extracted 08 contours from deut2503.krn
Extracted 09 contours from deut2504.krn
Extracted 09 contours from deut2505.krn
Extracted 05 contours from deut2506.krn
Extracted 05 contours from deut2507.krn
Extracted 03 contours from deut2508.krn
Extracted 03 contours from deut2509.krn
Extracted 05 contours from deut2510.krn
Extracted 04 contours from deut2511.krn
Extracted 04 contours from deut2512.krn
Extracted 03 contours from deut2513.krn
Extracted 06 contours from deut2514.krn
Extracted 03 contours from deut2515.krn
Extracted 12 contours from deut2516.krn
Extracted 04 contours from deut2517.krn
Extracted 04 contours from deut2518.krn
Extracted 10 contours from deut2519.krn
Extracted 16 contours from deut2520.krn
Extracted 08 contours from deut2521.krn
Extracted 04 contours from deut2522.krn
Extracted 06 contours from deut2523.krn
Extracted 07 contours from deut2524.krn
Extracted 05 contours from deut2525.krn
Extracted 05 contours from deut2526.krn
Extracted 07 contours from deut2527.krn
Extracted 05 contours from deut2528.krn
Extracted 04 contours from deut2529.krn
Extracted 04 contours from deut2530.krn
Extracted 03 contours from deut2531.krn
Extracted 09 contours from deut2532.krn
Extracted 04 contours from deut2533.krn
Extracted 06 contours from deut2534.krn
Extracted 06 contours from deut2535.krn
Extracted 14 contours from deut2536.krn
Extracted 10 contours from deut2537.krn
Extracted 08 contours from deut2538.krn
Extracted 09 contours from deut2539.krn
Extracted 04 contours from deut2540.krn
Extracted 09 contours from deut2541.krn
Skipping deut2542: A contour should have at least three pitches
Extracted 07 contours from deut2543.krn
Extracted 06 contours from deut2544.krn
Extracted 05 contours from deut2545.krn
Extracted 07 contours from deut2546.krn
Extracted 03 contours from deut2547.krn
Extracted 06 contours from deut2548.krn
Extracted 06 contours from deut2549.krn
Extracted 07 contours from deut2550.krn
Extracted 04 contours from deut2551.krn
Extracted 07 contours from deut2552.krn
Extracted 06 contours from deut2553.krn
Extracted 06 contours from deut2554.krn
Extracted 10 contours from deut2555.krn
Extracted 09 contours from deut2556.krn
Extracted 08 contours from deut2557.krn
Extracted 02 contours from deut2558.krn
Extracted 11 contours from deut2559.krn
Extracted 05 contours from deut2560.krn
Extracted 07 contours from deut2561.krn
Extracted 13 contours from deut2562.krn
Extracted 09 contours from deut2563.krn
Extracted 04 contours from deut2564.krn
Extracted 10 contours from deut2565.krn
Extracted 02 contours from deut2566.krn
Extracted 07 contours from deut2567.krn
Extracted 06 contours from deut2568.krn
Extracted 04 contours from deut2569.krn
Skipping deut2570: ufunc 'nextafter' not supported for the input types, and the inputs could not be safely coerced to any supported types according to the casting rule ''safe''
Extracted 08 contours from deut2571.krn
Extracted 07 contours from deut2572.krn
Extracted 07 contours from deut2573.krn
Extracted 05 contours from deut2574.krn
Extracted 11 contours from deut2575.krn
Extracted 04 contours from deut2576.krn
Extracted 04 contours from deut2577.krn
Extracted 04 contours from deut2578.krn
Extracted 05 contours from deut2579.krn
Extracted 03 contours from deut2580.krn
Extracted 05 contours from deut2581.krn
Extracted 06 contours from deut2582.krn
Extracted 05 contours from deut2583.krn
Extracted 06 contours from deut2584.krn
Extracted 06 contours from deut2585.krn
Extracted 06 contours from deut2586.krn
Extracted 02 contours from deut2587.krn
Extracted 07 contours from deut2588.krn
Extracted 03 contours from deut2589.krn
Extracted 02 contours from deut2590.krn
Extracted 09 contours from deut2591.krn
Extracted 05 contours from deut2592.krn
Extracted 06 contours from deut2593.krn
Extracted 03 contours from deut2594.krn
Extracted 03 contours from deut2595.krn
Extracted 08 contours from deut2596.krn
Extracted 03 contours from deut2597.krn
Extracted 05 contours from deut2598.krn
Extracted 08 contours from deut2599.krn
Extracted 02 contours from deut2600.krn
Extracted 01 contours from deut2601.krn
Extracted 05 contours from deut2602.krn
Extracted 08 contours from deut2603.krn
Skipping deut2604: ufunc 'nextafter' not supported for the input types, and the inputs could not be safely coerced to any supported types according to the casting rule ''safe''
Extracted 03 contours from deut2605.krn
Extracted 06 contours from deut2606.krn
Extracted 06 contours from deut2607.krn
Extracted 07 contours from deut2608.krn
Extracted 10 contours from deut2609.krn
Extracted 03 contours from deut2610.krn
Extracted 03 contours from deut2611.krn
Extracted 04 contours from deut2612.krn
Extracted 06 contours from deut2613.krn
Extracted 05 contours from deut2614.krn
Extracted 06 contours from deut2615.krn
Extracted 03 contours from deut2616.krn
Extracted 03 contours from deut2617.krn
Extracted 03 contours from deut2618.krn
Extracted 08 contours from deut2619.krn
Extracted 07 contours from deut2620.krn
Extracted 09 contours from deut2621.krn
Extracted 07 contours from deut2622.krn
Extracted 06 contours from deut2623.krn
Extracted 07 contours from deut2624.krn
Extracted 05 contours from deut2625.krn
Extracted 04 contours from deut2626.krn
Extracted 04 contours from deut2627.krn
Extracted 06 contours from deut2628.krn
Extracted 09 contours from deut2629.krn
Extracted 08 contours from deut2630.krn
Extracted 08 contours from deut2631.krn
Extracted 03 contours from deut2632.krn
Extracted 06 contours from deut2633.krn
Extracted 06 contours from deut2634.krn
Extracted 02 contours from deut2635.krn
Extracted 03 contours from deut2636.krn
Extracted 01 contours from deut2637.krn
Extracted 02 contours from deut2638.krn
Extracted 09 contours from deut2639.krn
Extracted 06 contours from deut2640.krn
Extracted 13 contours from deut2641.krn
Extracted 14 contours from deut2642.krn
Extracted 04 contours from deut2643.krn
Extracted 04 contours from deut2644.krn
Extracted 05 contours from deut2645.krn
Extracted 08 contours from deut2646.krn
Extracted 06 contours from deut2647.krn
Extracted 06 contours from deut2648.krn
Extracted 06 contours from deut2649.krn
Extracted 09 contours from deut2650.krn
Extracted 10 contours from deut2651.krn
Extracted 01 contours from deut2652.krn
Extracted 06 contours from deut2653.krn
Extracted 04 contours from deut2654.krn
Extracted 07 contours from deut2655.krn
Extracted 08 contours from deut2656.krn
Extracted 07 contours from deut2657.krn
Extracted 05 contours from deut2658.krn
Extracted 05 contours from deut2659.krn
Skipping deut2660: A contour should have at least three pitches
Extracted 09 contours from deut2661.krn
Extracted 09 contours from deut2662.krn
Extracted 10 contours from deut2663.krn
Extracted 03 contours from deut2664.krn
Extracted 03 contours from deut2665.krn
Extracted 12 contours from deut2666.krn
Extracted 05 contours from deut2667.krn
Extracted 02 contours from deut2668.krn
Extracted 04 contours from deut2669.krn
Extracted 05 contours from deut2670.krn
Extracted 07 contours from deut2671.krn
Extracted 05 contours from deut2672.krn
Extracted 05 contours from deut2673.krn
Extracted 01 contours from deut2674.krn
Extracted 07 contours from deut2675.krn
Extracted 09 contours from deut2676.krn
Extracted 08 contours from deut2677.krn
Extracted 06 contours from deut2678.krn
Extracted 05 contours from deut2679.krn
Extracted 08 contours from deut2680.krn
Extracted 02 contours from deut2681.krn
Extracted 03 contours from deut2682.krn
Extracted 05 contours from deut2683.krn
Extracted 03 contours from deut2684.krn
Extracted 06 contours from deut2685.krn
Extracted 04 contours from deut2686.krn
Extracted 09 contours from deut2687.krn
Extracted 13 contours from deut2688.krn
Extracted 08 contours from deut2689.krn
Extracted 06 contours from deut2690.krn
Extracted 04 contours from deut2691.krn
Extracted 08 contours from deut2692.krn
Extracted 10 contours from deut2693.krn
Extracted 06 contours from deut2694.krn
Extracted 04 contours from deut2695.krn
Extracted 03 contours from deut2696.krn
Extracted 06 contours from deut2697.krn
Extracted 12 contours from deut2698.krn
Extracted 09 contours from deut2699.krn
Extracted 18 contours from deut2700.krn
Extracted 03 contours from deut2701.krn
Extracted 03 contours from deut2702.krn
Extracted 07 contours from deut2703.krn
Extracted 05 contours from deut2704.krn
Extracted 08 contours from deut2705.krn
Extracted 05 contours from deut2706.krn
Extracted 01 contours from deut2707.krn
Extracted 04 contours from deut2708.krn
Extracted 06 contours from deut2709.krn
Extracted 06 contours from deut2710.krn
Extracted 07 contours from deut2711.krn
Extracted 08 contours from deut2712.krn
Extracted 03 contours from deut2713.krn
Extracted 06 contours from deut2714.krn
Extracted 02 contours from deut2715.krn
Extracted 05 contours from deut2716.krn
Extracted 06 contours from deut2717.krn
Extracted 03 contours from deut2718.krn
Extracted 07 contours from deut2719.krn
Extracted 04 contours from deut2720.krn
Extracted 03 contours from deut2721.krn
Skipping deut2722: ufunc 'nextafter' not supported for the input types, and the inputs could not be safely coerced to any supported types according to the casting rule ''safe''
Extracted 09 contours from deut2723.krn
Extracted 03 contours from deut2724.krn
Extracted 04 contours from deut2725.krn
Extracted 11 contours from deut2726.krn
Extracted 05 contours from deut2727.krn
Extracted 04 contours from deut2728.krn
Extracted 07 contours from deut2729.krn
Extracted 07 contours from deut2730.krn
Extracted 08 contours from deut2731.krn
Extracted 07 contours from deut2732.krn
Skipping deut2733: ufunc 'nextafter' not supported for the input types, and the inputs could not be safely coerced to any supported types according to the casting rule ''safe''
Extracted 03 contours from deut2734.krn
Extracted 07 contours from deut2735.krn
Extracted 06 contours from deut2736.krn
Extracted 04 contours from deut2737.krn
Extracted 11 contours from deut2738.krn
Extracted 10 contours from deut2739.krn
Extracted 07 contours from deut2740.krn
Extracted 11 contours from deut2741.krn
Extracted 03 contours from deut2742.krn
Extracted 07 contours from deut2743.krn
Extracted 11 contours from deut2744.krn
Extracted 05 contours from deut2745.krn
Extracted 06 contours from deut2746.krn
Extracted 02 contours from deut2747.krn
Extracted 05 contours from deut2748.krn
Extracted 08 contours from deut2749.krn
Extracted 07 contours from deut2750.krn
Extracted 04 contours from deut2751.krn
Extracted 09 contours from deut2752.krn
Extracted 06 contours from deut2753.krn
Extracted 08 contours from deut2754.krn
Extracted 06 contours from deut2755.krn
Extracted 07 contours from deut2756.krn
Extracted 08 contours from deut2757.krn
Extracted 07 contours from deut2758.krn
Extracted 08 contours from deut2759.krn
Extracted 06 contours from deut2760.krn
Extracted 10 contours from deut2761.krn
Extracted 08 contours from deut2762.krn
Extracted 08 contours from deut2763.krn
Extracted 04 contours from deut2764.krn
Extracted 09 contours from deut2765.krn
Extracted 07 contours from deut2766.krn
Extracted 10 contours from deut2767.krn
Extracted 07 contours from deut2768.krn
Extracted 03 contours from deut2769.krn
Extracted 09 contours from deut2770.krn
Skipping deut2771: ufunc 'nextafter' not supported for the input types, and the inputs could not be safely coerced to any supported types according to the casting rule ''safe''
Extracted 08 contours from deut2772.krn
Extracted 06 contours from deut2773.krn
Extracted 02 contours from deut2774.krn
Extracted 09 contours from deut2775.krn
Extracted 08 contours from deut2776.krn
Extracted 04 contours from deut2777.krn
Extracted 05 contours from deut2778.krn
Extracted 13 contours from deut2779.krn
Extracted 04 contours from deut2780.krn
Extracted 07 contours from deut2781.krn
Extracted 04 contours from deut2782.krn
Extracted 10 contours from deut2783.krn
Extracted 02 contours from deut2784.krn
Extracted 05 contours from deut2785.krn
Extracted 06 contours from deut2786.krn
Extracted 09 contours from deut2787.krn
Extracted 16 contours from deut2788.krn
Extracted 03 contours from deut2789.krn
Extracted 05 contours from deut2790.krn
Extracted 07 contours from deut2791.krn
Extracted 04 contours from deut2792.krn
Extracted 04 contours from deut2793.krn
Extracted 11 contours from deut2794.krn
Extracted 06 contours from deut2795.krn
Extracted 06 contours from deut2796.krn
Extracted 09 contours from deut2797.krn
Extracted 05 contours from deut2798.krn
Extracted 02 contours from deut2799.krn
Extracted 04 contours from deut2800.krn
Extracted 03 contours from deut2801.krn
Extracted 06 contours from deut2802.krn
Extracted 02 contours from deut2803.krn
Extracted 08 contours from deut2804.krn
Extracted 02 contours from deut2805.krn
Extracted 01 contours from deut2806.krn
Extracted 05 contours from deut2807.krn
Extracted 03 contours from deut2808.krn
Extracted 06 contours from deut2809.krn
Extracted 06 contours from deut2810.krn
Extracted 07 contours from deut2811.krn
Extracted 04 contours from deut2812.krn
Extracted 02 contours from deut2813.krn
Extracted 02 contours from deut2814.krn
Extracted 05 contours from deut2815.krn
Extracted 06 contours from deut2816.krn
Extracted 03 contours from deut2817.krn
Extracted 04 contours from deut2818.krn
Extracted 01 contours from deut2819.krn
Extracted 03 contours from deut2820.krn
Extracted 10 contours from deut2821.krn
Extracted 02 contours from deut2822.krn
Extracted 03 contours from deut2823.krn
Extracted 01 contours from deut2824.krn
Extracted 02 contours from deut2825.krn
Extracted 05 contours from deut2826.krn
Extracted 04 contours from deut2827.krn
Extracted 03 contours from deut2828.krn
Extracted 01 contours from deut2829.krn
Extracted 04 contours from deut2830.krn
Extracted 05 contours from deut2831.krn
Extracted 04 contours from deut2832.krn
Extracted 06 contours from deut2833.krn
Extracted 02 contours from deut2834.krn
Extracted 02 contours from deut2835.krn
Extracted 03 contours from deut2836.krn
Extracted 03 contours from deut2837.krn
Extracted 06 contours from deut2838.krn
Extracted 08 contours from deut2839.krn
Extracted 07 contours from deut2840.krn
Extracted 05 contours from deut2841.krn
Extracted 09 contours from deut2842.krn
Extracted 02 contours from deut2843.krn
Extracted 07 contours from deut2844.krn
Extracted 11 contours from deut2845.krn
Extracted 03 contours from deut2846.krn
Extracted 09 contours from deut2847.krn
Extracted 08 contours from deut2848.krn
Extracted 03 contours from deut2849.krn
Extracted 02 contours from deut2850.krn
Extracted 02 contours from deut2851.krn
Extracted 06 contours from deut2852.krn
Extracted 05 contours from deut2853.krn
Extracted 07 contours from deut2854.krn
Extracted 03 contours from deut2855.krn
Extracted 03 contours from deut2856.krn
Extracted 05 contours from deut2857.krn
Extracted 03 contours from deut2858.krn
Extracted 03 contours from deut2859.krn
Extracted 07 contours from deut2860.krn
Extracted 04 contours from deut2861.krn
Extracted 04 contours from deut2862.krn
Extracted 07 contours from deut2863.krn
Extracted 08 contours from deut2864.krn
Extracted 03 contours from deut2865.krn
Extracted 07 contours from deut2866.krn
Extracted 06 contours from deut2867.krn
Extracted 10 contours from deut2868.krn
Extracted 09 contours from deut2869.krn
Extracted 06 contours from deut2870.krn
Extracted 07 contours from deut2871.krn
Extracted 06 contours from deut2872.krn
Extracted 07 contours from deut2873.krn
Extracted 05 contours from deut2874.krn
Extracted 07 contours from deut2875.krn
Extracted 10 contours from deut2876.krn
Extracted 03 contours from deut2877.krn
Extracted 07 contours from deut2878.krn
Extracted 01 contours from deut2879.krn
Extracted 11 contours from deut2880.krn
Extracted 12 contours from deut2881.krn
Extracted 09 contours from deut2882.krn
Extracted 05 contours from deut2883.krn
Extracted 09 contours from deut2884.krn
Extracted 04 contours from deut2885.krn
Extracted 05 contours from deut2886.krn
Extracted 06 contours from deut2887.krn
Extracted 04 contours from deut2888.krn
Extracted 06 contours from deut2889.krn
Extracted 04 contours from deut2890.krn
Extracted 09 contours from deut2891.krn
Skipping deut2892: A contour should have at least three pitches
Extracted 05 contours from deut2893.krn
Extracted 05 contours from deut2894.krn
Extracted 07 contours from deut2895.krn
Extracted 05 contours from deut2896.krn
Extracted 02 contours from deut2897.krn
Extracted 08 contours from deut2898.krn
Extracted 06 contours from deut2899.krn
Extracted 09 contours from deut2900.krn
Extracted 09 contours from deut2901.krn
Extracted 03 contours from deut2902.krn
Extracted 06 contours from deut2903.krn
Extracted 13 contours from deut2904.krn
Extracted 11 contours from deut2905.krn
Extracted 06 contours from deut2906.krn
Extracted 04 contours from deut2907.krn
Extracted 07 contours from deut2908.krn
Extracted 06 contours from deut2909.krn
Extracted 06 contours from deut2910.krn
Extracted 04 contours from deut2911.krn
Extracted 05 contours from deut2912.krn
Extracted 05 contours from deut2913.krn
Extracted 08 contours from deut2914.krn
Extracted 08 contours from deut2915.krn
Extracted 10 contours from deut2916.krn
Extracted 08 contours from deut2917.krn
Extracted 09 contours from deut2918.krn
Extracted 06 contours from deut2919.krn
Extracted 06 contours from deut2920.krn
Extracted 05 contours from deut2921.krn
Extracted 06 contours from deut2922.krn
Extracted 06 contours from deut2923.krn
Extracted 05 contours from deut2924.krn
Extracted 13 contours from deut2925.krn
Extracted 05 contours from deut2926.krn
Extracted 07 contours from deut2927.krn
Extracted 05 contours from deut2928.krn
Extracted 05 contours from deut2929.krn
Extracted 05 contours from deut2930.krn
Extracted 07 contours from deut2931.krn
Extracted 02 contours from deut2932.krn
Extracted 06 contours from deut2933.krn
Extracted 06 contours from deut2934.krn
Extracted 04 contours from deut2935.krn
Extracted 07 contours from deut2936.krn
Extracted 03 contours from deut2937.krn
Extracted 03 contours from deut2938.krn
Extracted 05 contours from deut2939.krn
Extracted 03 contours from deut2940.krn
Extracted 05 contours from deut2941.krn
Extracted 04 contours from deut2942.krn
Extracted 05 contours from deut2943.krn
Extracted 04 contours from deut2944.krn
Extracted 05 contours from deut2945.krn
Extracted 06 contours from deut2946.krn
Extracted 02 contours from deut2947.krn
Extracted 06 contours from deut2948.krn
Extracted 03 contours from deut2949.krn
Extracted 06 contours from deut2950.krn
Extracted 02 contours from deut2951.krn
Extracted 06 contours from deut2952.krn
Extracted 02 contours from deut2953.krn
Extracted 03 contours from deut2954.krn
Extracted 06 contours from deut2955.krn
Extracted 05 contours from deut2956.krn
Extracted 05 contours from deut2957.krn
Extracted 03 contours from deut2958.krn
Extracted 08 contours from deut2959.krn
Extracted 08 contours from deut2960.krn
Extracted 04 contours from deut2961.krn
Extracted 08 contours from deut2962.krn
Extracted 04 contours from deut2963.krn
Extracted 05 contours from deut2964.krn
Extracted 06 contours from deut2965.krn
Extracted 03 contours from deut2966.krn
Extracted 04 contours from deut2967.krn
Extracted 04 contours from deut2968.krn
Extracted 06 contours from deut2969.krn
Extracted 07 contours from deut2970.krn
Extracted 05 contours from deut2971.krn
Extracted 02 contours from deut2972.krn
Extracted 07 contours from deut2973.krn
Extracted 05 contours from deut2974.krn
Extracted 05 contours from deut2975.krn
Mean length of random phrases: 7.66...
Stored random contours to data/phrase-contours/boehme-random-contours.csv
md5 checksum: 43461ac14530387e235b223ee39c35e8
