Generating contour dataset: han
Extracting phrase contours...
Extracted 06 contours from han0001.krn
Extracted 06 contours from han0002.krn
Extracted 02 contours from han0003.krn
Extracted 05 contours from han0004.krn
Extracted 02 contours from han0005.krn
Extracted 02 contours from han0006.krn
Extracted 03 contours from han0007.krn
Extracted 02 contours from han0008.krn
Extracted 06 contours from han0009.krn
Extracted 02 contours from han0010.krn
Extracted 04 contours from han0011.krn
Extracted 02 contours from han0012.krn
Extracted 04 contours from han0013.krn
Extracted 06 contours from han0014.krn
Extracted 04 contours from han0015.krn
Extracted 04 contours from han0016.krn
Extracted 03 contours from han0017.krn
Extracted 02 contours from han0018.krn
Extracted 11 contours from han0019.krn
Extracted 05 contours from han0020.krn
Extracted 05 contours from han0021.krn
Extracted 04 contours from han0022.krn
Extracted 04 contours from han0023.krn
Extracted 04 contours from han0024.krn
Extracted 06 contours from han0025.krn
Extracted 10 contours from han0026.krn
Extracted 06 contours from han0027.krn
Extracted 04 contours from han0028.krn
Extracted 02 contours from han0029.krn
Extracted 03 contours from han0030.krn
Extracted 04 contours from han0031.krn
Extracted 04 contours from han0032.krn
Extracted 14 contours from han0033.krn
Extracted 04 contours from han0034.krn
Extracted 04 contours from han0035.krn
Extracted 02 contours from han0036.krn
Extracted 02 contours from han0037.krn
Extracted 03 contours from han0038.krn
Extracted 02 contours from han0039.krn
Extracted 07 contours from han0040.krn
Extracted 03 contours from han0041.krn
Extracted 06 contours from han0042.krn
Extracted 04 contours from han0043.krn
Extracted 02 contours from han0044.krn
Extracted 04 contours from han0045.krn
Extracted 03 contours from han0046.krn
Extracted 10 contours from han0047.krn
Skipping han0048: A contour should have at least three pitches
Extracted 02 contours from han0049.krn
Extracted 04 contours from han0050.krn
Extracted 04 contours from han0051.krn
Extracted 02 contours from han0052.krn
Extracted 02 contours from han0053.krn
Extracted 08 contours from han0054.krn
Extracted 05 contours from han0055.krn
Extracted 23 contours from han0056.krn
Extracted 04 contours from han0057.krn
Extracted 02 contours from han0058.krn
Extracted 02 contours from han0059.krn
Extracted 02 contours from han0060.krn
Extracted 04 contours from han0061.krn
Extracted 13 contours from han0062.krn
Extracted 04 contours from han0063.krn
Extracted 04 contours from han0064.krn
Extracted 04 contours from han0065.krn
Extracted 02 contours from han0066.krn
Extracted 04 contours from han0067.krn
Extracted 04 contours from han0068.krn
Extracted 03 contours from han0069.krn
Extracted 04 contours from han0070.krn
Extracted 02 contours from han0071.krn
Extracted 04 contours from han0072.krn
Extracted 02 contours from han0073.krn
Extracted 03 contours from han0074.krn
Extracted 02 contours from han0075.krn
Extracted 07 contours from han0076.krn
Extracted 02 contours from han0077.krn
Extracted 08 contours from han0078.krn
Extracted 05 contours from han0079.krn
Extracted 05 contours from han0080.krn
Extracted 21 contours from han0081.krn
Extracted 07 contours from han0082.krn
Extracted 05 contours from han0083.krn
Extracted 08 contours from han0084.krn
Extracted 08 contours from han0085.krn
Extracted 05 contours from han0086.krn
Extracted 20 contours from han0087.krn
Extracted 10 contours from han0088.krn
Extracted 05 contours from han0089.krn
Extracted 08 contours from han0090.krn
Extracted 08 contours from han0091.krn
Extracted 04 contours from han0092.krn
Extracted 04 contours from han0093.krn
Extracted 05 contours from han0094.krn
Extracted 02 contours from han0095.krn
Extracted 05 contours from han0096.krn
Extracted 03 contours from han0097.krn
Extracted 04 contours from han0098.krn
Extracted 15 contours from han0099.krn
Extracted 04 contours from han0100.krn
Extracted 03 contours from han0101.krn
Extracted 04 contours from han0102.krn
Extracted 06 contours from han0103.krn
Extracted 02 contours from han0104.krn
Extracted 07 contours from han0105.krn
Extracted 02 contours from han0106.krn
Extracted 14 contours from han0107.krn
Extracted 04 contours from han0108.krn
Extracted 04 contours from han0109.krn
Extracted 02 contours from han0110.krn
Extracted 06 contours from han0111.krn
Extracted 04 contours from han0112.krn
Extracted 06 contours from han0113.krn
Extracted 04 contours from han0114.krn
Extracted 08 contours from han0115.krn
Extracted 14 contours from han0116.krn
Extracted 08 contours from han0117.krn
Extracted 04 contours from han0118.krn
Extracted 04 contours from han0119.krn
Extracted 13 contours from han0120.krn
Extracted 14 contours from han0121.krn
Skipping han0122: A contour should have at least three pitches
Extracted 06 contours from han0123.krn
Extracted 07 contours from han0124.krn
Extracted 06 contours from han0125.krn
Extracted 22 contours from han0126.krn
Extracted 12 contours from han0127.krn
Extracted 07 contours from han0128.krn
Extracted 02 contours from han0129.krn
Extracted 06 contours from han0130.krn
Extracted 08 contours from han0131.krn
Extracted 06 contours from han0132.krn
Extracted 02 contours from han0133.krn
Extracted 13 contours from han0134.krn
Extracted 05 contours from han0135.krn
Extracted 03 contours from han0136.krn
Extracted 04 contours from han0137.krn
Extracted 04 contours from han0138.krn
Extracted 08 contours from han0139.krn
Extracted 07 contours from han0140.krn
Extracted 03 contours from han0141.krn
Extracted 15 contours from han0142.krn
Extracted 04 contours from han0143.krn
Extracted 04 contours from han0144.krn
Extracted 07 contours from han0145.krn
Extracted 03 contours from han0146.krn
Extracted 11 contours from han0147.krn
Extracted 04 contours from han0148.krn
Extracted 04 contours from han0149.krn
Extracted 20 contours from han0150.krn
Extracted 08 contours from han0151.krn
Extracted 07 contours from han0152.krn
Extracted 08 contours from han0153.krn
Extracted 03 contours from han0154.krn
Extracted 08 contours from han0155.krn
Extracted 04 contours from han0156.krn
Extracted 04 contours from han0157.krn
Extracted 10 contours from han0158.krn
Extracted 04 contours from han0159.krn
Extracted 05 contours from han0160.krn
Extracted 04 contours from han0161.krn
Extracted 04 contours from han0162.krn
Extracted 04 contours from han0163.krn
Extracted 09 contours from han0164.krn
Extracted 02 contours from han0165.krn
Extracted 07 contours from han0166.krn
Extracted 07 contours from han0167.krn
Extracted 11 contours from han0168.krn
Extracted 27 contours from han0169.krn
Extracted 06 contours from han0170.krn
Extracted 07 contours from han0171.krn
Extracted 19 contours from han0172.krn
Extracted 05 contours from han0173.krn
Extracted 04 contours from han0174.krn
Extracted 21 contours from han0175.krn
Extracted 05 contours from han0176.krn
Extracted 06 contours from han0177.krn
Extracted 11 contours from han0178.krn
Extracted 07 contours from han0179.krn
Extracted 14 contours from han0180.krn
Extracted 08 contours from han0181.krn
Extracted 06 contours from han0182.krn
Extracted 04 contours from han0183.krn
Extracted 06 contours from han0184.krn
Extracted 04 contours from han0185.krn
Extracted 08 contours from han0186.krn
Extracted 06 contours from han0187.krn
Extracted 08 contours from han0188.krn
Extracted 14 contours from han0189.krn
Extracted 12 contours from han0190.krn
Extracted 24 contours from han0191.krn
Extracted 18 contours from han0192.krn
Extracted 15 contours from han0193.krn
Extracted 09 contours from han0194.krn
Extracted 11 contours from han0195.krn
Extracted 08 contours from han0196.krn
Extracted 04 contours from han0197.krn
Extracted 04 contours from han0198.krn
Extracted 13 contours from han0199.krn
Extracted 05 contours from han0200.krn
Extracted 05 contours from han0201.krn
Extracted 04 contours from han0202.krn
Extracted 03 contours from han0203.krn
Extracted 11 contours from han0204.krn
Extracted 04 contours from han0205.krn
Extracted 05 contours from han0206.krn
Extracted 04 contours from han0207.krn
Extracted 07 contours from han0208.krn
Extracted 05 contours from han0209.krn
Extracted 11 contours from han0210.krn
Extracted 04 contours from han0211.krn
Extracted 04 contours from han0212.krn
Extracted 02 contours from han0213.krn
Extracted 03 contours from han0214.krn
Extracted 08 contours from han0215.krn
Extracted 06 contours from han0216.krn
Extracted 18 contours from han0217.krn
Extracted 18 contours from han0218.krn
Extracted 14 contours from han0219.krn
Extracted 07 contours from han0220.krn
Extracted 06 contours from han0221.krn
Extracted 06 contours from han0222.krn
Extracted 03 contours from han0223.krn
Extracted 06 contours from han0224.krn
Extracted 04 contours from han0225.krn
Extracted 20 contours from han0226.krn
Extracted 05 contours from han0227.krn
Extracted 21 contours from han0228.krn
Extracted 04 contours from han0229.krn
Extracted 03 contours from han0230.krn
Extracted 05 contours from han0231.krn
Extracted 10 contours from han0232.krn
Extracted 04 contours from han0233.krn
Extracted 03 contours from han0234.krn
Extracted 03 contours from han0235.krn
Extracted 05 contours from han0236.krn
Extracted 05 contours from han0237.krn
Extracted 06 contours from han0238.krn
Extracted 11 contours from han0239.krn
Extracted 10 contours from han0240.krn
Extracted 02 contours from han0241.krn
Extracted 02 contours from han0242.krn
Extracted 07 contours from han0243.krn
Extracted 07 contours from han0244.krn
Extracted 04 contours from han0245.krn
Extracted 06 contours from han0246.krn
Extracted 08 contours from han0247.krn
Extracted 04 contours from han0248.krn
Extracted 02 contours from han0249.krn
Extracted 04 contours from han0250.krn
Extracted 10 contours from han0251.krn
Extracted 22 contours from han0252.krn
Extracted 04 contours from han0253.krn
Extracted 06 contours from han0254.krn
Extracted 06 contours from han0255.krn
Extracted 04 contours from han0256.krn
Extracted 04 contours from han0257.krn
Extracted 05 contours from han0258.krn
Extracted 06 contours from han0259.krn
Extracted 04 contours from han0260.krn
Extracted 03 contours from han0261.krn
Extracted 10 contours from han0262.krn
Extracted 10 contours from han0263.krn
Extracted 11 contours from han0264.krn
Extracted 07 contours from han0265.krn
Extracted 11 contours from han0266.krn
Skipping han0267: A contour should have at least three pitches
Extracted 04 contours from han0268.krn
Extracted 10 contours from han0269.krn
Extracted 11 contours from han0270.krn
Extracted 04 contours from han0271.krn
Extracted 04 contours from han0272.krn
Extracted 04 contours from han0273.krn
Extracted 08 contours from han0274.krn
Extracted 10 contours from han0275.krn
Extracted 07 contours from han0276.krn
Extracted 05 contours from han0277.krn
Extracted 05 contours from han0278.krn
Extracted 04 contours from han0279.krn
Extracted 06 contours from han0280.krn
Extracted 06 contours from han0281.krn
Extracted 08 contours from han0282.krn
Extracted 06 contours from han0283.krn
Extracted 06 contours from han0284.krn
Extracted 03 contours from han0285.krn
Extracted 02 contours from han0286.krn
Extracted 04 contours from han0287.krn
Extracted 12 contours from han0288.krn
Extracted 12 contours from han0289.krn
Extracted 10 contours from han0290.krn
Extracted 14 contours from han0291.krn
Extracted 20 contours from han0292.krn
Extracted 16 contours from han0293.krn
Extracted 21 contours from han0294.krn
Extracted 06 contours from han0295.krn
Extracted 12 contours from han0296.krn
Extracted 06 contours from han0297.krn
Extracted 03 contours from han0298.krn
Extracted 05 contours from han0299.krn
Extracted 03 contours from han0300.krn
Extracted 04 contours from han0301.krn
Extracted 04 contours from han0302.krn
Extracted 04 contours from han0303.krn
Extracted 11 contours from han0304.krn
Extracted 21 contours from han0305.krn
Extracted 21 contours from han0306.krn
Extracted 16 contours from han0307.krn
Extracted 06 contours from han0308.krn
Extracted 09 contours from han0309.krn
Extracted 06 contours from han0310.krn
Extracted 18 contours from han0311.krn
Extracted 22 contours from han0312.krn
Extracted 22 contours from han0313.krn
Extracted 24 contours from han0314.krn
Extracted 24 contours from han0315.krn
Extracted 08 contours from han0316.krn
Extracted 09 contours from han0317.krn
Extracted 03 contours from han0318.krn
Extracted 02 contours from han0319.krn
Extracted 04 contours from han0320.krn
Extracted 04 contours from han0321.krn
Extracted 04 contours from han0322.krn
Extracted 04 contours from han0323.krn
Extracted 04 contours from han0324.krn
Extracted 07 contours from han0325.krn
Extracted 16 contours from han0326.krn
Extracted 04 contours from han0327.krn
Extracted 04 contours from han0328.krn
Skipping han0329: A contour should have at least three pitches
Extracted 05 contours from han0330.krn
Extracted 07 contours from han0331.krn
Extracted 07 contours from han0332.krn
Extracted 10 contours from han0333.krn
Extracted 07 contours from han0334.krn
Extracted 08 contours from han0335.krn
Extracted 08 contours from han0336.krn
Extracted 10 contours from han0337.krn
Skipping han0338: A contour should have at least three pitches
Extracted 07 contours from han0339.krn
Extracted 04 contours from han0339b.krn
Extracted 05 contours from han0340.krn
Extracted 04 contours from han0340b.krn
Extracted 10 contours from han0341.krn
Extracted 05 contours from han0341b.krn
Extracted 05 contours from han0342.krn
Extracted 09 contours from han0342b.krn
Extracted 20 contours from han0343.krn
Extracted 07 contours from han0343b.krn
Extracted 03 contours from han0344.krn
Extracted 05 contours from han0344b.krn
Extracted 13 contours from han0345.krn
Extracted 09 contours from han0345b.krn
Extracted 02 contours from han0346.krn
Extracted 03 contours from han0346b.krn
Extracted 10 contours from han0347.krn
Extracted 06 contours from han0347b.krn
Extracted 03 contours from han0348.krn
Extracted 04 contours from han0348b.krn
Extracted 02 contours from han0349.krn
Extracted 07 contours from han0349b.krn
Extracted 04 contours from han0350.krn
Skipping han0350b: A contour should have at least three pitches
Extracted 02 contours from han0351.krn
Extracted 06 contours from han0351b.krn
Extracted 05 contours from han0352.krn
Extracted 04 contours from han0352b.krn
Extracted 03 contours from han0353.krn
Extracted 03 contours from han0353b.krn
Extracted 04 contours from han0354.krn
Extracted 05 contours from han0354b.krn
Extracted 06 contours from han0355.krn
Extracted 12 contours from han0355b.krn
Extracted 02 contours from han0356.krn
Extracted 05 contours from han0356b.krn
Extracted 04 contours from han0357.krn
Extracted 06 contours from han0357b.krn
Extracted 04 contours from han0358.krn
Extracted 02 contours from han0358b.krn
Extracted 04 contours from han0359.krn
Extracted 02 contours from han0359b.krn
Extracted 06 contours from han0360.krn
Extracted 07 contours from han0360b.krn
Extracted 04 contours from han0361.krn
Extracted 03 contours from han0361b.krn
Extracted 04 contours from han0362.krn
Extracted 06 contours from han0362b.krn
Extracted 04 contours from han0363.krn
Extracted 31 contours from han0363b.krn
Extracted 04 contours from han0364.krn
Extracted 04 contours from han0364b.krn
Extracted 06 contours from han0365.krn
Extracted 14 contours from han0365b.krn
Extracted 02 contours from han0366.krn
Extracted 03 contours from han0366b.krn
Extracted 05 contours from han0367.krn
Extracted 05 contours from han0367b.krn
Extracted 04 contours from han0368.krn
Extracted 02 contours from han0368b.krn
Extracted 04 contours from han0369.krn
Extracted 03 contours from han0370.krn
Extracted 13 contours from han0370b.krn
Extracted 04 contours from han0371.krn
Extracted 06 contours from han0371b.krn
Extracted 04 contours from han0372.krn
Extracted 17 contours from han0372b.krn
Extracted 05 contours from han0373.krn
Extracted 04 contours from han0373b.krn
Extracted 03 contours from han0374.krn
Extracted 05 contours from han0374b.krn
Extracted 06 contours from han0375.krn
Extracted 07 contours from han0375b.krn
Extracted 04 contours from han0376.krn
Extracted 10 contours from han0376b.krn
Extracted 08 contours from han0377.krn
Extracted 06 contours from han0377b.krn
Extracted 08 contours from han0378.krn
Extracted 02 contours from han0378b.krn
Extracted 05 contours from han0379.krn
Extracted 02 contours from han0379b.krn
Extracted 06 contours from han0380.krn
Extracted 06 contours from han0380b.krn
Extracted 02 contours from han0381.krn
Extracted 08 contours from han0381b.krn
Extracted 06 contours from han0382.krn
Extracted 02 contours from han0382b.krn
Extracted 06 contours from han0383.krn
Extracted 04 contours from han0383b.krn
Extracted 04 contours from han0384.krn
Extracted 04 contours from han0384b.krn
Extracted 05 contours from han0385.krn
Extracted 03 contours from han0385b.krn
Extracted 03 contours from han0386.krn
Extracted 03 contours from han0386b.krn
Extracted 02 contours from han0387.krn
Extracted 03 contours from han0387b.krn
Extracted 02 contours from han0388.krn
Extracted 02 contours from han0388b.krn
Extracted 16 contours from han0389.krn
Extracted 04 contours from han0389b.krn
Extracted 08 contours from han0390.krn
Extracted 04 contours from han0390b.krn
Extracted 03 contours from han0391.krn
Extracted 08 contours from han0391b.krn
Extracted 02 contours from han0392.krn
Extracted 09 contours from han0392b.krn
Extracted 07 contours from han0393.krn
Extracted 09 contours from han0393b.krn
Extracted 04 contours from han0394.krn
Extracted 02 contours from han0394b.krn
Extracted 03 contours from han0395.krn
Extracted 05 contours from han0395b.krn
Extracted 04 contours from han0396.krn
Extracted 04 contours from han0396b.krn
Extracted 02 contours from han0397.krn
Extracted 03 contours from han0397b.krn
Extracted 02 contours from han0398.krn
Extracted 04 contours from han0398b.krn
Extracted 04 contours from han0399.krn
Extracted 04 contours from han0399b.krn
Extracted 04 contours from han0400.krn
Extracted 04 contours from han0400b.krn
Extracted 03 contours from han0401.krn
Extracted 05 contours from han0401b.krn
Extracted 03 contours from han0402.krn
Extracted 07 contours from han0403.krn
Extracted 07 contours from han0404.krn
Extracted 02 contours from han0405.krn
Extracted 04 contours from han0406.krn
Extracted 04 contours from han0407.krn
Extracted 04 contours from han0408.krn
Extracted 04 contours from han0409.krn
Extracted 04 contours from han0410.krn
Extracted 02 contours from han0411.krn
Extracted 16 contours from han0412.krn
Extracted 03 contours from han0413.krn
Extracted 07 contours from han0414.krn
Extracted 16 contours from han0415.krn
Extracted 07 contours from han0416.krn
Extracted 04 contours from han0417.krn
Extracted 04 contours from han0418.krn
Extracted 10 contours from han0419.krn
Extracted 31 contours from han0420.krn
Extracted 07 contours from han0421.krn
Extracted 04 contours from han0422.krn
Extracted 04 contours from han0423.krn
Extracted 05 contours from han0424.krn
Extracted 05 contours from han0425.krn
Extracted 04 contours from han0426.krn
Extracted 07 contours from han0427.krn
Extracted 09 contours from han0428.krn
Extracted 04 contours from han0429.krn
Extracted 03 contours from han0430.krn
Extracted 06 contours from han0431.krn
Extracted 05 contours from han0432.krn
Extracted 08 contours from han0433.krn
Extracted 07 contours from han0434.krn
Extracted 16 contours from han0435.krn
Extracted 03 contours from han0436.krn
Extracted 06 contours from han0437.krn
Extracted 05 contours from han0438.krn
Extracted 04 contours from han0439.krn
Extracted 05 contours from han0440.krn
Extracted 05 contours from han0441.krn
Extracted 14 contours from han0442.krn
Extracted 06 contours from han0443.krn
Extracted 28 contours from han0444.krn
Extracted 08 contours from han0445.krn
Extracted 07 contours from han0446.krn
Extracted 04 contours from han0447.krn
Extracted 06 contours from han0448.krn
Extracted 08 contours from han0449.krn
Extracted 08 contours from han0450.krn
Extracted 04 contours from han0451.krn
Extracted 04 contours from han0452.krn
Extracted 10 contours from han0453.krn
Extracted 07 contours from han0454.krn
Extracted 04 contours from han0455.krn
Extracted 04 contours from han0456.krn
Extracted 08 contours from han0457.krn
Extracted 06 contours from han0458.krn
Extracted 12 contours from han0459.krn
Extracted 11 contours from han0460.krn
Extracted 05 contours from han0461.krn
Extracted 12 contours from han0462.krn
Extracted 03 contours from han0463.krn
Extracted 08 contours from han0464.krn
Extracted 06 contours from han0465.krn
Extracted 11 contours from han0466.krn
Extracted 05 contours from han0467.krn
Extracted 10 contours from han0468.krn
Extracted 09 contours from han0469.krn
Extracted 09 contours from han0470.krn
Extracted 16 contours from han0471.krn
Extracted 17 contours from han0472.krn
Extracted 07 contours from han0473.krn
Extracted 04 contours from han0474.krn
Extracted 10 contours from han0475.krn
Extracted 04 contours from han0476.krn
Extracted 04 contours from han0477.krn
Extracted 04 contours from han0478.krn
Extracted 05 contours from han0479.krn
Extracted 04 contours from han0480.krn
Extracted 04 contours from han0481.krn
Extracted 05 contours from han0482.krn
Extracted 04 contours from han0483.krn
Extracted 05 contours from han0484.krn
Extracted 04 contours from han0485.krn
Extracted 04 contours from han0486.krn
Skipping han0487: A contour should have at least three pitches
Extracted 08 contours from han0488.krn
Extracted 07 contours from han0489.krn
Extracted 06 contours from han0490.krn
Extracted 13 contours from han0491.krn
Extracted 03 contours from han0492.krn
Extracted 05 contours from han0493.krn
Extracted 04 contours from han0494.krn
Extracted 04 contours from han0495.krn
Extracted 05 contours from han0496.krn
Extracted 02 contours from han0497.krn
Extracted 04 contours from han0498.krn
Extracted 12 contours from han0499.krn
Extracted 04 contours from han0500.krn
Extracted 07 contours from han0501.krn
Extracted 08 contours from han0502.krn
Extracted 06 contours from han0503.krn
Extracted 10 contours from han0504.krn
Extracted 04 contours from han0505.krn
Extracted 19 contours from han0506.krn
Extracted 04 contours from han0507.krn
Extracted 04 contours from han0508.krn
Extracted 14 contours from han0509.krn
Extracted 08 contours from han0510.krn
Extracted 03 contours from han0511.krn
Extracted 04 contours from han0512.krn
Extracted 04 contours from han0513.krn
Extracted 07 contours from han0514.krn
Extracted 03 contours from han0515.krn
Extracted 04 contours from han0516.krn
Extracted 08 contours from han0517.krn
Extracted 21 contours from han0518.krn
Extracted 09 contours from han0519.krn
Extracted 08 contours from han0520.krn
Extracted 08 contours from han0521.krn
Extracted 04 contours from han0522.krn
Extracted 04 contours from han0523.krn
Extracted 02 contours from han0524.krn
Extracted 13 contours from han0525.krn
Extracted 18 contours from han0526.krn
Extracted 03 contours from han0527.krn
Extracted 04 contours from han0528.krn
Extracted 05 contours from han0529.krn
Extracted 04 contours from han0530.krn
Extracted 04 contours from han0531.krn
Extracted 04 contours from han0532.krn
Extracted 15 contours from han0533.krn
Extracted 06 contours from han0534.krn
Extracted 07 contours from han0535.krn
Extracted 04 contours from han0536.krn
Extracted 12 contours from han0537.krn
Extracted 10 contours from han0538.krn
Extracted 06 contours from han0539.krn
Extracted 11 contours from han0540.krn
Extracted 13 contours from han0541.krn
Extracted 03 contours from han0542.krn
Extracted 11 contours from han0543.krn
Extracted 17 contours from han0544.krn
Extracted 05 contours from han0545.krn
Extracted 08 contours from han0546.krn
Extracted 03 contours from han0547.krn
Extracted 03 contours from han0548.krn
Extracted 08 contours from han0549.krn
Extracted 05 contours from han0550.krn
Extracted 07 contours from han0551.krn
Extracted 07 contours from han0552.krn
Extracted 05 contours from han0553.krn
Extracted 06 contours from han0554.krn
Extracted 06 contours from han0555.krn
Extracted 09 contours from han0556.krn
Extracted 06 contours from han0557.krn
Extracted 11 contours from han0558.krn
Extracted 03 contours from han0559.krn
Extracted 04 contours from han0560.krn
Extracted 08 contours from han0561.krn
Extracted 04 contours from han0562.krn
Extracted 07 contours from han0563.krn
Extracted 15 contours from han0564.krn
Extracted 17 contours from han0565.krn
Extracted 06 contours from han0566.krn
Extracted 15 contours from han0567.krn
Extracted 29 contours from han0568.krn
Extracted 02 contours from han0569.krn
Extracted 06 contours from han0570.krn
Extracted 07 contours from han0571.krn
Extracted 04 contours from han0572.krn
Extracted 04 contours from han0573.krn
Extracted 13 contours from han0574.krn
Extracted 15 contours from han0575.krn
Extracted 04 contours from han0576.krn
Extracted 03 contours from han0577.krn
Extracted 10 contours from han0578.krn
Extracted 07 contours from han0579.krn
Extracted 11 contours from han0580.krn
Extracted 04 contours from han0581.krn
Extracted 04 contours from han0582.krn
Extracted 08 contours from han0583.krn
Extracted 06 contours from han0584.krn
Extracted 05 contours from han0585.krn
Skipping han0586: ufunc 'nextafter' not supported for the input types, and the inputs could not be safely coerced to any supported types according to the casting rule ''safe''
Extracted 08 contours from han0587.krn
Extracted 05 contours from han0588.krn
Extracted 02 contours from han0589.krn
Extracted 02 contours from han0590.krn
Extracted 07 contours from han0591.krn
Extracted 04 contours from han0592.krn
Extracted 04 contours from han0593.krn
Extracted 04 contours from han0594.krn
Extracted 08 contours from han0595.krn
Extracted 04 contours from han0596.krn
Extracted 05 contours from han0597.krn
Extracted 06 contours from han0598.krn
Extracted 10 contours from han0599.krn
Extracted 03 contours from han0600.krn
Extracted 04 contours from han0601.krn
Extracted 02 contours from han0602.krn
Extracted 10 contours from han0603.krn
Extracted 08 contours from han0604.krn
Extracted 07 contours from han0605.krn
Extracted 03 contours from han0606.krn
Extracted 10 contours from han0607.krn
Extracted 04 contours from han0608.krn
Extracted 06 contours from han0609.krn
Extracted 02 contours from han0610.krn
Extracted 04 contours from han0611.krn
Extracted 08 contours from han0612.krn
Extracted 03 contours from han0613.krn
Extracted 14 contours from han0614.krn
Extracted 05 contours from han0615.krn
Extracted 06 contours from han0616.krn
Extracted 04 contours from han0617.krn
Extracted 04 contours from han0618.krn
Extracted 04 contours from han0619.krn
Extracted 14 contours from han0620.krn
Extracted 04 contours from han0621.krn
Extracted 05 contours from han0622.krn
Extracted 09 contours from han0623.krn
Extracted 06 contours from han0624.krn
Extracted 08 contours from han0625.krn
Extracted 08 contours from han0626.krn
Extracted 05 contours from han0627.krn
Extracted 04 contours from han0628.krn
Extracted 03 contours from han0629.krn
Extracted 02 contours from han0630.krn
Extracted 06 contours from han0631.krn
Extracted 05 contours from han0632.krn
Extracted 03 contours from han0633.krn
Extracted 02 contours from han0634.krn
Extracted 03 contours from han0635.krn
Extracted 03 contours from han0636.krn
Extracted 08 contours from han0637.krn
Extracted 03 contours from han0638.krn
Extracted 16 contours from han0639.krn
Extracted 08 contours from han0640.krn
Extracted 14 contours from han0641.krn
Extracted 11 contours from han0642.krn
Extracted 11 contours from han0643.krn
Extracted 04 contours from han0644.krn
Extracted 06 contours from han0645.krn
Extracted 04 contours from han0646.krn
Extracted 15 contours from han0647.krn
Extracted 04 contours from han0648.krn
Extracted 09 contours from han0649.krn
Extracted 07 contours from han0650.krn
Extracted 02 contours from han0651.krn
Extracted 11 contours from han0652.krn
Extracted 05 contours from han0653.krn
Extracted 04 contours from han0654.krn
Extracted 13 contours from han0655.krn
Extracted 04 contours from han0656.krn
Extracted 03 contours from han0657.krn
Extracted 03 contours from han0658.krn
Extracted 05 contours from han0659.krn
Extracted 02 contours from han0660.krn
Extracted 13 contours from han0661.krn
Extracted 23 contours from han0662.krn
Extracted 15 contours from han0663.krn
Extracted 05 contours from han0664.krn
Extracted 05 contours from han0665.krn
Extracted 02 contours from han0666.krn
Extracted 02 contours from han0667.krn
Extracted 02 contours from han0668.krn
Extracted 05 contours from han0669.krn
Extracted 09 contours from han0670.krn
Extracted 04 contours from han0671.krn
Extracted 15 contours from han0672.krn
Extracted 04 contours from han0673.krn
Extracted 02 contours from han0674.krn
Extracted 04 contours from han0675.krn
Extracted 04 contours from han0676.krn
Extracted 04 contours from han0677.krn
Extracted 06 contours from han0678.krn
Extracted 05 contours from han0679.krn
Extracted 06 contours from han0680.krn
Extracted 04 contours from han0681.krn
Extracted 13 contours from han0682.krn
Extracted 03 contours from han0683.krn
Extracted 11 contours from han0684.krn
Extracted 06 contours from han0685.krn
Extracted 05 contours from han0686.krn
Extracted 04 contours from han0687.krn
Extracted 06 contours from han0688.krn
Extracted 06 contours from han0689.krn
Extracted 04 contours from han0690.krn
Extracted 09 contours from han0691.krn
Extracted 07 contours from han0692.krn
Extracted 10 contours from han0693.krn
Extracted 11 contours from han0694.krn
Extracted 05 contours from han0695.krn
Extracted 05 contours from han0696.krn
Extracted 04 contours from han0697.krn
Extracted 02 contours from han0698.krn
Extracted 04 contours from han0699.krn
Extracted 02 contours from han0700.krn
Extracted 06 contours from han0701.krn
Extracted 06 contours from han0702.krn
Extracted 03 contours from han0703.krn
Extracted 02 contours from han0704.krn
Extracted 06 contours from han0705.krn
Extracted 08 contours from han0706.krn
Extracted 04 contours from han0707.krn
Extracted 07 contours from han0708.krn
Extracted 03 contours from han0709.krn
Extracted 08 contours from han0710.krn
Extracted 05 contours from han0711.krn
Extracted 06 contours from han0712.krn
Extracted 07 contours from han0713.krn
Extracted 13 contours from han0714.krn
Extracted 07 contours from han0715.krn
Extracted 09 contours from han0716.krn
Skipping han0717: A contour should have at least three pitches
Extracted 08 contours from han0718.krn
Extracted 10 contours from han0719.krn
Extracted 04 contours from han0720.krn
Extracted 05 contours from han0721.krn
Extracted 06 contours from han0722.krn
Extracted 04 contours from han0723.krn
Extracted 11 contours from han0724.krn
Extracted 17 contours from han0725.krn
Extracted 04 contours from han0726.krn
Extracted 07 contours from han0727.krn
Extracted 01 contours from han0728.krn
Extracted 03 contours from han0729.krn
Extracted 07 contours from han0730.krn
Extracted 10 contours from han0731.krn
Extracted 03 contours from han0732.krn
Extracted 07 contours from han0733.krn
Extracted 05 contours from han0734.krn
Extracted 05 contours from han0735.krn
Extracted 05 contours from han0736.krn
Extracted 09 contours from han0737.krn
Extracted 02 contours from han0738.krn
Extracted 09 contours from han0739.krn
Extracted 04 contours from han0740.krn
Extracted 18 contours from han0741.krn
Extracted 07 contours from han0742.krn
Extracted 04 contours from han0743.krn
Extracted 14 contours from han0744.krn
Extracted 07 contours from han0745.krn
Extracted 08 contours from han0746.krn
Extracted 04 contours from han0747.krn
Extracted 05 contours from han0748.krn
Extracted 06 contours from han0749.krn
Extracted 05 contours from han0750.krn
Extracted 04 contours from han0751.krn
Extracted 07 contours from han0752.krn
Extracted 04 contours from han0753.krn
Extracted 03 contours from han0754.krn
Extracted 06 contours from han0755.krn
Extracted 04 contours from han0756.krn
Extracted 04 contours from han0757.krn
Extracted 08 contours from han0758.krn
Extracted 08 contours from han0759.krn
Extracted 04 contours from han0760.krn
Extracted 05 contours from han0761.krn
Extracted 08 contours from han0762.krn
Extracted 05 contours from han0763.krn
Extracted 07 contours from han0764.krn
Extracted 05 contours from han0765.krn
Extracted 10 contours from han0766.krn
Extracted 06 contours from han0767.krn
Extracted 03 contours from han0768.krn
Extracted 04 contours from han0769.krn
Extracted 16 contours from han0770.krn
Extracted 10 contours from han0771.krn
Extracted 06 contours from han0772.krn
Extracted 04 contours from han0773.krn
Extracted 07 contours from han0774.krn
Extracted 05 contours from han0775.krn
Extracted 16 contours from han0776.krn
Extracted 07 contours from han0777.krn
Extracted 04 contours from han0778.krn
Extracted 03 contours from han0779.krn
Extracted 07 contours from han0780.krn
Extracted 07 contours from han0781.krn
Extracted 10 contours from han0782.krn
Extracted 07 contours from han0783.krn
Extracted 04 contours from han0784.krn
Extracted 08 contours from han0785.krn
Extracted 11 contours from han0786.krn
Extracted 04 contours from han0787.krn
Extracted 04 contours from han0788.krn
Extracted 06 contours from han0789.krn
Extracted 07 contours from han0790.krn
Extracted 08 contours from han0791.krn
Extracted 05 contours from han0792.krn
Extracted 08 contours from han0793.krn
Extracted 05 contours from han0794.krn
Extracted 02 contours from han0795.krn
Extracted 05 contours from han0796.krn
Extracted 08 contours from han0797.krn
Extracted 02 contours from han0798.krn
Extracted 04 contours from han0799.krn
Skipping han0800: A contour should have at least three pitches
Extracted 04 contours from han0801.krn
Extracted 05 contours from han0802.krn
Extracted 02 contours from han0803.krn
Extracted 02 contours from han0804.krn
Extracted 03 contours from han0805.krn
Extracted 03 contours from han0806.krn
Extracted 04 contours from han0807.krn
Extracted 02 contours from han0808.krn
Extracted 03 contours from han0809.krn
Extracted 04 contours from han0810.krn
Extracted 04 contours from han0811.krn
Extracted 03 contours from han0812.krn
Extracted 03 contours from han0813.krn
Extracted 04 contours from han0814.krn
Extracted 02 contours from han0815.krn
Extracted 04 contours from han0816.krn
Extracted 03 contours from han0817.krn
Skipping han0818: A contour should have at least three pitches
Extracted 03 contours from han0819.krn
Extracted 02 contours from han0820.krn
Extracted 02 contours from han0821.krn
Extracted 04 contours from han0822.krn
Extracted 02 contours from han0823.krn
Extracted 02 contours from han0824.krn
Extracted 02 contours from han0825.krn
Extracted 04 contours from han0826.krn
Extracted 06 contours from han0827.krn
Skipping han0828: A contour should have at least three pitches
Extracted 03 contours from han0829.krn
Extracted 02 contours from han0830.krn
Extracted 02 contours from han0831.krn
Extracted 03 contours from han0832.krn
Extracted 03 contours from han0833.krn
Extracted 04 contours from han0834.krn
Extracted 05 contours from han0835.krn
Extracted 02 contours from han0836.krn
Extracted 02 contours from han0837.krn
Extracted 04 contours from han0838.krn
Extracted 02 contours from han0839.krn
Extracted 06 contours from han0840.krn
Extracted 04 contours from han0841.krn
Extracted 04 contours from han0842.krn
Extracted 04 contours from han0843.krn
Extracted 04 contours from han0844.krn
Extracted 08 contours from han0845.krn
Extracted 04 contours from han0846.krn
Extracted 03 contours from han0847.krn
Extracted 04 contours from han0848.krn
Extracted 05 contours from han0849.krn
Extracted 03 contours from han0850.krn
Extracted 02 contours from han0851.krn
Extracted 07 contours from han0852.krn
Extracted 08 contours from han0853.krn
Extracted 02 contours from han0854.krn
Extracted 02 contours from han0855.krn
Extracted 06 contours from han0856.krn
Extracted 03 contours from han0857.krn
Extracted 04 contours from han0858.krn
Extracted 08 contours from han0859.krn
Extracted 05 contours from han0860.krn
Extracted 06 contours from han0861.krn
Extracted 05 contours from han0862.krn
Extracted 04 contours from han0863.krn
Extracted 11 contours from han0864.krn
Extracted 08 contours from han0865.krn
Extracted 04 contours from han0866.krn
Extracted 16 contours from han0867.krn
Extracted 04 contours from han0868.krn
Extracted 03 contours from han0869.krn
Extracted 04 contours from han0870.krn
Extracted 04 contours from han0871.krn
Extracted 03 contours from han0872.krn
Extracted 05 contours from han0873.krn
Extracted 02 contours from han0874.krn
Extracted 02 contours from han0875.krn
Extracted 08 contours from han0876.krn
Extracted 06 contours from han0877.krn
Extracted 05 contours from han0878.krn
Extracted 14 contours from han0879.krn
Extracted 07 contours from han0880.krn
Extracted 08 contours from han0881.krn
Extracted 03 contours from han0882.krn
Extracted 04 contours from han0883.krn
Extracted 10 contours from han0884.krn
Extracted 07 contours from han0885.krn
Extracted 05 contours from han0886.krn
Extracted 08 contours from han0887.krn
Extracted 16 contours from han0888.krn
Extracted 09 contours from han0889.krn
Extracted 05 contours from han0890.krn
Extracted 06 contours from han0891.krn
Skipping han0892: list index out of range
Extracted 08 contours from han0893.krn
Extracted 05 contours from han0894.krn
Extracted 09 contours from han0895.krn
Extracted 05 contours from han0896.krn
Extracted 05 contours from han0897.krn
Extracted 04 contours from han0898.krn
Extracted 03 contours from han0899.krn
Extracted 05 contours from han0900.krn
Extracted 04 contours from han0901.krn
Extracted 06 contours from han0902.krn
Extracted 13 contours from han0903.krn
Extracted 02 contours from han0904.krn
Extracted 03 contours from han0905.krn
Extracted 04 contours from han0906.krn
Extracted 04 contours from han0907.krn
Extracted 02 contours from han0908.krn
Extracted 04 contours from han0909.krn
Extracted 04 contours from han0910.krn
Skipping han0911: list index out of range
Extracted 10 contours from han0912.krn
Extracted 04 contours from han0913.krn
Extracted 07 contours from han0914.krn
Extracted 05 contours from han0915.krn
Extracted 05 contours from han0916.krn
Extracted 05 contours from han0917.krn
Extracted 07 contours from han0918.krn
Extracted 05 contours from han0919.krn
Extracted 06 contours from han0920.krn
Extracted 05 contours from han0921.krn
Extracted 05 contours from han0922.krn
Extracted 05 contours from han0923.krn
Extracted 04 contours from han0924.krn
Extracted 15 contours from han0925.krn
Extracted 07 contours from han0926.krn
Extracted 05 contours from han0927.krn
Extracted 04 contours from han0928.krn
Extracted 02 contours from han0929.krn
Extracted 03 contours from han0930.krn
Extracted 05 contours from han0931.krn
Extracted 05 contours from han0932.krn
Extracted 04 contours from han0933.krn
Extracted 05 contours from han0934.krn
Extracted 05 contours from han0935.krn
Extracted 05 contours from han0936.krn
Extracted 14 contours from han0937.krn
Extracted 12 contours from han0938.krn
Extracted 05 contours from han0939.krn
Extracted 04 contours from han0940.krn
Extracted 05 contours from han0941.krn
Extracted 06 contours from han0942.krn
Extracted 04 contours from han0943.krn
Extracted 02 contours from han0944.krn
Extracted 04 contours from han0945.krn
Extracted 04 contours from han0946.krn
Extracted 02 contours from han0947.krn
Extracted 03 contours from han0948.krn
Extracted 03 contours from han0949.krn
Extracted 05 contours from han0950.krn
Extracted 02 contours from han0951.krn
Extracted 04 contours from han0952.krn
Extracted 00 contours from han0953.krn
Extracted 06 contours from han0954.krn
Extracted 03 contours from han0955.krn
Extracted 04 contours from han0956.krn
Extracted 05 contours from han0957.krn
Extracted 02 contours from han0958.krn
Extracted 02 contours from han0959.krn
Extracted 05 contours from han0960.krn
Extracted 02 contours from han0961.krn
Extracted 04 contours from han0962.krn
Extracted 04 contours from han0963.krn
Extracted 06 contours from han0964.krn
Extracted 04 contours from han0965.krn
Extracted 04 contours from han0966.krn
Extracted 05 contours from han0967.krn
Extracted 03 contours from han0968.krn
Extracted 03 contours from han0969.krn
Extracted 02 contours from han0970.krn
Extracted 05 contours from han0971.krn
Extracted 03 contours from han0972.krn
Extracted 04 contours from han0973.krn
Extracted 04 contours from han0974.krn
Extracted 07 contours from han0975.krn
Extracted 06 contours from han0976.krn
Extracted 04 contours from han0977.krn
Extracted 07 contours from han0978.krn
Extracted 04 contours from han0979.krn
Extracted 04 contours from han0980.krn
Extracted 09 contours from han0981.krn
Extracted 04 contours from han0982.krn
Extracted 07 contours from han0983.krn
Extracted 10 contours from han0984.krn
Extracted 05 contours from han0985.krn
Extracted 07 contours from han0986.krn
Extracted 03 contours from han0987.krn
Extracted 05 contours from han0988.krn
Extracted 06 contours from han0989.krn
Extracted 03 contours from han0990.krn
Extracted 06 contours from han0991.krn
Extracted 04 contours from han0992.krn
Extracted 02 contours from han0993.krn
Extracted 07 contours from han0994.krn
Extracted 05 contours from han0995.krn
Extracted 03 contours from han0996.krn
Extracted 09 contours from han0997.krn
Extracted 02 contours from han0998.krn
Extracted 06 contours from han0999.krn
Extracted 04 contours from han1000.krn
Extracted 06 contours from han1001.krn
Extracted 03 contours from han1002.krn
Extracted 07 contours from han1003.krn
Extracted 04 contours from han1004.krn
Extracted 09 contours from han1005.krn
Extracted 02 contours from han1006.krn
Extracted 07 contours from han1007.krn
Extracted 10 contours from han1008.krn
Extracted 05 contours from han1009.krn
Extracted 05 contours from han1010.krn
Extracted 04 contours from han1011.krn
Extracted 06 contours from han1012.krn
Extracted 20 contours from han1013.krn
Extracted 04 contours from han1014.krn
Extracted 04 contours from han1015.krn
Extracted 06 contours from han1016.krn
Extracted 05 contours from han1017.krn
Extracted 07 contours from han1018.krn
Extracted 06 contours from han1019.krn
Extracted 06 contours from han1020.krn
Extracted 04 contours from han1021.krn
Extracted 05 contours from han1022.krn
Extracted 05 contours from han1023.krn
Extracted 04 contours from han1024.krn
Extracted 03 contours from han1025.krn
Extracted 06 contours from han1026.krn
Extracted 04 contours from han1027.krn
Extracted 06 contours from han1028.krn
Extracted 05 contours from han1029.krn
Extracted 07 contours from han1030.krn
Extracted 19 contours from han1031.krn
Extracted 07 contours from han1032.krn
Extracted 04 contours from han1033.krn
Extracted 03 contours from han1034.krn
Extracted 02 contours from han1035.krn
Extracted 04 contours from han1036.krn
Extracted 06 contours from han1037.krn
Extracted 03 contours from han1038.krn
Extracted 06 contours from han1039.krn
Extracted 05 contours from han1040.krn
Extracted 06 contours from han1041.krn
Extracted 03 contours from han1042.krn
Extracted 05 contours from han1043.krn
Extracted 07 contours from han1044.krn
Extracted 08 contours from han1045.krn
Extracted 02 contours from han1046.krn
Extracted 06 contours from han1047.krn
Extracted 03 contours from han1048.krn
Extracted 04 contours from han1049.krn
Extracted 04 contours from han1050.krn
Extracted 06 contours from han1051.krn
Extracted 07 contours from han1052.krn
Extracted 08 contours from han1053.krn
Extracted 04 contours from han1054.krn
Extracted 02 contours from han1055.krn
Extracted 04 contours from han1056.krn
Extracted 04 contours from han1057.krn
Extracted 04 contours from han1058.krn
Extracted 04 contours from han1059.krn
Extracted 04 contours from han1060.krn
Extracted 04 contours from han1061.krn
Extracted 04 contours from han1062.krn
Skipping han1063: A contour should have at least three pitches
Extracted 08 contours from han1064.krn
Extracted 07 contours from han1065.krn
Extracted 04 contours from han1066.krn
Extracted 04 contours from han1067.krn
Extracted 07 contours from han1068.krn
Extracted 04 contours from han1069.krn
Extracted 45 contours from han1070.krn
Extracted 22 contours from han1071.krn
Extracted 08 contours from han1072.krn
Extracted 02 contours from han1073.krn
Extracted 06 contours from han1074.krn
Extracted 06 contours from han1075.krn
Extracted 05 contours from han1076.krn
Extracted 02 contours from han1077.krn
Extracted 08 contours from han1078.krn
Extracted 04 contours from han1079.krn
Extracted 08 contours from han1080.krn
Extracted 04 contours from han1081.krn
Extracted 05 contours from han1082.krn
Extracted 05 contours from han1083.krn
Extracted 04 contours from han1084.krn
Extracted 11 contours from han1085.krn
Extracted 02 contours from han1086.krn
Extracted 02 contours from han1087.krn
Extracted 04 contours from han1088.krn
Extracted 03 contours from han1089.krn
Extracted 04 contours from han1090.krn
Extracted 02 contours from han1091.krn
Extracted 02 contours from han1092.krn
Extracted 04 contours from han1093.krn
Extracted 02 contours from han1094.krn
Extracted 02 contours from han1095.krn
Extracted 02 contours from han1096.krn
Extracted 04 contours from han1097.krn
Extracted 03 contours from han1098.krn
Extracted 05 contours from han1099.krn
Extracted 07 contours from han1100.krn
Extracted 05 contours from han1101.krn
Extracted 04 contours from han1102.krn
Extracted 06 contours from han1103.krn
Extracted 03 contours from han1104.krn
Extracted 09 contours from han1105.krn
Extracted 05 contours from han1106.krn
Skipping han1107: A contour should have at least three pitches
Skipping han1108: A contour should have at least three pitches
Extracted 04 contours from han1109.krn
Extracted 06 contours from han1110.krn
Extracted 04 contours from han1111.krn
Extracted 04 contours from han1112.krn
Extracted 04 contours from han1113.krn
Extracted 02 contours from han1114.krn
Extracted 04 contours from han1115.krn
Extracted 04 contours from han1116.krn
Extracted 05 contours from han1117.krn
Extracted 06 contours from han1118.krn
Extracted 02 contours from han1119.krn
Extracted 02 contours from han1120.krn
Extracted 02 contours from han1121.krn
Extracted 05 contours from han1122.krn
Extracted 04 contours from han1123.krn
Extracted 04 contours from han1124.krn
Extracted 03 contours from han1125.krn
Extracted 07 contours from han1126.krn
Extracted 10 contours from han1127.krn
Extracted 08 contours from han1128.krn
Extracted 02 contours from han1129.krn
Extracted 02 contours from han1130.krn
Extracted 02 contours from han1131.krn
Extracted 04 contours from han1132.krn
Extracted 04 contours from han1133.krn
Extracted 02 contours from han1134.krn
Extracted 04 contours from han1135.krn
Extracted 03 contours from han1136.krn
Extracted 02 contours from han1137.krn
Extracted 06 contours from han1138.krn
Extracted 05 contours from han1139.krn
Extracted 02 contours from han1140.krn
Extracted 03 contours from han1141.krn
Extracted 03 contours from han1142.krn
Extracted 05 contours from han1143.krn
Extracted 03 contours from han1144.krn
Extracted 05 contours from han1145.krn
Extracted 05 contours from han1146.krn
Extracted 03 contours from han1147.krn
Extracted 02 contours from han1148.krn
Extracted 05 contours from han1149.krn
Extracted 06 contours from han1150.krn
Extracted 02 contours from han1151.krn
Extracted 04 contours from han1152.krn
Extracted 03 contours from han1153.krn
Extracted 06 contours from han1154.krn
Extracted 02 contours from han1155.krn
Extracted 03 contours from han1156.krn
Extracted 04 contours from han1157.krn
Extracted 02 contours from han1158.krn
Extracted 05 contours from han1159.krn
Extracted 03 contours from han1160.krn
Extracted 04 contours from han1161.krn
Stored phrase contours to data/phrase-contours/han-phrase-contours.csv
md5 checksum: 4e25fce83ea0f677ff58c1e68bb19633
Extracting random contours with mean length lamb=12.14...
Extracted 03 contours from han0001.krn
Extracted 04 contours from han0002.krn
Extracted 00 contours from han0003.krn
Extracted 02 contours from han0004.krn
Extracted 01 contours from han0005.krn
Extracted 00 contours from han0006.krn
Extracted 02 contours from han0007.krn
Extracted 00 contours from han0008.krn
Extracted 08 contours from han0009.krn
Extracted 00 contours from han0010.krn
Extracted 02 contours from han0011.krn
Extracted 01 contours from han0012.krn
Extracted 01 contours from han0013.krn
Extracted 04 contours from han0014.krn
Extracted 01 contours from han0015.krn
Extracted 01 contours from han0016.krn
Extracted 02 contours from han0017.krn
Extracted 01 contours from han0018.krn
Extracted 05 contours from han0019.krn
Extracted 02 contours from han0020.krn
Extracted 05 contours from han0021.krn
Extracted 02 contours from han0022.krn
Extracted 02 contours from han0023.krn
Extracted 03 contours from han0024.krn
Extracted 06 contours from han0025.krn
Extracted 06 contours from han0026.krn
Extracted 04 contours from han0027.krn
Extracted 03 contours from han0028.krn
Extracted 02 contours from han0029.krn
Extracted 02 contours from han0030.krn
Extracted 02 contours from han0031.krn
Extracted 00 contours from han0032.krn
Extracted 07 contours from han0033.krn
Extracted 03 contours from han0034.krn
Extracted 03 contours from han0035.krn
Extracted 00 contours from han0036.krn
Extracted 00 contours from han0037.krn
Extracted 01 contours from han0038.krn
Extracted 00 contours from han0039.krn
Extracted 05 contours from han0040.krn
Extracted 03 contours from han0041.krn
Extracted 04 contours from han0042.krn
Extracted 03 contours from han0043.krn
Extracted 01 contours from han0044.krn
Extracted 03 contours from han0045.krn
Extracted 02 contours from han0046.krn
Extracted 04 contours from han0047.krn
Extracted 07 contours from han0048.krn
Extracted 02 contours from han0049.krn
Extracted 05 contours from han0050.krn
Extracted 04 contours from han0051.krn
Extracted 01 contours from han0052.krn
Extracted 02 contours from han0053.krn
Extracted 07 contours from han0054.krn
Extracted 06 contours from han0055.krn
Extracted 23 contours from han0056.krn
Extracted 03 contours from han0057.krn
Extracted 01 contours from han0058.krn
Extracted 00 contours from han0059.krn
Extracted 02 contours from han0060.krn
Extracted 04 contours from han0061.krn
Extracted 05 contours from han0062.krn
Extracted 02 contours from han0063.krn
Extracted 00 contours from han0064.krn
Extracted 02 contours from han0065.krn
Extracted 02 contours from han0066.krn
Extracted 03 contours from han0067.krn
Extracted 02 contours from han0068.krn
Extracted 03 contours from han0069.krn
Extracted 01 contours from han0070.krn
Extracted 00 contours from han0071.krn
Extracted 01 contours from han0072.krn
Extracted 00 contours from han0073.krn
Extracted 01 contours from han0074.krn
Extracted 00 contours from han0075.krn
Extracted 08 contours from han0076.krn
Extracted 02 contours from han0077.krn
Extracted 08 contours from han0078.krn
Extracted 05 contours from han0079.krn
Extracted 03 contours from han0080.krn
Extracted 16 contours from han0081.krn
Extracted 06 contours from han0082.krn
Extracted 04 contours from han0083.krn
Extracted 01 contours from han0084.krn
Extracted 08 contours from han0085.krn
Extracted 05 contours from han0086.krn
Skipping han0087: ufunc 'nextafter' not supported for the input types, and the inputs could not be safely coerced to any supported types according to the casting rule ''safe''
Extracted 06 contours from han0088.krn
Extracted 02 contours from han0089.krn
Extracted 05 contours from han0090.krn
Extracted 07 contours from han0091.krn
Extracted 03 contours from han0092.krn
Extracted 05 contours from han0093.krn
Extracted 04 contours from han0094.krn
Extracted 02 contours from han0095.krn
Extracted 04 contours from han0096.krn
Extracted 00 contours from han0097.krn
Extracted 05 contours from han0098.krn
Extracted 12 contours from han0099.krn
Extracted 02 contours from han0100.krn
Extracted 00 contours from han0101.krn
Extracted 05 contours from han0102.krn
Skipping han0103: ufunc 'nextafter' not supported for the input types, and the inputs could not be safely coerced to any supported types according to the casting rule ''safe''
Extracted 00 contours from han0104.krn
Extracted 04 contours from han0105.krn
Extracted 01 contours from han0106.krn
Extracted 10 contours from han0107.krn
Extracted 03 contours from han0108.krn
Extracted 02 contours from han0109.krn
Extracted 00 contours from han0110.krn
Extracted 04 contours from han0111.krn
Extracted 05 contours from han0112.krn
Extracted 02 contours from han0113.krn
Extracted 03 contours from han0114.krn
Extracted 07 contours from han0115.krn
Extracted 10 contours from han0116.krn
Extracted 05 contours from han0117.krn
Extracted 05 contours from han0118.krn
Extracted 05 contours from han0119.krn
Extracted 12 contours from han0120.krn
Extracted 16 contours from han0121.krn
Extracted 07 contours from han0122.krn
Extracted 07 contours from han0123.krn
Extracted 08 contours from han0124.krn
Extracted 05 contours from han0125.krn
Extracted 21 contours from han0126.krn
Extracted 11 contours from han0127.krn
Extracted 03 contours from han0128.krn
Extracted 01 contours from han0129.krn
Extracted 05 contours from han0130.krn
Extracted 09 contours from han0131.krn
Extracted 03 contours from han0132.krn
Extracted 01 contours from han0133.krn
Extracted 11 contours from han0134.krn
Extracted 02 contours from han0135.krn
Extracted 01 contours from han0136.krn
Extracted 03 contours from han0137.krn
Extracted 01 contours from han0138.krn
Extracted 05 contours from han0139.krn
Extracted 05 contours from han0140.krn
Extracted 02 contours from han0141.krn
Extracted 12 contours from han0142.krn
Extracted 02 contours from han0143.krn
Extracted 02 contours from han0144.krn
Extracted 05 contours from han0145.krn
Extracted 02 contours from han0146.krn
Extracted 09 contours from han0147.krn
Extracted 04 contours from han0148.krn
Skipping han0149: ufunc 'nextafter' not supported for the input types, and the inputs could not be safely coerced to any supported types according to the casting rule ''safe''
Extracted 20 contours from han0150.krn
Extracted 09 contours from han0151.krn
Extracted 03 contours from han0152.krn
Extracted 06 contours from han0153.krn
Extracted 01 contours from han0154.krn
Extracted 07 contours from han0155.krn
Extracted 04 contours from han0156.krn
Extracted 04 contours from han0157.krn
Extracted 06 contours from han0158.krn
Extracted 01 contours from han0159.krn
Extracted 02 contours from han0160.krn
Extracted 02 contours from han0161.krn
Extracted 02 contours from han0162.krn
Extracted 02 contours from han0163.krn
Extracted 05 contours from han0164.krn
Extracted 01 contours from han0165.krn
Extracted 07 contours from han0166.krn
Extracted 05 contours from han0167.krn
Extracted 06 contours from han0168.krn
Extracted 12 contours from han0169.krn
Extracted 05 contours from han0170.krn
Extracted 06 contours from han0171.krn
Extracted 17 contours from han0172.krn
Extracted 03 contours from han0173.krn
Extracted 03 contours from han0174.krn
Extracted 24 contours from han0175.krn
Extracted 06 contours from han0176.krn
Extracted 05 contours from han0177.krn
Extracted 13 contours from han0178.krn
Extracted 07 contours from han0179.krn
Extracted 09 contours from han0180.krn
Extracted 06 contours from han0181.krn
Extracted 07 contours from han0182.krn
Extracted 05 contours from han0183.krn
Extracted 07 contours from han0184.krn
Extracted 03 contours from han0185.krn
Extracted 07 contours from han0186.krn
Extracted 05 contours from han0187.krn
Extracted 06 contours from han0188.krn
Extracted 13 contours from han0189.krn
Extracted 06 contours from han0190.krn
Extracted 18 contours from han0191.krn
Extracted 22 contours from han0192.krn
Extracted 11 contours from han0193.krn
Extracted 04 contours from han0194.krn
Extracted 13 contours from han0195.krn
Extracted 06 contours from han0196.krn
Extracted 02 contours from han0197.krn
Extracted 05 contours from han0198.krn
Extracted 08 contours from han0199.krn
Extracted 05 contours from han0200.krn
Extracted 05 contours from han0201.krn
Extracted 03 contours from han0202.krn
Extracted 05 contours from han0203.krn
Extracted 08 contours from han0204.krn
Extracted 03 contours from han0205.krn
Extracted 06 contours from han0206.krn
Extracted 06 contours from han0207.krn
Extracted 06 contours from han0208.krn
Extracted 03 contours from han0209.krn
Extracted 07 contours from han0210.krn
Extracted 04 contours from han0211.krn
Extracted 02 contours from han0212.krn
Extracted 01 contours from han0213.krn
Extracted 02 contours from han0214.krn
Extracted 06 contours from han0215.krn
Extracted 04 contours from han0216.krn
Extracted 22 contours from han0217.krn
Extracted 21 contours from han0218.krn
Extracted 10 contours from han0219.krn
Extracted 04 contours from han0220.krn
Extracted 05 contours from han0221.krn
Extracted 04 contours from han0222.krn
Extracted 02 contours from han0223.krn
Extracted 03 contours from han0224.krn
Extracted 03 contours from han0225.krn
Extracted 18 contours from han0226.krn
Extracted 05 contours from han0227.krn
Extracted 19 contours from han0228.krn
Extracted 04 contours from han0229.krn
Extracted 02 contours from han0230.krn
Extracted 03 contours from han0231.krn
Extracted 06 contours from han0232.krn
Extracted 01 contours from han0233.krn
Extracted 03 contours from han0234.krn
Extracted 03 contours from han0235.krn
Extracted 03 contours from han0236.krn
Extracted 07 contours from han0237.krn
Extracted 05 contours from han0238.krn
Extracted 11 contours from han0239.krn
Extracted 06 contours from han0240.krn
Extracted 01 contours from han0241.krn
Extracted 01 contours from han0242.krn
Extracted 08 contours from han0243.krn
Extracted 07 contours from han0244.krn
Extracted 06 contours from han0245.krn
Extracted 07 contours from han0246.krn
Extracted 05 contours from han0247.krn
Extracted 03 contours from han0248.krn
Extracted 01 contours from han0249.krn
Extracted 03 contours from han0250.krn
Extracted 09 contours from han0251.krn
Extracted 13 contours from han0252.krn
Extracted 01 contours from han0253.krn
Extracted 01 contours from han0254.krn
Extracted 05 contours from han0255.krn
Extracted 02 contours from han0256.krn
Extracted 04 contours from han0257.krn
Extracted 01 contours from han0258.krn
Extracted 07 contours from han0259.krn
Extracted 01 contours from han0260.krn
Extracted 01 contours from han0261.krn
Extracted 09 contours from han0262.krn
Extracted 07 contours from han0263.krn
Extracted 06 contours from han0264.krn
Extracted 05 contours from han0265.krn
Extracted 13 contours from han0266.krn
Extracted 03 contours from han0267.krn
Extracted 01 contours from han0268.krn
Extracted 05 contours from han0269.krn
Extracted 08 contours from han0270.krn
Skipping han0271: ufunc 'nextafter' not supported for the input types, and the inputs could not be safely coerced to any supported types according to the casting rule ''safe''
Extracted 02 contours from han0272.krn
Extracted 03 contours from han0273.krn
Extracted 07 contours from han0274.krn
Extracted 08 contours from han0275.krn
Extracted 03 contours from han0276.krn
Extracted 05 contours from han0277.krn
Extracted 05 contours from han0278.krn
Extracted 02 contours from han0279.krn
Extracted 07 contours from han0280.krn
Extracted 04 contours from han0281.krn
Extracted 05 contours from han0282.krn
Extracted 06 contours from han0283.krn
Extracted 04 contours from han0284.krn
Extracted 02 contours from han0285.krn
Extracted 01 contours from han0286.krn
Extracted 03 contours from han0287.krn
Extracted 07 contours from han0288.krn
Extracted 09 contours from han0289.krn
Extracted 08 contours from han0290.krn
Extracted 10 contours from han0291.krn
Extracted 15 contours from han0292.krn
Extracted 09 contours from han0293.krn
Extracted 25 contours from han0294.krn
Extracted 04 contours from han0295.krn
Extracted 12 contours from han0296.krn
Extracted 05 contours from han0297.krn
Extracted 01 contours from han0298.krn
Extracted 03 contours from han0299.krn
Extracted 01 contours from han0300.krn
Extracted 04 contours from han0301.krn
Extracted 02 contours from han0302.krn
Extracted 04 contours from han0303.krn
Extracted 11 contours from han0304.krn
Extracted 22 contours from han0305.krn
Extracted 18 contours from han0306.krn
Extracted 16 contours from han0307.krn
Extracted 04 contours from han0308.krn
Extracted 05 contours from han0309.krn
Extracted 09 contours from han0310.krn
Extracted 17 contours from han0311.krn
Extracted 14 contours from han0312.krn
Extracted 13 contours from han0313.krn
Extracted 15 contours from han0314.krn
Extracted 16 contours from han0315.krn
Skipping han0316: ufunc 'nextafter' not supported for the input types, and the inputs could not be safely coerced to any supported types according to the casting rule ''safe''
Extracted 06 contours from han0317.krn
Extracted 02 contours from han0318.krn
Extracted 01 contours from han0319.krn
Extracted 04 contours from han0320.krn
Extracted 03 contours from han0321.krn
Extracted 02 contours from han0322.krn
Extracted 05 contours from han0323.krn
Extracted 03 contours from han0324.krn
Extracted 06 contours from han0325.krn
Extracted 12 contours from han0326.krn
Extracted 03 contours from han0327.krn
Extracted 01 contours from han0328.krn
Extracted 12 contours from han0329.krn
Extracted 04 contours from han0330.krn
Extracted 05 contours from han0331.krn
Extracted 06 contours from han0332.krn
Extracted 09 contours from han0333.krn
Extracted 06 contours from han0334.krn
Extracted 09 contours from han0335.krn
Extracted 05 contours from han0336.krn
Extracted 07 contours from han0337.krn
Extracted 04 contours from han0338.krn
Extracted 04 contours from han0339.krn
Extracted 02 contours from han0339b.krn
Extracted 05 contours from han0340.krn
Extracted 03 contours from han0340b.krn
Extracted 08 contours from han0341.krn
Extracted 03 contours from han0341b.krn
Extracted 06 contours from han0342.krn
Extracted 09 contours from han0342b.krn
Extracted 16 contours from han0343.krn
Extracted 06 contours from han0343b.krn
Extracted 01 contours from han0344.krn
Extracted 04 contours from han0344b.krn
Extracted 11 contours from han0345.krn
Extracted 12 contours from han0345b.krn
Extracted 00 contours from han0346.krn
Extracted 01 contours from han0346b.krn
Extracted 02 contours from han0347.krn
Extracted 09 contours from han0347b.krn
Extracted 03 contours from han0348.krn
Extracted 04 contours from han0348b.krn
Extracted 01 contours from han0349.krn
Extracted 07 contours from han0349b.krn
Extracted 02 contours from han0350.krn
Extracted 01 contours from han0350b.krn
Extracted 02 contours from han0351.krn
Extracted 08 contours from han0351b.krn
Extracted 05 contours from han0352.krn
Extracted 01 contours from han0352b.krn
Extracted 01 contours from han0353.krn
Extracted 01 contours from han0353b.krn
Extracted 04 contours from han0354.krn
Extracted 03 contours from han0354b.krn
Extracted 05 contours from han0355.krn
Extracted 08 contours from han0355b.krn
Extracted 00 contours from han0356.krn
Extracted 01 contours from han0356b.krn
Extracted 04 contours from han0357.krn
Extracted 04 contours from han0357b.krn
Extracted 02 contours from han0358.krn
Extracted 02 contours from han0358b.krn
Extracted 00 contours from han0359.krn
Extracted 01 contours from han0359b.krn
Extracted 02 contours from han0360.krn
Extracted 05 contours from han0360b.krn
Extracted 02 contours from han0361.krn
Extracted 03 contours from han0361b.krn
Extracted 02 contours from han0362.krn
Extracted 04 contours from han0362b.krn
Extracted 04 contours from han0363.krn
Extracted 40 contours from han0363b.krn
Extracted 01 contours from han0364.krn
Extracted 02 contours from han0364b.krn
Extracted 07 contours from han0365.krn
Extracted 11 contours from han0365b.krn
Extracted 02 contours from han0366.krn
Extracted 02 contours from han0366b.krn
Extracted 04 contours from han0367.krn
Extracted 03 contours from han0367b.krn
Extracted 02 contours from han0368.krn
Extracted 02 contours from han0368b.krn
Extracted 02 contours from han0369.krn
Extracted 02 contours from han0370.krn
Extracted 13 contours from han0370b.krn
Extracted 07 contours from han0371.krn
Extracted 05 contours from han0371b.krn
Extracted 04 contours from han0372.krn
Extracted 14 contours from han0372b.krn
Extracted 03 contours from han0373.krn
Extracted 01 contours from han0373b.krn
Extracted 03 contours from han0374.krn
Extracted 05 contours from han0374b.krn
Extracted 07 contours from han0375.krn
Extracted 04 contours from han0375b.krn
Extracted 02 contours from han0376.krn
Extracted 09 contours from han0376b.krn
Extracted 04 contours from han0377.krn
Extracted 04 contours from han0377b.krn
Extracted 07 contours from han0378.krn
Extracted 02 contours from han0378b.krn
Extracted 04 contours from han0379.krn
Extracted 01 contours from han0379b.krn
Extracted 06 contours from han0380.krn
Extracted 03 contours from han0380b.krn
Extracted 01 contours from han0381.krn
Extracted 06 contours from han0381b.krn
Extracted 06 contours from han0382.krn
Extracted 02 contours from han0382b.krn
Extracted 06 contours from han0383.krn
Skipping han0383b: ufunc 'nextafter' not supported for the input types, and the inputs could not be safely coerced to any supported types according to the casting rule ''safe''
Extracted 02 contours from han0384.krn
Extracted 03 contours from han0384b.krn
Extracted 07 contours from han0385.krn
Extracted 04 contours from han0385b.krn
Extracted 02 contours from han0386.krn
Extracted 02 contours from han0386b.krn
Extracted 02 contours from han0387.krn
Extracted 01 contours from han0387b.krn
Extracted 00 contours from han0388.krn
Extracted 01 contours from han0388b.krn
Extracted 11 contours from han0389.krn
Extracted 01 contours from han0389b.krn
Extracted 04 contours from han0390.krn
Extracted 03 contours from han0390b.krn
Extracted 02 contours from han0391.krn
Extracted 07 contours from han0391b.krn
Extracted 00 contours from han0392.krn
Extracted 09 contours from han0392b.krn
Extracted 05 contours from han0393.krn
Extracted 11 contours from han0393b.krn
Extracted 02 contours from han0394.krn
Extracted 02 contours from han0394b.krn
Extracted 03 contours from han0395.krn
Extracted 04 contours from han0395b.krn
Extracted 02 contours from han0396.krn
Extracted 03 contours from han0396b.krn
Extracted 00 contours from han0397.krn
Extracted 02 contours from han0397b.krn
Extracted 03 contours from han0398.krn
Extracted 05 contours from han0398b.krn
Extracted 02 contours from han0399.krn
Extracted 05 contours from han0399b.krn
Extracted 02 contours from han0400.krn
Extracted 03 contours from han0400b.krn
Extracted 02 contours from han0401.krn
Extracted 05 contours from han0401b.krn
Extracted 06 contours from han0402.krn
Extracted 03 contours from han0403.krn
Extracted 04 contours from han0404.krn
Extracted 01 contours from han0405.krn
Extracted 01 contours from han0406.krn
Extracted 02 contours from han0407.krn
Extracted 03 contours from han0408.krn
Extracted 01 contours from han0409.krn
Extracted 02 contours from han0410.krn
Extracted 02 contours from han0411.krn
Extracted 14 contours from han0412.krn
Extracted 00 contours from han0413.krn
Extracted 03 contours from han0414.krn
Extracted 09 contours from han0415.krn
Extracted 03 contours from han0416.krn
Extracted 01 contours from han0417.krn
Extracted 02 contours from han0418.krn
Extracted 09 contours from han0419.krn
Extracted 30 contours from han0420.krn
Extracted 06 contours from han0421.krn
Extracted 01 contours from han0422.krn
Extracted 03 contours from han0423.krn
Extracted 05 contours from han0424.krn
Extracted 03 contours from han0425.krn
Extracted 03 contours from han0426.krn
Extracted 05 contours from han0427.krn
Extracted 08 contours from han0428.krn
Extracted 04 contours from han0429.krn
Extracted 05 contours from han0430.krn
Extracted 03 contours from han0431.krn
Extracted 05 contours from han0432.krn
Extracted 08 contours from han0433.krn
Extracted 06 contours from han0434.krn
Extracted 22 contours from han0435.krn
Extracted 01 contours from han0436.krn
Extracted 06 contours from han0437.krn
Extracted 05 contours from han0438.krn
Extracted 01 contours from han0439.krn
Extracted 07 contours from han0440.krn
Extracted 08 contours from han0441.krn
Extracted 08 contours from han0442.krn
Extracted 02 contours from han0443.krn
Extracted 27 contours from han0444.krn
Extracted 04 contours from han0445.krn
Extracted 05 contours from han0446.krn
Extracted 02 contours from han0447.krn
Extracted 03 contours from han0448.krn
Extracted 05 contours from han0449.krn
Extracted 07 contours from han0450.krn
Extracted 03 contours from han0451.krn
Extracted 04 contours from han0452.krn
Extracted 13 contours from han0453.krn
Extracted 03 contours from han0454.krn
Extracted 01 contours from han0455.krn
Extracted 03 contours from han0456.krn
Extracted 05 contours from han0457.krn
Extracted 03 contours from han0458.krn
Extracted 09 contours from han0459.krn
Extracted 07 contours from han0460.krn
Extracted 04 contours from han0461.krn
Extracted 08 contours from han0462.krn
Extracted 01 contours from han0463.krn
Extracted 03 contours from han0464.krn
Extracted 05 contours from han0465.krn
Extracted 06 contours from han0466.krn
Extracted 05 contours from han0467.krn
Extracted 09 contours from han0468.krn
Extracted 05 contours from han0469.krn
Extracted 08 contours from han0470.krn
Extracted 21 contours from han0471.krn
Extracted 19 contours from han0472.krn
Extracted 04 contours from han0473.krn
Extracted 02 contours from han0474.krn
Extracted 05 contours from han0475.krn
Extracted 01 contours from han0476.krn
Extracted 02 contours from han0477.krn
Extracted 03 contours from han0478.krn
Extracted 03 contours from han0479.krn
Extracted 04 contours from han0480.krn
Extracted 02 contours from han0481.krn
Extracted 03 contours from han0482.krn
Extracted 01 contours from han0483.krn
Extracted 04 contours from han0484.krn
Extracted 04 contours from han0485.krn
Extracted 03 contours from han0486.krn
Extracted 03 contours from han0487.krn
Extracted 05 contours from han0488.krn
Extracted 10 contours from han0489.krn
Extracted 08 contours from han0490.krn
Extracted 07 contours from han0491.krn
Extracted 03 contours from han0492.krn
Extracted 06 contours from han0493.krn
Extracted 03 contours from han0494.krn
Extracted 02 contours from han0495.krn
Extracted 05 contours from han0496.krn
Extracted 01 contours from han0497.krn
Extracted 05 contours from han0498.krn
Extracted 09 contours from han0499.krn
Extracted 02 contours from han0500.krn
Extracted 05 contours from han0501.krn
Extracted 07 contours from han0502.krn
Extracted 02 contours from han0503.krn
Skipping han0504: ufunc 'nextafter' not supported for the input types, and the inputs could not be safely coerced to any supported types according to the casting rule ''safe''
Extracted 03 contours from han0505.krn
Extracted 12 contours from han0506.krn
Extracted 04 contours from han0507.krn
Extracted 03 contours from han0508.krn
Extracted 16 contours from han0509.krn
Extracted 08 contours from han0510.krn
Extracted 02 contours from han0511.krn
Extracted 02 contours from han0512.krn
Extracted 02 contours from han0513.krn
Extracted 09 contours from han0514.krn
Extracted 01 contours from han0515.krn
Extracted 04 contours from han0516.krn
Extracted 06 contours from han0517.krn
Extracted 17 contours from han0518.krn
Extracted 09 contours from han0519.krn
Extracted 07 contours from han0520.krn
Extracted 05 contours from han0521.krn
Extracted 07 contours from han0522.krn
Extracted 01 contours from han0523.krn
Extracted 01 contours from han0524.krn
Extracted 07 contours from han0525.krn
Extracted 19 contours from han0526.krn
Extracted 02 contours from han0527.krn
Extracted 06 contours from han0528.krn
Extracted 01 contours from han0529.krn
Extracted 02 contours from han0530.krn
Extracted 03 contours from han0531.krn
Extracted 02 contours from han0532.krn
Extracted 10 contours from han0533.krn
Extracted 04 contours from han0534.krn
Extracted 06 contours from han0535.krn
Extracted 05 contours from han0536.krn
Extracted 09 contours from han0537.krn
Extracted 08 contours from han0538.krn
Extracted 04 contours from han0539.krn
Extracted 09 contours from han0540.krn
Extracted 12 contours from han0541.krn
Extracted 02 contours from han0542.krn
Extracted 09 contours from han0543.krn
Extracted 20 contours from han0544.krn
Extracted 04 contours from han0545.krn
Extracted 09 contours from han0546.krn
Extracted 01 contours from han0547.krn
Extracted 01 contours from han0548.krn
Extracted 09 contours from han0549.krn
Extracted 03 contours from han0550.krn
Extracted 07 contours from han0551.krn
Extracted 07 contours from han0552.krn
Extracted 04 contours from han0553.krn
Extracted 05 contours from han0554.krn
Extracted 04 contours from han0555.krn
Extracted 08 contours from han0556.krn
Extracted 06 contours from han0557.krn
Extracted 10 contours from han0558.krn
Extracted 02 contours from han0559.krn
Extracted 02 contours from han0560.krn
Extracted 05 contours from han0561.krn
Extracted 02 contours from han0562.krn
Extracted 06 contours from han0563.krn
Extracted 16 contours from han0564.krn
Extracted 15 contours from han0565.krn
Extracted 07 contours from han0566.krn
Extracted 07 contours from han0567.krn
Extracted 34 contours from han0568.krn
Extracted 02 contours from han0569.krn
Extracted 07 contours from han0570.krn
Extracted 09 contours from han0571.krn
Extracted 03 contours from han0572.krn
Extracted 03 contours from han0573.krn
Extracted 16 contours from han0574.krn
Extracted 19 contours from han0575.krn
Extracted 03 contours from han0576.krn
Extracted 03 contours from han0577.krn
Extracted 07 contours from han0578.krn
Extracted 03 contours from han0579.krn
Extracted 12 contours from han0580.krn
Extracted 04 contours from han0581.krn
Extracted 06 contours from han0582.krn
Extracted 07 contours from han0583.krn
Extracted 07 contours from han0584.krn
Extracted 04 contours from han0585.krn
Skipping han0586: ufunc 'nextafter' not supported for the input types, and the inputs could not be safely coerced to any supported types according to the casting rule ''safe''
Extracted 09 contours from han0587.krn
Skipping han0588: ufunc 'nextafter' not supported for the input types, and the inputs could not be safely coerced to any supported types according to the casting rule ''safe''
Extracted 02 contours from han0589.krn
Extracted 01 contours from han0590.krn
Extracted 08 contours from han0591.krn
Extracted 05 contours from han0592.krn
Extracted 02 contours from han0593.krn
Skipping han0594: ufunc 'nextafter' not supported for the input types, and the inputs could not be safely coerced to any supported types according to the casting rule ''safe''
Extracted 08 contours from han0595.krn
Extracted 03 contours from han0596.krn
Extracted 03 contours from han0597.krn
Extracted 06 contours from han0598.krn
Extracted 07 contours from han0599.krn
Extracted 00 contours from han0600.krn
Extracted 05 contours from han0601.krn
Extracted 04 contours from han0602.krn
Skipping han0603: ufunc 'nextafter' not supported for the input types, and the inputs could not be safely coerced to any supported types according to the casting rule ''safe''
Extracted 06 contours from han0604.krn
Extracted 06 contours from han0605.krn
Extracted 03 contours from han0606.krn
Extracted 07 contours from han0607.krn
Extracted 05 contours from han0608.krn
Extracted 03 contours from han0609.krn
Extracted 02 contours from han0610.krn
Extracted 03 contours from han0611.krn
Extracted 08 contours from han0612.krn
Extracted 02 contours from han0613.krn
Extracted 09 contours from han0614.krn
Extracted 06 contours from han0615.krn
Extracted 03 contours from han0616.krn
Extracted 01 contours from han0617.krn
Extracted 01 contours from han0618.krn
Extracted 03 contours from han0619.krn
Extracted 09 contours from han0620.krn
Extracted 02 contours from han0621.krn
Extracted 03 contours from han0622.krn
Extracted 11 contours from han0623.krn
Extracted 03 contours from han0624.krn
Extracted 06 contours from han0625.krn
Extracted 08 contours from han0626.krn
Extracted 04 contours from han0627.krn
Extracted 03 contours from han0628.krn
Extracted 03 contours from han0629.krn
Extracted 01 contours from han0630.krn
Extracted 07 contours from han0631.krn
Extracted 04 contours from han0632.krn
Extracted 02 contours from han0633.krn
Extracted 00 contours from han0634.krn
Extracted 02 contours from han0635.krn
Extracted 03 contours from han0636.krn
Extracted 08 contours from han0637.krn
Extracted 04 contours from han0638.krn
Extracted 10 contours from han0639.krn
Extracted 07 contours from han0640.krn
Extracted 15 contours from han0641.krn
Extracted 09 contours from han0642.krn
Extracted 07 contours from han0643.krn
Extracted 02 contours from han0644.krn
Extracted 07 contours from han0645.krn
Extracted 03 contours from han0646.krn
Extracted 13 contours from han0647.krn
Extracted 07 contours from han0648.krn
Extracted 05 contours from han0649.krn
Extracted 08 contours from han0650.krn
Extracted 01 contours from han0651.krn
Extracted 07 contours from han0652.krn
Extracted 05 contours from han0653.krn
Extracted 00 contours from han0654.krn
Extracted 15 contours from han0655.krn
Extracted 02 contours from han0656.krn
Extracted 01 contours from han0657.krn
Extracted 02 contours from han0658.krn
Extracted 05 contours from han0659.krn
Extracted 01 contours from han0660.krn
Extracted 14 contours from han0661.krn
Extracted 15 contours from han0662.krn
Extracted 16 contours from han0663.krn
Extracted 03 contours from han0664.krn
Extracted 04 contours from han0665.krn
Extracted 00 contours from han0666.krn
Extracted 02 contours from han0667.krn
Extracted 03 contours from han0668.krn
Extracted 03 contours from han0669.krn
Extracted 05 contours from han0670.krn
Extracted 03 contours from han0671.krn
Extracted 11 contours from han0672.krn
Extracted 03 contours from han0673.krn
Extracted 00 contours from han0674.krn
Extracted 03 contours from han0675.krn
Extracted 02 contours from han0676.krn
Extracted 03 contours from han0677.krn
Extracted 03 contours from han0678.krn
Extracted 03 contours from han0679.krn
Extracted 05 contours from han0680.krn
Extracted 05 contours from han0681.krn
Extracted 11 contours from han0682.krn
Extracted 03 contours from han0683.krn
Extracted 18 contours from han0684.krn
Extracted 05 contours from han0685.krn
Extracted 05 contours from han0686.krn
Extracted 03 contours from han0687.krn
Extracted 05 contours from han0688.krn
Extracted 05 contours from han0689.krn
Extracted 01 contours from han0690.krn
Extracted 06 contours from han0691.krn
Extracted 05 contours from han0692.krn
Extracted 08 contours from han0693.krn
Extracted 08 contours from han0694.krn
Extracted 03 contours from han0695.krn
Extracted 03 contours from han0696.krn
Extracted 02 contours from han0697.krn
Extracted 01 contours from han0698.krn
Extracted 03 contours from han0699.krn
Extracted 03 contours from han0700.krn
Extracted 04 contours from han0701.krn
Extracted 05 contours from han0702.krn
Extracted 00 contours from han0703.krn
Extracted 00 contours from han0704.krn
Extracted 03 contours from han0705.krn
Extracted 13 contours from han0706.krn
Extracted 03 contours from han0707.krn
Extracted 05 contours from han0708.krn
Extracted 01 contours from han0709.krn
Extracted 08 contours from han0710.krn
Extracted 03 contours from han0711.krn
Extracted 02 contours from han0712.krn
Extracted 04 contours from han0713.krn
Skipping han0714: ufunc 'nextafter' not supported for the input types, and the inputs could not be safely coerced to any supported types according to the casting rule ''safe''
Extracted 04 contours from han0715.krn
Extracted 04 contours from han0716.krn
Extracted 03 contours from han0717.krn
Skipping han0718: ufunc 'nextafter' not supported for the input types, and the inputs could not be safely coerced to any supported types according to the casting rule ''safe''
Extracted 04 contours from han0719.krn
Extracted 04 contours from han0720.krn
Extracted 03 contours from han0721.krn
Extracted 07 contours from han0722.krn
Extracted 05 contours from han0723.krn
Extracted 09 contours from han0724.krn
Extracted 08 contours from han0725.krn
Extracted 04 contours from han0726.krn
Extracted 06 contours from han0727.krn
Extracted 00 contours from han0728.krn
Extracted 03 contours from han0729.krn
Extracted 03 contours from han0730.krn
Extracted 05 contours from han0731.krn
Extracted 02 contours from han0732.krn
Extracted 02 contours from han0733.krn
Extracted 04 contours from han0734.krn
Extracted 02 contours from han0735.krn
Extracted 05 contours from han0736.krn
Extracted 06 contours from han0737.krn
Extracted 01 contours from han0738.krn
Extracted 06 contours from han0739.krn
Extracted 03 contours from han0740.krn
Extracted 09 contours from han0741.krn
Extracted 04 contours from han0742.krn
Extracted 01 contours from han0743.krn
Extracted 11 contours from han0744.krn
Extracted 07 contours from han0745.krn
Extracted 06 contours from han0746.krn
Extracted 03 contours from han0747.krn
Extracted 05 contours from han0748.krn
Extracted 06 contours from han0749.krn
Extracted 05 contours from han0750.krn
Extracted 02 contours from han0751.krn
Extracted 06 contours from han0752.krn
Extracted 04 contours from han0753.krn
Extracted 03 contours from han0754.krn
Extracted 04 contours from han0755.krn
Extracted 06 contours from han0756.krn
Extracted 05 contours from han0757.krn
Extracted 03 contours from han0758.krn
Extracted 08 contours from han0759.krn
Extracted 02 contours from han0760.krn
Extracted 03 contours from han0761.krn
Extracted 03 contours from han0762.krn
Extracted 04 contours from han0763.krn
Extracted 05 contours from han0764.krn
Extracted 03 contours from han0765.krn
Extracted 05 contours from han0766.krn
Extracted 07 contours from han0767.krn
Extracted 02 contours from han0768.krn
Extracted 01 contours from han0769.krn
Extracted 14 contours from han0770.krn
Extracted 05 contours from han0771.krn
Extracted 05 contours from han0772.krn
Extracted 02 contours from han0773.krn
Extracted 05 contours from han0774.krn
Extracted 04 contours from han0775.krn
Extracted 16 contours from han0776.krn
Extracted 05 contours from han0777.krn
Extracted 04 contours from han0778.krn
Extracted 02 contours from han0779.krn
Extracted 04 contours from han0780.krn
Extracted 07 contours from han0781.krn
Extracted 08 contours from han0782.krn
Extracted 08 contours from han0783.krn
Extracted 02 contours from han0784.krn
Extracted 01 contours from han0785.krn
Extracted 04 contours from han0786.krn
Extracted 01 contours from han0787.krn
Extracted 04 contours from han0788.krn
Extracted 04 contours from han0789.krn
Extracted 04 contours from han0790.krn
Extracted 04 contours from han0791.krn
Extracted 02 contours from han0792.krn
Extracted 04 contours from han0793.krn
Extracted 03 contours from han0794.krn
Extracted 00 contours from han0795.krn
Extracted 05 contours from han0796.krn
Extracted 02 contours from han0797.krn
Extracted 03 contours from han0798.krn
Extracted 04 contours from han0799.krn
Extracted 02 contours from han0800.krn
Extracted 04 contours from han0801.krn
Extracted 03 contours from han0802.krn
Extracted 01 contours from han0803.krn
Extracted 01 contours from han0804.krn
Extracted 04 contours from han0805.krn
Extracted 05 contours from han0806.krn
Extracted 02 contours from han0807.krn
Extracted 01 contours from han0808.krn
Extracted 03 contours from han0809.krn
Extracted 02 contours from han0810.krn
Extracted 02 contours from han0811.krn
Extracted 05 contours from han0812.krn
Extracted 03 contours from han0813.krn
Extracted 04 contours from han0814.krn
Extracted 01 contours from han0815.krn
Extracted 02 contours from han0816.krn
Extracted 03 contours from han0817.krn
Extracted 01 contours from han0818.krn
Extracted 04 contours from han0819.krn
Extracted 01 contours from han0820.krn
Extracted 00 contours from han0821.krn
Extracted 03 contours from han0822.krn
Extracted 01 contours from han0823.krn
Extracted 01 contours from han0824.krn
Extracted 01 contours from han0825.krn
Extracted 05 contours from han0826.krn
Extracted 08 contours from han0827.krn
Extracted 01 contours from han0828.krn
Extracted 03 contours from han0829.krn
Extracted 02 contours from han0830.krn
Extracted 00 contours from han0831.krn
Extracted 01 contours from han0832.krn
Extracted 03 contours from han0833.krn
Extracted 05 contours from han0834.krn
Extracted 05 contours from han0835.krn
Extracted 03 contours from han0836.krn
Extracted 01 contours from han0837.krn
Extracted 04 contours from han0838.krn
Extracted 01 contours from han0839.krn
Extracted 06 contours from han0840.krn
Extracted 04 contours from han0841.krn
Extracted 02 contours from han0842.krn
Extracted 05 contours from han0843.krn
Extracted 05 contours from han0844.krn
Extracted 07 contours from han0845.krn
Extracted 04 contours from han0846.krn
Extracted 04 contours from han0847.krn
Extracted 05 contours from han0848.krn
Extracted 04 contours from han0849.krn
Extracted 02 contours from han0850.krn
Extracted 02 contours from han0851.krn
Extracted 07 contours from han0852.krn
Extracted 06 contours from han0853.krn
Extracted 00 contours from han0854.krn
Extracted 01 contours from han0855.krn
Extracted 06 contours from han0856.krn
Extracted 03 contours from han0857.krn
Extracted 02 contours from han0858.krn
Extracted 06 contours from han0859.krn
Extracted 06 contours from han0860.krn
Extracted 04 contours from han0861.krn
Extracted 02 contours from han0862.krn
Extracted 02 contours from han0863.krn
Extracted 09 contours from han0864.krn
Extracted 04 contours from han0865.krn
Extracted 01 contours from han0866.krn
Extracted 08 contours from han0867.krn
Extracted 01 contours from han0868.krn
Extracted 02 contours from han0869.krn
Extracted 02 contours from han0870.krn
Extracted 03 contours from han0871.krn
Extracted 02 contours from han0872.krn
Extracted 04 contours from han0873.krn
Extracted 01 contours from han0874.krn
Extracted 02 contours from han0875.krn
Extracted 05 contours from han0876.krn
Extracted 06 contours from han0877.krn
Extracted 03 contours from han0878.krn
Extracted 17 contours from han0879.krn
Extracted 03 contours from han0880.krn
Extracted 02 contours from han0881.krn
Extracted 01 contours from han0882.krn
Skipping han0883: ufunc 'nextafter' not supported for the input types, and the inputs could not be safely coerced to any supported types according to the casting rule ''safe''
Extracted 02 contours from han0884.krn
Extracted 02 contours from han0885.krn
Extracted 05 contours from han0886.krn
Extracted 03 contours from han0887.krn
Extracted 23 contours from han0888.krn
Extracted 06 contours from han0889.krn
Skipping han0890: ufunc 'nextafter' not supported for the input types, and the inputs could not be safely coerced to any supported types according to the casting rule ''safe''
Extracted 04 contours from han0891.krn
Extracted 07 contours from han0892.krn
Extracted 07 contours from han0893.krn
Extracted 02 contours from han0894.krn
Extracted 05 contours from han0895.krn
Extracted 05 contours from han0896.krn
Skipping han0897: ufunc 'nextafter' not supported for the input types, and the inputs could not be safely coerced to any supported types according to the casting rule ''safe''
Extracted 02 contours from han0898.krn
Extracted 02 contours from han0899.krn
Extracted 06 contours from han0900.krn
Extracted 03 contours from han0901.krn
Extracted 05 contours from han0902.krn
Extracted 06 contours from han0903.krn
Extracted 02 contours from han0904.krn
Extracted 02 contours from han0905.krn
Extracted 01 contours from han0906.krn
Extracted 04 contours from han0907.krn
Extracted 03 contours from han0908.krn
Extracted 04 contours from han0909.krn
Extracted 03 contours from han0910.krn
Extracted 02 contours from han0911.krn
Extracted 05 contours from han0912.krn
Extracted 02 contours from han0913.krn
Extracted 06 contours from han0914.krn
Extracted 02 contours from han0915.krn
Extracted 06 contours from han0916.krn
Extracted 06 contours from han0917.krn
Extracted 01 contours from han0918.krn
Extracted 01 contours from han0919.krn
Extracted 03 contours from han0920.krn
Extracted 04 contours from han0921.krn
Extracted 03 contours from han0922.krn
Extracted 05 contours from han0923.krn
Extracted 02 contours from han0924.krn
Extracted 12 contours from han0925.krn
Extracted 09 contours from han0926.krn
Extracted 02 contours from han0927.krn
Extracted 03 contours from han0928.krn
Extracted 01 contours from han0929.krn
Extracted 01 contours from han0930.krn
Extracted 02 contours from han0931.krn
Extracted 05 contours from han0932.krn
Extracted 00 contours from han0933.krn
Extracted 03 contours from han0934.krn
Extracted 03 contours from han0935.krn
Extracted 05 contours from han0936.krn
Extracted 16 contours from han0937.krn
Extracted 07 contours from han0938.krn
Extracted 03 contours from han0939.krn
Extracted 03 contours from han0940.krn
Extracted 06 contours from han0941.krn
Extracted 03 contours from han0942.krn
Extracted 03 contours from han0943.krn
Extracted 02 contours from han0944.krn
Extracted 01 contours from han0945.krn
Extracted 03 contours from han0946.krn
Extracted 01 contours from han0947.krn
Extracted 02 contours from han0948.krn
Extracted 03 contours from han0949.krn
Extracted 05 contours from han0950.krn
Extracted 01 contours from han0951.krn
Extracted 03 contours from han0952.krn
Extracted 00 contours from han0953.krn
Extracted 06 contours from han0954.krn
Skipping han0955: ufunc 'nextafter' not supported for the input types, and the inputs could not be safely coerced to any supported types according to the casting rule ''safe''
Extracted 05 contours from han0956.krn
Extracted 06 contours from han0957.krn
Extracted 03 contours from han0958.krn
Extracted 03 contours from han0959.krn
Extracted 05 contours from han0960.krn
Extracted 01 contours from han0961.krn
Extracted 02 contours from han0962.krn
Extracted 04 contours from han0963.krn
Extracted 06 contours from han0964.krn
Extracted 05 contours from han0965.krn
Extracted 05 contours from han0966.krn
Extracted 04 contours from han0967.krn
Extracted 01 contours from han0968.krn
Extracted 02 contours from han0969.krn
Extracted 01 contours from han0970.krn
Extracted 06 contours from han0971.krn
Extracted 01 contours from han0972.krn
Extracted 03 contours from han0973.krn
Extracted 02 contours from han0974.krn
Extracted 06 contours from han0975.krn
Extracted 03 contours from han0976.krn
Extracted 02 contours from han0977.krn
Extracted 05 contours from han0978.krn
Extracted 02 contours from han0979.krn
Extracted 03 contours from han0980.krn
Extracted 07 contours from han0981.krn
Extracted 05 contours from han0982.krn
Extracted 07 contours from han0983.krn
Extracted 10 contours from han0984.krn
Extracted 04 contours from han0985.krn
Extracted 06 contours from han0986.krn
Extracted 02 contours from han0987.krn
Extracted 04 contours from han0988.krn
Extracted 04 contours from han0989.krn
Extracted 01 contours from han0990.krn
Extracted 04 contours from han0991.krn
Extracted 02 contours from han0992.krn
Extracted 02 contours from han0993.krn
Extracted 04 contours from han0994.krn
Extracted 04 contours from han0995.krn
Extracted 01 contours from han0996.krn
Extracted 09 contours from han0997.krn
Extracted 03 contours from han0998.krn
Extracted 03 contours from han0999.krn
Extracted 02 contours from han1000.krn
Extracted 04 contours from han1001.krn
Extracted 01 contours from han1002.krn
Extracted 06 contours from han1003.krn
Extracted 03 contours from han1004.krn
Extracted 09 contours from han1005.krn
Extracted 02 contours from han1006.krn
Extracted 07 contours from han1007.krn
Extracted 05 contours from han1008.krn
Extracted 06 contours from han1009.krn
Extracted 04 contours from han1010.krn
Extracted 05 contours from han1011.krn
Extracted 06 contours from han1012.krn
Extracted 11 contours from han1013.krn
Extracted 05 contours from han1014.krn
Extracted 02 contours from han1015.krn
Extracted 05 contours from han1016.krn
Extracted 02 contours from han1017.krn
Extracted 03 contours from han1018.krn
Extracted 05 contours from han1019.krn
Extracted 05 contours from han1020.krn
Extracted 02 contours from han1021.krn
Extracted 03 contours from han1022.krn
Extracted 03 contours from han1023.krn
Extracted 02 contours from han1024.krn
Extracted 02 contours from han1025.krn
Extracted 03 contours from han1026.krn
Extracted 06 contours from han1027.krn
Extracted 05 contours from han1028.krn
Extracted 05 contours from han1029.krn
Extracted 04 contours from han1030.krn
Extracted 12 contours from han1031.krn
Extracted 07 contours from han1032.krn
Extracted 02 contours from han1033.krn
Extracted 02 contours from han1034.krn
Extracted 02 contours from han1035.krn
Extracted 03 contours from han1036.krn
Extracted 05 contours from han1037.krn
Extracted 04 contours from han1038.krn
Extracted 08 contours from han1039.krn
Extracted 05 contours from han1040.krn
Extracted 05 contours from han1041.krn
Extracted 06 contours from han1042.krn
Extracted 04 contours from han1043.krn
Extracted 05 contours from han1044.krn
Extracted 00 contours from han1045.krn
Extracted 01 contours from han1046.krn
Extracted 04 contours from han1047.krn
Extracted 01 contours from han1048.krn
Extracted 01 contours from han1049.krn
Extracted 00 contours from han1050.krn
Extracted 04 contours from han1051.krn
Extracted 06 contours from han1052.krn
Extracted 06 contours from han1053.krn
Extracted 02 contours from han1054.krn
Extracted 02 contours from han1055.krn
Extracted 02 contours from han1056.krn
Extracted 03 contours from han1057.krn
Extracted 02 contours from han1058.krn
Extracted 03 contours from han1059.krn
Extracted 03 contours from han1060.krn
Extracted 00 contours from han1061.krn
Extracted 02 contours from han1062.krn
Extracted 12 contours from han1063.krn
Extracted 06 contours from han1064.krn
Extracted 05 contours from han1065.krn
Extracted 04 contours from han1066.krn
Extracted 01 contours from han1067.krn
Extracted 03 contours from han1068.krn
Extracted 01 contours from han1069.krn
Extracted 30 contours from han1070.krn
Extracted 12 contours from han1071.krn
Extracted 01 contours from han1072.krn
Extracted 01 contours from han1073.krn
Extracted 01 contours from han1074.krn
Extracted 01 contours from han1075.krn
Extracted 03 contours from han1076.krn
Extracted 02 contours from han1077.krn
Extracted 06 contours from han1078.krn
Extracted 02 contours from han1079.krn
Extracted 02 contours from han1080.krn
Extracted 03 contours from han1081.krn
Extracted 04 contours from han1082.krn
Extracted 02 contours from han1083.krn
Extracted 02 contours from han1084.krn
Extracted 11 contours from han1085.krn
Extracted 00 contours from han1086.krn
Extracted 02 contours from han1087.krn
Extracted 02 contours from han1088.krn
Extracted 02 contours from han1089.krn
Extracted 03 contours from han1090.krn
Extracted 02 contours from han1091.krn
Extracted 01 contours from han1092.krn
Extracted 04 contours from han1093.krn
Extracted 02 contours from han1094.krn
Extracted 02 contours from han1095.krn
Extracted 02 contours from han1096.krn
Extracted 03 contours from han1097.krn
Extracted 01 contours from han1098.krn
Extracted 04 contours from han1099.krn
Extracted 06 contours from han1100.krn
Extracted 03 contours from han1101.krn
Extracted 04 contours from han1102.krn
Extracted 06 contours from han1103.krn
Extracted 02 contours from han1104.krn
Extracted 11 contours from han1105.krn
Extracted 06 contours from han1106.krn
Extracted 08 contours from han1107.krn
Extracted 13 contours from han1108.krn
Extracted 03 contours from han1109.krn
Extracted 07 contours from han1110.krn
Extracted 02 contours from han1111.krn
Extracted 04 contours from han1112.krn
Extracted 02 contours from han1113.krn
Extracted 03 contours from han1114.krn
Extracted 04 contours from han1115.krn
Extracted 02 contours from han1116.krn
Extracted 04 contours from han1117.krn
Extracted 07 contours from han1118.krn
Extracted 01 contours from han1119.krn
Extracted 03 contours from han1120.krn
Extracted 01 contours from han1121.krn
Extracted 04 contours from han1122.krn
Extracted 03 contours from han1123.krn
Extracted 04 contours from han1124.krn
Extracted 05 contours from han1125.krn
Extracted 06 contours from han1126.krn
Extracted 07 contours from han1127.krn
Extracted 06 contours from han1128.krn
Extracted 00 contours from han1129.krn
Extracted 01 contours from han1130.krn
Extracted 01 contours from han1131.krn
Extracted 03 contours from han1132.krn
Extracted 04 contours from han1133.krn
Extracted 02 contours from han1134.krn
Extracted 02 contours from han1135.krn
Extracted 01 contours from han1136.krn
Extracted 01 contours from han1137.krn
Extracted 04 contours from han1138.krn
Extracted 05 contours from han1139.krn
Extracted 02 contours from han1140.krn
Extracted 02 contours from han1141.krn
Extracted 02 contours from han1142.krn
Extracted 05 contours from han1143.krn
Extracted 02 contours from han1144.krn
Extracted 04 contours from han1145.krn
Extracted 05 contours from han1146.krn
Extracted 02 contours from han1147.krn
Extracted 00 contours from han1148.krn
Extracted 03 contours from han1149.krn
Extracted 05 contours from han1150.krn
Extracted 00 contours from han1151.krn
Extracted 05 contours from han1152.krn
Extracted 03 contours from han1153.krn
Extracted 07 contours from han1154.krn
Extracted 01 contours from han1155.krn
Extracted 01 contours from han1156.krn
Extracted 03 contours from han1157.krn
Extracted 03 contours from han1158.krn
Extracted 04 contours from han1159.krn
Extracted 03 contours from han1160.krn
Extracted 02 contours from han1161.krn
Mean length of random phrases: 11.67...
Stored random contours to data/phrase-contours/han-random-contours.csv
md5 checksum: 72c81f2820e9c6a2b9b37aaae27ef5ac
