Generating contour dataset: natmin
Extracting phrase contours...
Extracted 03 contours from natmn001.krn
Extracted 04 contours from natmn002.krn
Extracted 03 contours from natmn003.krn
Extracted 06 contours from natmn004.krn
Extracted 02 contours from natmn005.krn
Extracted 04 contours from natmn006.krn
Extracted 08 contours from natmn007.krn
Extracted 06 contours from natmn008.krn
Extracted 12 contours from natmn009.krn
Extracted 12 contours from natmn010.krn
Extracted 08 contours from natmn011.krn
Extracted 04 contours from natmn012.krn
Extracted 11 contours from natmn013.krn
Extracted 05 contours from natmn014.krn
Extracted 04 contours from natmn015.krn
Extracted 04 contours from natmn016.krn
Extracted 05 contours from natmn017.krn
Extracted 04 contours from natmn018.krn
Extracted 06 contours from natmn019.krn
Extracted 16 contours from natmn020.krn
Extracted 04 contours from natmn021.krn
Extracted 04 contours from natmn022.krn
Extracted 09 contours from natmn023.krn
Extracted 10 contours from natmn024.krn
Extracted 09 contours from natmn025.krn
Extracted 05 contours from natmn026.krn
Extracted 13 contours from natmn027.krn
Extracted 09 contours from natmn028.krn
Extracted 17 contours from natmn029.krn
Extracted 21 contours from natmn030.krn
Extracted 06 contours from natmn031.krn
Extracted 12 contours from natmn032.krn
Extracted 07 contours from natmn033.krn
Extracted 04 contours from natmn034.krn
Extracted 09 contours from natmn035.krn
Extracted 04 contours from natmn036.krn
Extracted 12 contours from natmn037.krn
Extracted 05 contours from natmn038.krn
Extracted 08 contours from natmn039.krn
Extracted 04 contours from natmn040.krn
Extracted 06 contours from natmn041.krn
Extracted 03 contours from natmn042.krn
Extracted 04 contours from natmn043.krn
Extracted 04 contours from natmn044.krn
Extracted 08 contours from natmn045.krn
Extracted 28 contours from natmn046.krn
Extracted 14 contours from natmn047.krn
Extracted 04 contours from natmn048.krn
Extracted 03 contours from natmn049.krn
Extracted 04 contours from natmn050.krn
Extracted 22 contours from natmn051.krn
Extracted 08 contours from natmn052.krn
Extracted 04 contours from natmn053.krn
Extracted 10 contours from natmn054.krn
Extracted 04 contours from natmn055.krn
Extracted 08 contours from natmn056.krn
Extracted 03 contours from natmn057.krn
Extracted 09 contours from natmn058.krn
Extracted 03 contours from natmn059.krn
Extracted 04 contours from natmn060.krn
Extracted 07 contours from natmn061.krn
Extracted 08 contours from natmn062.krn
Extracted 05 contours from natmn063.krn
Extracted 04 contours from natmn064.krn
Extracted 04 contours from natmn065.krn
Extracted 07 contours from natmn066.krn
Extracted 04 contours from natmn067.krn
Extracted 02 contours from natmn068.krn
Extracted 05 contours from natmn069.krn
Extracted 02 contours from natmn070.krn
Extracted 04 contours from natmn071.krn
Extracted 04 contours from natmn072.krn
Extracted 03 contours from natmn073.krn
Extracted 05 contours from natmn074.krn
Extracted 04 contours from natmn075.krn
Extracted 04 contours from natmn076.krn
Extracted 08 contours from natmn077.krn
Extracted 09 contours from natmn078.krn
Extracted 09 contours from natmn079.krn
Extracted 04 contours from natmn080.krn
Skipping natmn081: A contour should have at least three pitches
Extracted 10 contours from natmn082.krn
Extracted 10 contours from natmn083.krn
Extracted 07 contours from natmn084.krn
Extracted 04 contours from natmn085.krn
Extracted 04 contours from natmn086.krn
Extracted 07 contours from natmn087.krn
Extracted 09 contours from natmn088.krn
Extracted 23 contours from natmn089.krn
Extracted 04 contours from natmn090.krn
Extracted 05 contours from natmn091.krn
Extracted 04 contours from natmn092.krn
Extracted 04 contours from natmn093.krn
Extracted 04 contours from natmn094.krn
Extracted 04 contours from natmn095.krn
Extracted 04 contours from natmn096.krn
Extracted 05 contours from natmn097.krn
Extracted 04 contours from natmn098.krn
Extracted 05 contours from natmn099.krn
Extracted 04 contours from natmn100.krn
Extracted 04 contours from natmn101.krn
Extracted 06 contours from natmn102.krn
Extracted 04 contours from natmn103.krn
Extracted 04 contours from natmn104.krn
Extracted 05 contours from natmn105.krn
Extracted 08 contours from natmn106.krn
Extracted 02 contours from natmn107.krn
Extracted 04 contours from natmn108.krn
Extracted 04 contours from natmn109.krn
Extracted 06 contours from natmn110.krn
Extracted 04 contours from natmn111.krn
Extracted 04 contours from natmn112.krn
Extracted 04 contours from natmn113.krn
Extracted 07 contours from natmn114.krn
Extracted 04 contours from natmn115.krn
Extracted 06 contours from natmn116.krn
Extracted 04 contours from natmn117.krn
Extracted 03 contours from natmn118.krn
Extracted 04 contours from natmn119.krn
Extracted 03 contours from natmn120.krn
Extracted 04 contours from natmn121.krn
Extracted 04 contours from natmn122.krn
Extracted 04 contours from natmn123.krn
Extracted 04 contours from natmn124.krn
Extracted 15 contours from natmn125.krn
Extracted 18 contours from natmn126.krn
Extracted 04 contours from natmn127.krn
Extracted 17 contours from natmn128.krn
Extracted 04 contours from natmn129.krn
Extracted 05 contours from natmn130.krn
Extracted 04 contours from natmn131.krn
Extracted 04 contours from natmn132.krn
Extracted 04 contours from natmn133.krn
Extracted 04 contours from natmn134.krn
Extracted 04 contours from natmn135.krn
Extracted 02 contours from natmn136.krn
Extracted 06 contours from natmn137.krn
Extracted 04 contours from natmn138.krn
Extracted 04 contours from natmn139.krn
Extracted 04 contours from natmn140.krn
Extracted 12 contours from natmn141.krn
Extracted 04 contours from natmn142.krn
Extracted 02 contours from natmn143.krn
Extracted 04 contours from natmn144.krn
Extracted 04 contours from natmn145.krn
Extracted 02 contours from natmn146.krn
Extracted 04 contours from natmn147.krn
Extracted 04 contours from natmn148.krn
Extracted 04 contours from natmn149.krn
Extracted 04 contours from natmn150.krn
Extracted 02 contours from natmn151.krn
Extracted 04 contours from natmn152.krn
Extracted 02 contours from natmn153.krn
Extracted 04 contours from natmn154.krn
Extracted 04 contours from natmn155.krn
Extracted 04 contours from natmn156.krn
Extracted 06 contours from natmn157.krn
Extracted 06 contours from natmn158.krn
Extracted 06 contours from natmn159.krn
Extracted 03 contours from natmn160.krn
Extracted 04 contours from natmn161.krn
Extracted 04 contours from natmn162.krn
Extracted 08 contours from natmn163.krn
Extracted 04 contours from natmn164.krn
Extracted 05 contours from natmn165.krn
Extracted 06 contours from natmn166.krn
Extracted 04 contours from natmn167.krn
Extracted 04 contours from natmn168.krn
Extracted 08 contours from natmn169.krn
Extracted 05 contours from natmn170.krn
Extracted 08 contours from natmn171.krn
Extracted 06 contours from natmn172.krn
Extracted 07 contours from natmn173.krn
Extracted 10 contours from natmn174.krn
Extracted 07 contours from natmn175.krn
Extracted 04 contours from natmn176.krn
Extracted 04 contours from natmn177.krn
Extracted 06 contours from natmn178.krn
Skipping natmn179: list index out of range
Extracted 08 contours from natmn180.krn
Extracted 04 contours from natmn181.krn
Extracted 04 contours from natmn182.krn
Extracted 10 contours from natmn183.krn
Extracted 08 contours from natmn184.krn
Extracted 06 contours from natmn185.krn
Extracted 09 contours from natmn186.krn
Extracted 12 contours from natmn187.krn
Extracted 04 contours from natmn188.krn
Extracted 04 contours from natmn189.krn
Extracted 10 contours from natmn190.krn
Extracted 07 contours from natmn191.krn
Extracted 02 contours from natmn192.krn
Extracted 12 contours from natmn193.krn
Extracted 04 contours from natmn194.krn
Extracted 09 contours from natmn195.krn
Extracted 06 contours from natmn196.krn
Extracted 09 contours from natmn197.krn
Skipping natmn198: list index out of range
Extracted 05 contours from natmn199.krn
Extracted 02 contours from natmn200.krn
Extracted 03 contours from natmn201.krn
Extracted 06 contours from natmn202.krn
Extracted 04 contours from natmn203.krn
Extracted 10 contours from natmn204.krn
Extracted 14 contours from natmn205.krn
Extracted 06 contours from natmn206.krn
Stored phrase contours to data/phrase-contours/natmin-phrase-contours.csv
md5 checksum: bd03e8a9d7136bd9289ac7cfa816da09
Extracting random contours with mean length lamb=11.44...
Extracted 01 contours from natmn001.krn
Extracted 07 contours from natmn002.krn
Extracted 01 contours from natmn003.krn
Extracted 03 contours from natmn004.krn
Extracted 01 contours from natmn005.krn
Extracted 03 contours from natmn006.krn
Extracted 08 contours from natmn007.krn
Extracted 03 contours from natmn008.krn
Extracted 04 contours from natmn009.krn
Extracted 14 contours from natmn010.krn
Extracted 04 contours from natmn011.krn
Extracted 01 contours from natmn012.krn
Extracted 15 contours from natmn013.krn
Extracted 03 contours from natmn014.krn
Extracted 02 contours from natmn015.krn
Extracted 07 contours from natmn016.krn
Extracted 04 contours from natmn017.krn
Extracted 03 contours from natmn018.krn
Extracted 05 contours from natmn019.krn
Skipping natmn020: ufunc 'nextafter' not supported for the input types, and the inputs could not be safely coerced to any supported types according to the casting rule ''safe''
Extracted 04 contours from natmn021.krn
Extracted 03 contours from natmn022.krn
Extracted 11 contours from natmn023.krn
Extracted 06 contours from natmn024.krn
Extracted 07 contours from natmn025.krn
Extracted 06 contours from natmn026.krn
Extracted 11 contours from natmn027.krn
Extracted 08 contours from natmn028.krn
Extracted 14 contours from natmn029.krn
Extracted 16 contours from natmn030.krn
Extracted 04 contours from natmn031.krn
Extracted 10 contours from natmn032.krn
Extracted 06 contours from natmn033.krn
Extracted 02 contours from natmn034.krn
Extracted 06 contours from natmn035.krn
Extracted 03 contours from natmn036.krn
Extracted 13 contours from natmn037.krn
Extracted 02 contours from natmn038.krn
Extracted 08 contours from natmn039.krn
Extracted 02 contours from natmn040.krn
Extracted 03 contours from natmn041.krn
Extracted 00 contours from natmn042.krn
Extracted 05 contours from natmn043.krn
Extracted 02 contours from natmn044.krn
Extracted 04 contours from natmn045.krn
Extracted 29 contours from natmn046.krn
Extracted 18 contours from natmn047.krn
Extracted 04 contours from natmn048.krn
Extracted 03 contours from natmn049.krn
Extracted 03 contours from natmn050.krn
Extracted 18 contours from natmn051.krn
Extracted 06 contours from natmn052.krn
Extracted 02 contours from natmn053.krn
Extracted 10 contours from natmn054.krn
Extracted 02 contours from natmn055.krn
Extracted 03 contours from natmn056.krn
Extracted 01 contours from natmn057.krn
Extracted 08 contours from natmn058.krn
Extracted 03 contours from natmn059.krn
Extracted 03 contours from natmn060.krn
Skipping natmn061: ufunc 'nextafter' not supported for the input types, and the inputs could not be safely coerced to any supported types according to the casting rule ''safe''
Skipping natmn062: ufunc 'nextafter' not supported for the input types, and the inputs could not be safely coerced to any supported types according to the casting rule ''safe''
Skipping natmn063: ufunc 'nextafter' not supported for the input types, and the inputs could not be safely coerced to any supported types according to the casting rule ''safe''
Extracted 04 contours from natmn064.krn
Extracted 05 contours from natmn065.krn
Skipping natmn066: ufunc 'nextafter' not supported for the input types, and the inputs could not be safely coerced to any supported types according to the casting rule ''safe''
Extracted 02 contours from natmn067.krn
Extracted 00 contours from natmn068.krn
Extracted 07 contours from natmn069.krn
Extracted 02 contours from natmn070.krn
Extracted 03 contours from natmn071.krn
Extracted 02 contours from natmn072.krn
Extracted 03 contours from natmn073.krn
Extracted 05 contours from natmn074.krn
Extracted 01 contours from natmn075.krn
Extracted 07 contours from natmn076.krn
Extracted 07 contours from natmn077.krn
Extracted 10 contours from natmn078.krn
Extracted 12 contours from natmn079.krn
Extracted 03 contours from natmn080.krn
Extracted 00 contours from natmn081.krn
Extracted 08 contours from natmn082.krn
Extracted 07 contours from natmn083.krn
Skipping natmn084: ufunc 'nextafter' not supported for the input types, and the inputs could not be safely coerced to any supported types according to the casting rule ''safe''
Extracted 01 contours from natmn085.krn
Extracted 02 contours from natmn086.krn
Skipping natmn087: ufunc 'nextafter' not supported for the input types, and the inputs could not be safely coerced to any supported types according to the casting rule ''safe''
Extracted 12 contours from natmn088.krn
Extracted 23 contours from natmn089.krn
Extracted 03 contours from natmn090.krn
Extracted 07 contours from natmn091.krn
Extracted 02 contours from natmn092.krn
Extracted 01 contours from natmn093.krn
Extracted 03 contours from natmn094.krn
Extracted 03 contours from natmn095.krn
Extracted 01 contours from natmn096.krn
Extracted 02 contours from natmn097.krn
Extracted 01 contours from natmn098.krn
Extracted 02 contours from natmn099.krn
Extracted 04 contours from natmn100.krn
Extracted 02 contours from natmn101.krn
Extracted 05 contours from natmn102.krn
Extracted 02 contours from natmn103.krn
Extracted 02 contours from natmn104.krn
Skipping natmn105: ufunc 'nextafter' not supported for the input types, and the inputs could not be safely coerced to any supported types according to the casting rule ''safe''
Extracted 05 contours from natmn106.krn
Extracted 00 contours from natmn107.krn
Extracted 01 contours from natmn108.krn
Extracted 03 contours from natmn109.krn
Extracted 02 contours from natmn110.krn
Extracted 00 contours from natmn111.krn
Extracted 00 contours from natmn112.krn
Extracted 01 contours from natmn113.krn
Skipping natmn114: ufunc 'nextafter' not supported for the input types, and the inputs could not be safely coerced to any supported types according to the casting rule ''safe''
Extracted 06 contours from natmn115.krn
Extracted 05 contours from natmn116.krn
Extracted 02 contours from natmn117.krn
Extracted 00 contours from natmn118.krn
Extracted 01 contours from natmn119.krn
Extracted 00 contours from natmn120.krn
Extracted 01 contours from natmn121.krn
Extracted 01 contours from natmn122.krn
Extracted 01 contours from natmn123.krn
Extracted 01 contours from natmn124.krn
Extracted 22 contours from natmn125.krn
Extracted 16 contours from natmn126.krn
Extracted 06 contours from natmn127.krn
Extracted 13 contours from natmn128.krn
Extracted 00 contours from natmn129.krn
Extracted 03 contours from natmn130.krn
Extracted 01 contours from natmn131.krn
Extracted 01 contours from natmn132.krn
Extracted 01 contours from natmn133.krn
Extracted 03 contours from natmn134.krn
Extracted 01 contours from natmn135.krn
Extracted 02 contours from natmn136.krn
Extracted 05 contours from natmn137.krn
Extracted 01 contours from natmn138.krn
Extracted 02 contours from natmn139.krn
Extracted 02 contours from natmn140.krn
Extracted 10 contours from natmn141.krn
Extracted 02 contours from natmn142.krn
Extracted 01 contours from natmn143.krn
Extracted 01 contours from natmn144.krn
Extracted 01 contours from natmn145.krn
Extracted 01 contours from natmn146.krn
Extracted 02 contours from natmn147.krn
Extracted 01 contours from natmn148.krn
Extracted 02 contours from natmn149.krn
Extracted 02 contours from natmn150.krn
Extracted 00 contours from natmn151.krn
Extracted 01 contours from natmn152.krn
Extracted 00 contours from natmn153.krn
Extracted 02 contours from natmn154.krn
Extracted 03 contours from natmn155.krn
Extracted 02 contours from natmn156.krn
Extracted 07 contours from natmn157.krn
Extracted 04 contours from natmn158.krn
Extracted 08 contours from natmn159.krn
Extracted 03 contours from natmn160.krn
Extracted 02 contours from natmn161.krn
Extracted 02 contours from natmn162.krn
Extracted 04 contours from natmn163.krn
Extracted 04 contours from natmn164.krn
Extracted 07 contours from natmn165.krn
Extracted 03 contours from natmn166.krn
Extracted 03 contours from natmn167.krn
Extracted 04 contours from natmn168.krn
Extracted 05 contours from natmn169.krn
Extracted 06 contours from natmn170.krn
Extracted 07 contours from natmn171.krn
Extracted 04 contours from natmn172.krn
Skipping natmn173: ufunc 'nextafter' not supported for the input types, and the inputs could not be safely coerced to any supported types according to the casting rule ''safe''
Extracted 07 contours from natmn174.krn
Skipping natmn175: ufunc 'nextafter' not supported for the input types, and the inputs could not be safely coerced to any supported types according to the casting rule ''safe''
Extracted 04 contours from natmn176.krn
Extracted 01 contours from natmn177.krn
Extracted 04 contours from natmn178.krn
Extracted 08 contours from natmn179.krn
Extracted 05 contours from natmn180.krn
Extracted 05 contours from natmn181.krn
Extracted 02 contours from natmn182.krn
Extracted 09 contours from natmn183.krn
Extracted 08 contours from natmn184.krn
Extracted 04 contours from natmn185.krn
Extracted 06 contours from natmn186.krn
Extracted 10 contours from natmn187.krn
Extracted 02 contours from natmn188.krn
Extracted 01 contours from natmn189.krn
Extracted 06 contours from natmn190.krn
Extracted 08 contours from natmn191.krn
Extracted 01 contours from natmn192.krn
Extracted 12 contours from natmn193.krn
Extracted 02 contours from natmn194.krn
Extracted 14 contours from natmn195.krn
Extracted 05 contours from natmn196.krn
Extracted 06 contours from natmn197.krn
Extracted 07 contours from natmn198.krn
Extracted 04 contours from natmn199.krn
Extracted 02 contours from natmn200.krn
Extracted 03 contours from natmn201.krn
Extracted 05 contours from natmn202.krn
Extracted 03 contours from natmn203.krn
Extracted 07 contours from natmn204.krn
Extracted 13 contours from natmn205.krn
Extracted 04 contours from natmn206.krn
Mean length of random phrases: 10.97...
Stored random contours to data/phrase-contours/natmin-random-contours.csv
md5 checksum: 37957c98ba094384a82deabb6a46bb76
