Generating contour dataset: shanxi
Extracting phrase contours...
Extracted 02 contours from shanx001.krn
Extracted 02 contours from shanx002.krn
Extracted 02 contours from shanx003.krn
Extracted 02 contours from shanx004.krn
Extracted 02 contours from shanx005.krn
Extracted 02 contours from shanx006.krn
Extracted 02 contours from shanx007.krn
Extracted 02 contours from shanx008.krn
Extracted 02 contours from shanx009.krn
Extracted 02 contours from shanx010.krn
Extracted 02 contours from shanx011.krn
Extracted 02 contours from shanx012.krn
Extracted 02 contours from shanx013.krn
Extracted 02 contours from shanx014.krn
Extracted 02 contours from shanx015.krn
Extracted 02 contours from shanx016.krn
Extracted 02 contours from shanx017.krn
Extracted 02 contours from shanx018.krn
Extracted 02 contours from shanx019.krn
Extracted 02 contours from shanx020.krn
Extracted 02 contours from shanx021.krn
Extracted 02 contours from shanx022.krn
Extracted 02 contours from shanx023.krn
Extracted 02 contours from shanx024.krn
Extracted 02 contours from shanx025.krn
Extracted 02 contours from shanx026.krn
Extracted 02 contours from shanx027.krn
Extracted 02 contours from shanx028.krn
Extracted 02 contours from shanx029.krn
Extracted 02 contours from shanx030.krn
Extracted 02 contours from shanx031.krn
Extracted 02 contours from shanx032.krn
Extracted 02 contours from shanx033.krn
Extracted 02 contours from shanx034.krn
Extracted 02 contours from shanx035.krn
Extracted 02 contours from shanx036.krn
Extracted 02 contours from shanx037.krn
Extracted 02 contours from shanx038.krn
Extracted 02 contours from shanx039.krn
Extracted 02 contours from shanx040.krn
Extracted 02 contours from shanx041.krn
Extracted 02 contours from shanx042.krn
Extracted 02 contours from shanx043.krn
Extracted 02 contours from shanx044.krn
Extracted 02 contours from shanx045.krn
Extracted 02 contours from shanx046.krn
Extracted 02 contours from shanx047.krn
Extracted 02 contours from shanx048.krn
Extracted 02 contours from shanx049.krn
Extracted 02 contours from shanx050.krn
Extracted 04 contours from shanx051.krn
Extracted 03 contours from shanx052.krn
Extracted 02 contours from shanx053.krn
Extracted 02 contours from shanx054.krn
Extracted 02 contours from shanx055.krn
Extracted 02 contours from shanx056.krn
Extracted 02 contours from shanx057.krn
Extracted 02 contours from shanx058.krn
Extracted 04 contours from shanx059.krn
Extracted 02 contours from shanx060.krn
Extracted 04 contours from shanx061.krn
Extracted 06 contours from shanx062.krn
Extracted 03 contours from shanx063.krn
Extracted 04 contours from shanx064.krn
Extracted 04 contours from shanx065.krn
Extracted 04 contours from shanx066.krn
Extracted 02 contours from shanx067.krn
Extracted 05 contours from shanx068.krn
Extracted 04 contours from shanx069.krn
Extracted 02 contours from shanx070.krn
Extracted 08 contours from shanx071.krn
Extracted 04 contours from shanx072.krn
Extracted 02 contours from shanx073.krn
Extracted 04 contours from shanx074.krn
Extracted 02 contours from shanx075.krn
Extracted 03 contours from shanx076.krn
Extracted 04 contours from shanx077.krn
Extracted 02 contours from shanx078.krn
Extracted 02 contours from shanx079.krn
Extracted 05 contours from shanx080.krn
Extracted 04 contours from shanx081.krn
Extracted 03 contours from shanx082.krn
Extracted 02 contours from shanx083.krn
Extracted 03 contours from shanx084.krn
Extracted 03 contours from shanx085.krn
Extracted 03 contours from shanx086.krn
Extracted 03 contours from shanx087.krn
Extracted 04 contours from shanx088.krn
Extracted 03 contours from shanx089.krn
Extracted 02 contours from shanx090.krn
Extracted 03 contours from shanx091.krn
Extracted 02 contours from shanx092.krn
Extracted 02 contours from shanx093.krn
Extracted 07 contours from shanx094.krn
Extracted 02 contours from shanx095.krn
Extracted 04 contours from shanx096.krn
Extracted 02 contours from shanx097.krn
Extracted 02 contours from shanx098.krn
Extracted 04 contours from shanx099.krn
Extracted 02 contours from shanx100.krn
Extracted 07 contours from shanx101.krn
Extracted 06 contours from shanx102.krn
Extracted 04 contours from shanx103.krn
Extracted 04 contours from shanx104.krn
Extracted 02 contours from shanx105.krn
Extracted 02 contours from shanx106.krn
Extracted 02 contours from shanx107.krn
Extracted 02 contours from shanx108.krn
Extracted 02 contours from shanx109.krn
Extracted 03 contours from shanx110.krn
Extracted 04 contours from shanx111.krn
Extracted 02 contours from shanx112.krn
Extracted 02 contours from shanx113.krn
Extracted 07 contours from shanx114.krn
Extracted 06 contours from shanx115.krn
Extracted 05 contours from shanx116.krn
Extracted 04 contours from shanx117.krn
Extracted 04 contours from shanx118.krn
Extracted 04 contours from shanx119.krn
Extracted 04 contours from shanx120.krn
Extracted 12 contours from shanx121.krn
Extracted 03 contours from shanx122.krn
Extracted 08 contours from shanx123.krn
Extracted 06 contours from shanx124.krn
Extracted 02 contours from shanx125.krn
Extracted 03 contours from shanx126.krn
Extracted 04 contours from shanx127.krn
Extracted 06 contours from shanx128.krn
Extracted 04 contours from shanx129.krn
Extracted 05 contours from shanx130.krn
Extracted 03 contours from shanx131.krn
Extracted 06 contours from shanx132.krn
Extracted 04 contours from shanx133.krn
Extracted 04 contours from shanx134.krn
Extracted 04 contours from shanx135.krn
Extracted 02 contours from shanx136.krn
Extracted 03 contours from shanx137.krn
Extracted 05 contours from shanx138.krn
Extracted 05 contours from shanx139.krn
Extracted 04 contours from shanx140.krn
Extracted 04 contours from shanx141.krn
Extracted 05 contours from shanx142.krn
Extracted 08 contours from shanx143.krn
Extracted 04 contours from shanx144.krn
Extracted 06 contours from shanx145.krn
Extracted 04 contours from shanx146.krn
Extracted 03 contours from shanx147.krn
Extracted 06 contours from shanx148.krn
Extracted 03 contours from shanx149.krn
Extracted 05 contours from shanx150.krn
Extracted 05 contours from shanx151.krn
Extracted 07 contours from shanx152.krn
Extracted 09 contours from shanx153.krn
Extracted 02 contours from shanx154.krn
Extracted 02 contours from shanx155.krn
Extracted 02 contours from shanx156.krn
Extracted 03 contours from shanx157.krn
Extracted 03 contours from shanx158.krn
Extracted 02 contours from shanx159.krn
Extracted 05 contours from shanx160.krn
Extracted 02 contours from shanx161.krn
Extracted 02 contours from shanx162.krn
Extracted 02 contours from shanx163.krn
Extracted 02 contours from shanx164.krn
Extracted 03 contours from shanx165.krn
Extracted 02 contours from shanx166.krn
Extracted 02 contours from shanx167.krn
Extracted 02 contours from shanx168.krn
Extracted 02 contours from shanx169.krn
Extracted 04 contours from shanx170.krn
Extracted 04 contours from shanx171.krn
Extracted 03 contours from shanx172.krn
Extracted 06 contours from shanx173.krn
Extracted 05 contours from shanx174.krn
Extracted 02 contours from shanx175.krn
Extracted 04 contours from shanx176.krn
Extracted 02 contours from shanx177.krn
Extracted 02 contours from shanx178.krn
Extracted 02 contours from shanx179.krn
Extracted 02 contours from shanx180.krn
Extracted 05 contours from shanx181.krn
Extracted 02 contours from shanx182.krn
Extracted 02 contours from shanx183.krn
Extracted 02 contours from shanx184.krn
Extracted 04 contours from shanx185.krn
Extracted 03 contours from shanx186.krn
Extracted 02 contours from shanx187.krn
Extracted 02 contours from shanx188.krn
Extracted 04 contours from shanx189.krn
Extracted 02 contours from shanx190.krn
Extracted 02 contours from shanx191.krn
Extracted 02 contours from shanx192.krn
Extracted 04 contours from shanx193.krn
Extracted 03 contours from shanx194.krn
Extracted 04 contours from shanx195.krn
Extracted 07 contours from shanx196.krn
Extracted 02 contours from shanx197.krn
Extracted 06 contours from shanx198.krn
Extracted 08 contours from shanx199.krn
Extracted 06 contours from shanx200.krn
Extracted 02 contours from shanx201.krn
Extracted 04 contours from shanx202.krn
Extracted 07 contours from shanx203.krn
Extracted 06 contours from shanx204.krn
Extracted 04 contours from shanx205.krn
Extracted 10 contours from shanx206.krn
Extracted 03 contours from shanx207.krn
Extracted 02 contours from shanx208.krn
Extracted 06 contours from shanx209.krn
Extracted 05 contours from shanx210.krn
Extracted 02 contours from shanx211.krn
Extracted 05 contours from shanx212.krn
Extracted 04 contours from shanx213.krn
Extracted 04 contours from shanx214.krn
Extracted 04 contours from shanx215.krn
Extracted 04 contours from shanx216.krn
Extracted 02 contours from shanx217.krn
Extracted 02 contours from shanx218.krn
Extracted 04 contours from shanx219.krn
Extracted 03 contours from shanx220.krn
Extracted 04 contours from shanx221.krn
Extracted 04 contours from shanx222.krn
Extracted 04 contours from shanx223.krn
Extracted 04 contours from shanx224.krn
Extracted 03 contours from shanx225.krn
Extracted 02 contours from shanx226.krn
Extracted 02 contours from shanx227.krn
Extracted 06 contours from shanx228.krn
Extracted 07 contours from shanx229.krn
Extracted 06 contours from shanx230.krn
Extracted 04 contours from shanx231.krn
Extracted 04 contours from shanx232.krn
Extracted 02 contours from shanx233.krn
Extracted 04 contours from shanx234.krn
Extracted 05 contours from shanx235.krn
Extracted 03 contours from shanx236.krn
Extracted 02 contours from shanx237.krn
Extracted 04 contours from shanx238.krn
Extracted 05 contours from shanx239.krn
Extracted 05 contours from shanx240.krn
Extracted 03 contours from shanx241.krn
Extracted 02 contours from shanx242.krn
Extracted 02 contours from shanx243.krn
Extracted 03 contours from shanx244.krn
Extracted 05 contours from shanx245.krn
Extracted 04 contours from shanx246.krn
Extracted 04 contours from shanx247.krn
Extracted 04 contours from shanx248.krn
Extracted 04 contours from shanx249.krn
Extracted 02 contours from shanx250.krn
Extracted 02 contours from shanx251.krn
Extracted 05 contours from shanx252.krn
Extracted 02 contours from shanx253.krn
Extracted 03 contours from shanx254.krn
Extracted 02 contours from shanx255.krn
Extracted 02 contours from shanx256.krn
Extracted 11 contours from shanx257.krn
Extracted 02 contours from shanx258.krn
Extracted 02 contours from shanx259.krn
Extracted 05 contours from shanx260.krn
Extracted 03 contours from shanx261.krn
Extracted 03 contours from shanx262.krn
Extracted 03 contours from shanx263.krn
Extracted 02 contours from shanx264.krn
Extracted 02 contours from shanx265.krn
Extracted 02 contours from shanx266.krn
Extracted 04 contours from shanx267.krn
Extracted 02 contours from shanx268.krn
Extracted 02 contours from shanx269.krn
Extracted 05 contours from shanx270.krn
Extracted 02 contours from shanx271.krn
Extracted 05 contours from shanx272.krn
Extracted 05 contours from shanx273.krn
Extracted 02 contours from shanx274.krn
Extracted 05 contours from shanx275.krn
Extracted 04 contours from shanx276.krn
Extracted 04 contours from shanx277.krn
Extracted 03 contours from shanx278.krn
Extracted 06 contours from shanx279.krn
Extracted 04 contours from shanx280.krn
Extracted 04 contours from shanx281.krn
Extracted 08 contours from shanx282.krn
Extracted 03 contours from shanx283.krn
Extracted 06 contours from shanx284.krn
Extracted 03 contours from shanx285.krn
Extracted 05 contours from shanx286.krn
Extracted 05 contours from shanx287.krn
Extracted 05 contours from shanx288.krn
Extracted 04 contours from shanx289.krn
Extracted 03 contours from shanx290.krn
Extracted 05 contours from shanx291.krn
Extracted 07 contours from shanx292.krn
Extracted 04 contours from shanx293.krn
Extracted 04 contours from shanx294.krn
Extracted 03 contours from shanx295.krn
Extracted 03 contours from shanx296.krn
Extracted 05 contours from shanx297.krn
Extracted 06 contours from shanx298.krn
Extracted 05 contours from shanx299.krn
Extracted 02 contours from shanx300.krn
Extracted 05 contours from shanx301.krn
Extracted 05 contours from shanx302.krn
Extracted 04 contours from shanx303.krn
Extracted 04 contours from shanx304.krn
Extracted 04 contours from shanx305.krn
Extracted 06 contours from shanx306.krn
Extracted 04 contours from shanx307.krn
Extracted 06 contours from shanx308.krn
Extracted 02 contours from shanx309.krn
Extracted 04 contours from shanx310.krn
Extracted 08 contours from shanx311.krn
Extracted 03 contours from shanx312.krn
Extracted 02 contours from shanx313.krn
Extracted 05 contours from shanx314.krn
Extracted 02 contours from shanx315.krn
Extracted 03 contours from shanx316.krn
Extracted 04 contours from shanx317.krn
Extracted 06 contours from shanx318.krn
Extracted 03 contours from shanx319.krn
Extracted 04 contours from shanx320.krn
Extracted 04 contours from shanx321.krn
Extracted 04 contours from shanx322.krn
Extracted 03 contours from shanx323.krn
Extracted 04 contours from shanx324.krn
Extracted 04 contours from shanx325.krn
Extracted 02 contours from shanx326.krn
Extracted 02 contours from shanx327.krn
Extracted 04 contours from shanx328.krn
Extracted 04 contours from shanx329.krn
Extracted 04 contours from shanx330.krn
Extracted 05 contours from shanx331.krn
Extracted 05 contours from shanx332.krn
Extracted 02 contours from shanx333.krn
Extracted 04 contours from shanx334.krn
Extracted 05 contours from shanx335.krn
Extracted 02 contours from shanx336.krn
Extracted 04 contours from shanx337.krn
Extracted 02 contours from shanx338.krn
Extracted 04 contours from shanx339.krn
Extracted 05 contours from shanx340.krn
Extracted 02 contours from shanx341.krn
Extracted 04 contours from shanx342.krn
Extracted 02 contours from shanx343.krn
Extracted 02 contours from shanx344.krn
Extracted 02 contours from shanx345.krn
Extracted 02 contours from shanx346.krn
Extracted 02 contours from shanx347.krn
Extracted 04 contours from shanx348.krn
Extracted 06 contours from shanx349.krn
Extracted 05 contours from shanx350.krn
Extracted 02 contours from shanx351.krn
Extracted 03 contours from shanx352.krn
Extracted 04 contours from shanx353.krn
Extracted 03 contours from shanx354.krn
Extracted 02 contours from shanx355.krn
Extracted 02 contours from shanx356.krn
Extracted 04 contours from shanx357.krn
Extracted 05 contours from shanx358.krn
Extracted 04 contours from shanx359.krn
Extracted 03 contours from shanx360.krn
Extracted 02 contours from shanx361.krn
Extracted 02 contours from shanx362.krn
Extracted 02 contours from shanx363.krn
Extracted 02 contours from shanx364.krn
Extracted 04 contours from shanx365.krn
Extracted 04 contours from shanx366.krn
Extracted 03 contours from shanx367.krn
Extracted 04 contours from shanx368.krn
Extracted 03 contours from shanx369.krn
Extracted 03 contours from shanx370.krn
Extracted 03 contours from shanx371.krn
Extracted 03 contours from shanx372.krn
Extracted 05 contours from shanx373.krn
Extracted 02 contours from shanx374.krn
Extracted 03 contours from shanx375.krn
Extracted 03 contours from shanx376.krn
Extracted 02 contours from shanx377.krn
Extracted 03 contours from shanx378.krn
Extracted 02 contours from shanx379.krn
Extracted 02 contours from shanx380.krn
Extracted 03 contours from shanx381.krn
Extracted 04 contours from shanx382.krn
Extracted 02 contours from shanx383.krn
Extracted 05 contours from shanx384.krn
Extracted 03 contours from shanx385.krn
Extracted 04 contours from shanx386.krn
Extracted 04 contours from shanx387.krn
Extracted 02 contours from shanx388.krn
Extracted 02 contours from shanx389.krn
Extracted 02 contours from shanx390.krn
Extracted 02 contours from shanx391.krn
Extracted 04 contours from shanx392.krn
Extracted 02 contours from shanx393.krn
Extracted 06 contours from shanx394.krn
Extracted 05 contours from shanx395.krn
Extracted 05 contours from shanx396.krn
Extracted 04 contours from shanx397.krn
Extracted 03 contours from shanx398.krn
Extracted 05 contours from shanx399.krn
Extracted 14 contours from shanx400.krn
Extracted 04 contours from shanx401.krn
Extracted 02 contours from shanx402.krn
Extracted 02 contours from shanx403.krn
Extracted 02 contours from shanx404.krn
Extracted 02 contours from shanx405.krn
Extracted 02 contours from shanx406.krn
Extracted 02 contours from shanx407.krn
Extracted 02 contours from shanx408.krn
Extracted 02 contours from shanx409.krn
Extracted 02 contours from shanx410.krn
Extracted 02 contours from shanx411.krn
Extracted 02 contours from shanx412.krn
Extracted 02 contours from shanx413.krn
Extracted 02 contours from shanx414.krn
Extracted 02 contours from shanx415.krn
Extracted 02 contours from shanx416.krn
Extracted 02 contours from shanx417.krn
Extracted 02 contours from shanx418.krn
Extracted 02 contours from shanx419.krn
Extracted 02 contours from shanx420.krn
Extracted 02 contours from shanx421.krn
Extracted 02 contours from shanx422.krn
Extracted 02 contours from shanx423.krn
Extracted 02 contours from shanx424.krn
Extracted 02 contours from shanx425.krn
Extracted 02 contours from shanx426.krn
Extracted 02 contours from shanx427.krn
Extracted 02 contours from shanx428.krn
Extracted 02 contours from shanx429.krn
Extracted 02 contours from shanx430.krn
Extracted 02 contours from shanx431.krn
Extracted 02 contours from shanx432.krn
Extracted 02 contours from shanx433.krn
Extracted 02 contours from shanx434.krn
Extracted 02 contours from shanx435.krn
Extracted 02 contours from shanx436.krn
Extracted 02 contours from shanx437.krn
Extracted 02 contours from shanx438.krn
Extracted 02 contours from shanx439.krn
Extracted 02 contours from shanx440.krn
Extracted 02 contours from shanx441.krn
Extracted 02 contours from shanx442.krn
Extracted 02 contours from shanx443.krn
Extracted 02 contours from shanx444.krn
Extracted 02 contours from shanx445.krn
Extracted 02 contours from shanx446.krn
Extracted 02 contours from shanx447.krn
Extracted 02 contours from shanx448.krn
Extracted 02 contours from shanx449.krn
Extracted 02 contours from shanx450.krn
Extracted 02 contours from shanx451.krn
Extracted 02 contours from shanx452.krn
Extracted 04 contours from shanx453.krn
Extracted 05 contours from shanx454.krn
Extracted 02 contours from shanx455.krn
Extracted 04 contours from shanx456.krn
Extracted 02 contours from shanx457.krn
Extracted 03 contours from shanx458.krn
Extracted 02 contours from shanx459.krn
Extracted 02 contours from shanx460.krn
Extracted 03 contours from shanx461.krn
Extracted 02 contours from shanx462.krn
Extracted 02 contours from shanx463.krn
Extracted 04 contours from shanx464.krn
Extracted 02 contours from shanx465.krn
Extracted 02 contours from shanx466.krn
Extracted 05 contours from shanx467.krn
Extracted 04 contours from shanx468.krn
Extracted 02 contours from shanx469.krn
Extracted 02 contours from shanx470.krn
Extracted 03 contours from shanx471.krn
Extracted 04 contours from shanx472.krn
Extracted 04 contours from shanx473.krn
Extracted 06 contours from shanx474.krn
Extracted 03 contours from shanx475.krn
Extracted 03 contours from shanx476.krn
Extracted 03 contours from shanx477.krn
Extracted 02 contours from shanx478.krn
Extracted 02 contours from shanx479.krn
Extracted 05 contours from shanx480.krn
Extracted 02 contours from shanx481.krn
Extracted 03 contours from shanx482.krn
Extracted 02 contours from shanx483.krn
Extracted 03 contours from shanx484.krn
Extracted 02 contours from shanx485.krn
Extracted 02 contours from shanx486.krn
Extracted 02 contours from shanx487.krn
Extracted 02 contours from shanx488.krn
Extracted 02 contours from shanx489.krn
Extracted 02 contours from shanx490.krn
Extracted 02 contours from shanx491.krn
Extracted 02 contours from shanx492.krn
Extracted 02 contours from shanx493.krn
Extracted 04 contours from shanx494.krn
Extracted 02 contours from shanx495.krn
Extracted 03 contours from shanx496.krn
Extracted 03 contours from shanx497.krn
Extracted 02 contours from shanx498.krn
Extracted 04 contours from shanx499.krn
Extracted 04 contours from shanx500.krn
Extracted 03 contours from shanx501.krn
Extracted 02 contours from shanx502.krn
Extracted 02 contours from shanx503.krn
Extracted 02 contours from shanx504.krn
Extracted 05 contours from shanx505.krn
Extracted 06 contours from shanx506.krn
Extracted 02 contours from shanx507.krn
Extracted 04 contours from shanx508.krn
Extracted 02 contours from shanx509.krn
Extracted 02 contours from shanx510.krn
Extracted 02 contours from shanx511.krn
Extracted 02 contours from shanx512.krn
Extracted 03 contours from shanx513.krn
Extracted 02 contours from shanx514.krn
Extracted 03 contours from shanx515.krn
Extracted 03 contours from shanx516.krn
Extracted 03 contours from shanx517.krn
Extracted 02 contours from shanx518.krn
Extracted 03 contours from shanx519.krn
Extracted 04 contours from shanx520.krn
Extracted 05 contours from shanx521.krn
Extracted 04 contours from shanx522.krn
Extracted 03 contours from shanx523.krn
Extracted 02 contours from shanx524.krn
Extracted 06 contours from shanx525.krn
Extracted 05 contours from shanx526.krn
Extracted 02 contours from shanx527.krn
Extracted 02 contours from shanx528.krn
Extracted 05 contours from shanx529.krn
Extracted 04 contours from shanx530.krn
Extracted 04 contours from shanx531.krn
Extracted 02 contours from shanx532.krn
Extracted 02 contours from shanx533.krn
Extracted 04 contours from shanx534.krn
Extracted 04 contours from shanx535.krn
Extracted 04 contours from shanx536.krn
Extracted 02 contours from shanx537.krn
Extracted 04 contours from shanx538.krn
Extracted 02 contours from shanx539.krn
Extracted 03 contours from shanx540.krn
Extracted 02 contours from shanx541.krn
Extracted 02 contours from shanx542.krn
Extracted 04 contours from shanx543.krn
Extracted 03 contours from shanx544.krn
Extracted 03 contours from shanx545.krn
Extracted 03 contours from shanx546.krn
Extracted 03 contours from shanx547.krn
Extracted 02 contours from shanx548.krn
Extracted 02 contours from shanx549.krn
Extracted 04 contours from shanx550.krn
Extracted 02 contours from shanx551.krn
Extracted 02 contours from shanx552.krn
Extracted 05 contours from shanx553.krn
Extracted 02 contours from shanx554.krn
Extracted 02 contours from shanx555.krn
Extracted 03 contours from shanx556.krn
Extracted 02 contours from shanx557.krn
Extracted 02 contours from shanx558.krn
Extracted 02 contours from shanx559.krn
Extracted 02 contours from shanx560.krn
Extracted 03 contours from shanx561.krn
Extracted 03 contours from shanx562.krn
Extracted 02 contours from shanx563.krn
Extracted 05 contours from shanx564.krn
Extracted 02 contours from shanx565.krn
Extracted 03 contours from shanx566.krn
Extracted 04 contours from shanx567.krn
Extracted 04 contours from shanx568.krn
Extracted 02 contours from shanx569.krn
Extracted 02 contours from shanx570.krn
Extracted 02 contours from shanx571.krn
Extracted 02 contours from shanx572.krn
Extracted 02 contours from shanx573.krn
Extracted 02 contours from shanx574.krn
Extracted 03 contours from shanx575.krn
Extracted 04 contours from shanx576.krn
Extracted 02 contours from shanx577.krn
Extracted 06 contours from shanx578.krn
Extracted 03 contours from shanx579.krn
Extracted 04 contours from shanx580.krn
Extracted 02 contours from shanx581.krn
Extracted 02 contours from shanx582.krn
Extracted 02 contours from shanx583.krn
Extracted 02 contours from shanx584.krn
Extracted 02 contours from shanx585.krn
Extracted 04 contours from shanx586.krn
Extracted 04 contours from shanx587.krn
Extracted 04 contours from shanx588.krn
Extracted 05 contours from shanx589.krn
Extracted 04 contours from shanx590.krn
Extracted 03 contours from shanx591.krn
Extracted 03 contours from shanx592.krn
Extracted 03 contours from shanx593.krn
Extracted 04 contours from shanx594.krn
Extracted 04 contours from shanx595.krn
Extracted 02 contours from shanx596.krn
Extracted 02 contours from shanx597.krn
Extracted 04 contours from shanx598.krn
Extracted 04 contours from shanx599.krn
Extracted 02 contours from shanx600.krn
Extracted 03 contours from shanx601.krn
Extracted 06 contours from shanx602.krn
Extracted 02 contours from shanx603.krn
Extracted 02 contours from shanx604.krn
Extracted 04 contours from shanx605.krn
Extracted 04 contours from shanx606.krn
Extracted 04 contours from shanx607.krn
Extracted 05 contours from shanx608.krn
Extracted 05 contours from shanx609.krn
Extracted 05 contours from shanx610.krn
Extracted 02 contours from shanx611.krn
Extracted 03 contours from shanx612.krn
Extracted 07 contours from shanx613.krn
Extracted 04 contours from shanx614.krn
Extracted 03 contours from shanx615.krn
Extracted 02 contours from shanx616.krn
Extracted 02 contours from shanx617.krn
Extracted 04 contours from shanx618.krn
Extracted 02 contours from shanx619.krn
Extracted 04 contours from shanx620.krn
Extracted 04 contours from shanx621.krn
Extracted 03 contours from shanx622.krn
Extracted 04 contours from shanx623.krn
Extracted 02 contours from shanx624.krn
Extracted 05 contours from shanx625.krn
Extracted 03 contours from shanx626.krn
Extracted 04 contours from shanx627.krn
Extracted 03 contours from shanx628.krn
Extracted 03 contours from shanx629.krn
Extracted 04 contours from shanx630.krn
Extracted 02 contours from shanx631.krn
Extracted 02 contours from shanx632.krn
Extracted 02 contours from shanx633.krn
Extracted 02 contours from shanx634.krn
Extracted 02 contours from shanx635.krn
Extracted 02 contours from shanx636.krn
Extracted 05 contours from shanx637.krn
Extracted 04 contours from shanx638.krn
Extracted 04 contours from shanx639.krn
Extracted 02 contours from shanx640.krn
Extracted 02 contours from shanx641.krn
Extracted 04 contours from shanx642.krn
Extracted 04 contours from shanx643.krn
Extracted 02 contours from shanx644.krn
Extracted 02 contours from shanx645.krn
Extracted 02 contours from shanx646.krn
Extracted 02 contours from shanx647.krn
Extracted 04 contours from shanx648.krn
Extracted 02 contours from shanx649.krn
Extracted 02 contours from shanx650.krn
Extracted 03 contours from shanx651.krn
Extracted 06 contours from shanx652.krn
Extracted 04 contours from shanx653.krn
Extracted 05 contours from shanx654.krn
Extracted 06 contours from shanx655.krn
Extracted 02 contours from shanx656.krn
Extracted 02 contours from shanx657.krn
Extracted 04 contours from shanx658.krn
Extracted 02 contours from shanx659.krn
Extracted 02 contours from shanx660.krn
Extracted 04 contours from shanx661.krn
Extracted 02 contours from shanx662.krn
Extracted 04 contours from shanx663.krn
Extracted 02 contours from shanx664.krn
Extracted 05 contours from shanx665.krn
Extracted 06 contours from shanx666.krn
Extracted 04 contours from shanx667.krn
Extracted 04 contours from shanx668.krn
Extracted 02 contours from shanx669.krn
Extracted 03 contours from shanx670.krn
Extracted 02 contours from shanx671.krn
Extracted 02 contours from shanx672.krn
Extracted 05 contours from shanx673.krn
Extracted 03 contours from shanx674.krn
Extracted 02 contours from shanx675.krn
Extracted 02 contours from shanx676.krn
Extracted 06 contours from shanx677.krn
Extracted 08 contours from shanx678.krn
Extracted 04 contours from shanx679.krn
Extracted 04 contours from shanx680.krn
Extracted 03 contours from shanx681.krn
Extracted 07 contours from shanx682.krn
Extracted 02 contours from shanx683.krn
Extracted 03 contours from shanx684.krn
Extracted 08 contours from shanx685.krn
Extracted 02 contours from shanx686.krn
Extracted 06 contours from shanx687.krn
Extracted 03 contours from shanx688.krn
Extracted 02 contours from shanx689.krn
Extracted 02 contours from shanx690.krn
Extracted 04 contours from shanx691.krn
Extracted 03 contours from shanx692.krn
Extracted 03 contours from shanx693.krn
Extracted 03 contours from shanx694.krn
Extracted 04 contours from shanx695.krn
Extracted 04 contours from shanx696.krn
Extracted 03 contours from shanx697.krn
Extracted 03 contours from shanx698.krn
Extracted 04 contours from shanx699.krn
Extracted 04 contours from shanx700.krn
Extracted 08 contours from shanx701.krn
Extracted 04 contours from shanx702.krn
Extracted 05 contours from shanx703.krn
Extracted 05 contours from shanx704.krn
Extracted 05 contours from shanx705.krn
Extracted 04 contours from shanx706.krn
Extracted 03 contours from shanx707.krn
Extracted 07 contours from shanx708.krn
Extracted 02 contours from shanx709.krn
Extracted 04 contours from shanx710.krn
Extracted 02 contours from shanx711.krn
Extracted 04 contours from shanx712.krn
Extracted 02 contours from shanx713.krn
Extracted 02 contours from shanx714.krn
Extracted 04 contours from shanx715.krn
Extracted 04 contours from shanx716.krn
Extracted 03 contours from shanx717.krn
Extracted 03 contours from shanx718.krn
Extracted 02 contours from shanx719.krn
Extracted 03 contours from shanx720.krn
Extracted 04 contours from shanx721.krn
Extracted 03 contours from shanx722.krn
Extracted 02 contours from shanx723.krn
Extracted 02 contours from shanx724.krn
Extracted 03 contours from shanx725.krn
Extracted 04 contours from shanx726.krn
Extracted 02 contours from shanx727.krn
Extracted 02 contours from shanx728.krn
Extracted 04 contours from shanx729.krn
Extracted 05 contours from shanx730.krn
Extracted 05 contours from shanx731.krn
Extracted 02 contours from shanx732.krn
Extracted 02 contours from shanx733.krn
Extracted 04 contours from shanx734.krn
Extracted 02 contours from shanx735.krn
Extracted 03 contours from shanx736.krn
Extracted 02 contours from shanx737.krn
Extracted 04 contours from shanx738.krn
Extracted 02 contours from shanx739.krn
Extracted 04 contours from shanx740.krn
Extracted 03 contours from shanx741.krn
Extracted 04 contours from shanx742.krn
Extracted 02 contours from shanx743.krn
Extracted 02 contours from shanx744.krn
Extracted 04 contours from shanx745.krn
Extracted 04 contours from shanx746.krn
Extracted 02 contours from shanx747.krn
Extracted 02 contours from shanx748.krn
Extracted 02 contours from shanx749.krn
Extracted 02 contours from shanx750.krn
Extracted 02 contours from shanx751.krn
Extracted 02 contours from shanx752.krn
Extracted 02 contours from shanx753.krn
Extracted 02 contours from shanx754.krn
Extracted 06 contours from shanx755.krn
Extracted 03 contours from shanx756.krn
Extracted 06 contours from shanx757.krn
Extracted 02 contours from shanx758.krn
Extracted 04 contours from shanx759.krn
Extracted 05 contours from shanx760.krn
Extracted 05 contours from shanx761.krn
Extracted 04 contours from shanx762.krn
Extracted 05 contours from shanx763.krn
Extracted 02 contours from shanx764.krn
Extracted 04 contours from shanx765.krn
Extracted 02 contours from shanx766.krn
Extracted 03 contours from shanx767.krn
Extracted 03 contours from shanx768.krn
Extracted 07 contours from shanx769.krn
Extracted 04 contours from shanx770.krn
Extracted 04 contours from shanx771.krn
Extracted 04 contours from shanx772.krn
Extracted 04 contours from shanx773.krn
Extracted 02 contours from shanx774.krn
Extracted 04 contours from shanx775.krn
Extracted 02 contours from shanx776.krn
Extracted 02 contours from shanx777.krn
Extracted 02 contours from shanx778.krn
Extracted 04 contours from shanx779.krn
Extracted 03 contours from shanx780.krn
Extracted 02 contours from shanx781.krn
Extracted 02 contours from shanx782.krn
Extracted 04 contours from shanx783.krn
Extracted 02 contours from shanx784.krn
Extracted 06 contours from shanx785.krn
Extracted 03 contours from shanx786.krn
Extracted 02 contours from shanx787.krn
Extracted 04 contours from shanx788.krn
Extracted 02 contours from shanx789.krn
Extracted 02 contours from shanx790.krn
Extracted 03 contours from shanx791.krn
Extracted 02 contours from shanx792.krn
Extracted 02 contours from shanx793.krn
Extracted 02 contours from shanx794.krn
Extracted 02 contours from shanx795.krn
Extracted 03 contours from shanx796.krn
Extracted 03 contours from shanx797.krn
Extracted 03 contours from shanx798.krn
Extracted 02 contours from shanx799.krn
Extracted 10 contours from shanx800.krn
Extracted 06 contours from shanx801.krn
Extracted 05 contours from shanx802.krn
Stored phrase contours to data/phrase-contours/shanxi-phrase-contours.csv
md5 checksum: 44b240944c111c9b3553d6c9a6591c68
Extracting random contours with mean length lamb=14.52...
Extracted 00 contours from shanx001.krn
Extracted 00 contours from shanx002.krn
Extracted 00 contours from shanx003.krn
Extracted 02 contours from shanx004.krn
Extracted 00 contours from shanx005.krn
Extracted 00 contours from shanx006.krn
Extracted 00 contours from shanx007.krn
Extracted 00 contours from shanx008.krn
Extracted 00 contours from shanx009.krn
Extracted 00 contours from shanx010.krn
Extracted 00 contours from shanx011.krn
Extracted 00 contours from shanx012.krn
Extracted 00 contours from shanx013.krn
Extracted 01 contours from shanx014.krn
Extracted 01 contours from shanx015.krn
Extracted 01 contours from shanx016.krn
Extracted 00 contours from shanx017.krn
Extracted 01 contours from shanx018.krn
Extracted 00 contours from shanx019.krn
Extracted 00 contours from shanx020.krn
Extracted 00 contours from shanx021.krn
Extracted 01 contours from shanx022.krn
Extracted 01 contours from shanx023.krn
Extracted 00 contours from shanx024.krn
Extracted 00 contours from shanx025.krn
Extracted 00 contours from shanx026.krn
Extracted 00 contours from shanx027.krn
Extracted 01 contours from shanx028.krn
Extracted 00 contours from shanx029.krn
Extracted 01 contours from shanx030.krn
Extracted 00 contours from shanx031.krn
Extracted 00 contours from shanx032.krn
Skipping shanx033: ufunc 'nextafter' not supported for the input types, and the inputs could not be safely coerced to any supported types according to the casting rule ''safe''
Extracted 00 contours from shanx034.krn
Extracted 00 contours from shanx035.krn
Extracted 00 contours from shanx036.krn
Extracted 00 contours from shanx037.krn
Extracted 00 contours from shanx038.krn
Extracted 00 contours from shanx039.krn
Extracted 00 contours from shanx040.krn
Extracted 01 contours from shanx041.krn
Extracted 00 contours from shanx042.krn
Extracted 00 contours from shanx043.krn
Extracted 00 contours from shanx044.krn
Extracted 00 contours from shanx045.krn
Extracted 01 contours from shanx046.krn
Extracted 01 contours from shanx047.krn
Extracted 00 contours from shanx048.krn
Extracted 00 contours from shanx049.krn
Extracted 00 contours from shanx050.krn
Extracted 02 contours from shanx051.krn
Extracted 03 contours from shanx052.krn
Extracted 02 contours from shanx053.krn
Extracted 01 contours from shanx054.krn
Extracted 01 contours from shanx055.krn
Extracted 01 contours from shanx056.krn
Extracted 01 contours from shanx057.krn
Extracted 01 contours from shanx058.krn
Extracted 03 contours from shanx059.krn
Extracted 01 contours from shanx060.krn
Extracted 02 contours from shanx061.krn
Extracted 04 contours from shanx062.krn
Extracted 03 contours from shanx063.krn
Extracted 02 contours from shanx064.krn
Extracted 03 contours from shanx065.krn
Extracted 04 contours from shanx066.krn
Extracted 03 contours from shanx067.krn
Extracted 03 contours from shanx068.krn
Extracted 02 contours from shanx069.krn
Extracted 01 contours from shanx070.krn
Extracted 07 contours from shanx071.krn
Extracted 01 contours from shanx072.krn
Extracted 00 contours from shanx073.krn
Extracted 01 contours from shanx074.krn
Extracted 01 contours from shanx075.krn
Extracted 02 contours from shanx076.krn
Extracted 02 contours from shanx077.krn
Extracted 02 contours from shanx078.krn
Extracted 01 contours from shanx079.krn
Extracted 04 contours from shanx080.krn
Extracted 02 contours from shanx081.krn
Extracted 03 contours from shanx082.krn
Extracted 01 contours from shanx083.krn
Extracted 01 contours from shanx084.krn
Extracted 03 contours from shanx085.krn
Extracted 02 contours from shanx086.krn
Extracted 02 contours from shanx087.krn
Extracted 05 contours from shanx088.krn
Extracted 02 contours from shanx089.krn
Extracted 01 contours from shanx090.krn
Extracted 02 contours from shanx091.krn
Extracted 02 contours from shanx092.krn
Extracted 01 contours from shanx093.krn
Extracted 04 contours from shanx094.krn
Extracted 01 contours from shanx095.krn
Extracted 02 contours from shanx096.krn
Extracted 01 contours from shanx097.krn
Extracted 01 contours from shanx098.krn
Extracted 01 contours from shanx099.krn
Extracted 00 contours from shanx100.krn
Extracted 08 contours from shanx101.krn
Extracted 04 contours from shanx102.krn
Extracted 02 contours from shanx103.krn
Extracted 01 contours from shanx104.krn
Extracted 00 contours from shanx105.krn
Extracted 01 contours from shanx106.krn
Extracted 01 contours from shanx107.krn
Extracted 01 contours from shanx108.krn
Extracted 01 contours from shanx109.krn
Extracted 02 contours from shanx110.krn
Extracted 03 contours from shanx111.krn
Extracted 01 contours from shanx112.krn
Extracted 02 contours from shanx113.krn
Extracted 05 contours from shanx114.krn
Extracted 05 contours from shanx115.krn
Extracted 03 contours from shanx116.krn
Extracted 01 contours from shanx117.krn
Extracted 03 contours from shanx118.krn
Extracted 02 contours from shanx119.krn
Extracted 02 contours from shanx120.krn
Extracted 08 contours from shanx121.krn
Extracted 03 contours from shanx122.krn
Extracted 04 contours from shanx123.krn
Extracted 03 contours from shanx124.krn
Extracted 02 contours from shanx125.krn
Extracted 04 contours from shanx126.krn
Extracted 02 contours from shanx127.krn
Extracted 04 contours from shanx128.krn
Extracted 01 contours from shanx129.krn
Extracted 03 contours from shanx130.krn
Extracted 03 contours from shanx131.krn
Extracted 04 contours from shanx132.krn
Extracted 01 contours from shanx133.krn
Extracted 01 contours from shanx134.krn
Extracted 04 contours from shanx135.krn
Extracted 01 contours from shanx136.krn
Extracted 01 contours from shanx137.krn
Extracted 03 contours from shanx138.krn
Extracted 05 contours from shanx139.krn
Extracted 02 contours from shanx140.krn
Extracted 02 contours from shanx141.krn
Extracted 02 contours from shanx142.krn
Extracted 09 contours from shanx143.krn
Extracted 02 contours from shanx144.krn
Extracted 05 contours from shanx145.krn
Extracted 02 contours from shanx146.krn
Extracted 02 contours from shanx147.krn
Extracted 03 contours from shanx148.krn
Extracted 02 contours from shanx149.krn
Extracted 04 contours from shanx150.krn
Extracted 05 contours from shanx151.krn
Extracted 05 contours from shanx152.krn
Extracted 10 contours from shanx153.krn
Extracted 00 contours from shanx154.krn
Extracted 01 contours from shanx155.krn
Extracted 01 contours from shanx156.krn
Extracted 01 contours from shanx157.krn
Extracted 00 contours from shanx158.krn
Extracted 01 contours from shanx159.krn
Extracted 03 contours from shanx160.krn
Extracted 01 contours from shanx161.krn
Extracted 01 contours from shanx162.krn
Extracted 00 contours from shanx163.krn
Extracted 01 contours from shanx164.krn
Extracted 00 contours from shanx165.krn
Extracted 01 contours from shanx166.krn
Extracted 01 contours from shanx167.krn
Extracted 01 contours from shanx168.krn
Extracted 01 contours from shanx169.krn
Extracted 03 contours from shanx170.krn
Extracted 02 contours from shanx171.krn
Extracted 04 contours from shanx172.krn
Extracted 06 contours from shanx173.krn
Extracted 03 contours from shanx174.krn
Extracted 02 contours from shanx175.krn
Extracted 02 contours from shanx176.krn
Extracted 00 contours from shanx177.krn
Extracted 00 contours from shanx178.krn
Extracted 00 contours from shanx179.krn
Extracted 00 contours from shanx180.krn
Extracted 04 contours from shanx181.krn
Extracted 01 contours from shanx182.krn
Extracted 01 contours from shanx183.krn
Extracted 00 contours from shanx184.krn
Extracted 02 contours from shanx185.krn
Extracted 04 contours from shanx186.krn
Extracted 00 contours from shanx187.krn
Extracted 01 contours from shanx188.krn
Extracted 04 contours from shanx189.krn
Extracted 01 contours from shanx190.krn
Extracted 00 contours from shanx191.krn
Extracted 00 contours from shanx192.krn
Extracted 01 contours from shanx193.krn
Extracted 03 contours from shanx194.krn
Extracted 04 contours from shanx195.krn
Extracted 08 contours from shanx196.krn
Extracted 00 contours from shanx197.krn
Extracted 05 contours from shanx198.krn
Extracted 04 contours from shanx199.krn
Extracted 06 contours from shanx200.krn
Extracted 01 contours from shanx201.krn
Extracted 03 contours from shanx202.krn
Extracted 05 contours from shanx203.krn
Extracted 03 contours from shanx204.krn
Extracted 01 contours from shanx205.krn
Extracted 08 contours from shanx206.krn
Extracted 02 contours from shanx207.krn
Extracted 00 contours from shanx208.krn
Extracted 05 contours from shanx209.krn
Extracted 04 contours from shanx210.krn
Extracted 01 contours from shanx211.krn
Extracted 03 contours from shanx212.krn
Extracted 02 contours from shanx213.krn
Extracted 04 contours from shanx214.krn
Extracted 02 contours from shanx215.krn
Extracted 02 contours from shanx216.krn
Extracted 01 contours from shanx217.krn
Extracted 02 contours from shanx218.krn
Extracted 03 contours from shanx219.krn
Extracted 03 contours from shanx220.krn
Extracted 03 contours from shanx221.krn
Extracted 03 contours from shanx222.krn
Extracted 03 contours from shanx223.krn
Extracted 02 contours from shanx224.krn
Extracted 02 contours from shanx225.krn
Extracted 00 contours from shanx226.krn
Extracted 01 contours from shanx227.krn
Extracted 05 contours from shanx228.krn
Extracted 10 contours from shanx229.krn
Extracted 06 contours from shanx230.krn
Extracted 02 contours from shanx231.krn
Extracted 03 contours from shanx232.krn
Extracted 01 contours from shanx233.krn
Extracted 02 contours from shanx234.krn
Extracted 03 contours from shanx235.krn
Extracted 01 contours from shanx236.krn
Extracted 01 contours from shanx237.krn
Extracted 02 contours from shanx238.krn
Extracted 04 contours from shanx239.krn
Extracted 03 contours from shanx240.krn
Extracted 03 contours from shanx241.krn
Extracted 01 contours from shanx242.krn
Extracted 01 contours from shanx243.krn
Extracted 03 contours from shanx244.krn
Extracted 03 contours from shanx245.krn
Extracted 03 contours from shanx246.krn
Extracted 02 contours from shanx247.krn
Skipping shanx248: ufunc 'nextafter' not supported for the input types, and the inputs could not be safely coerced to any supported types according to the casting rule ''safe''
Extracted 02 contours from shanx249.krn
Extracted 01 contours from shanx250.krn
Extracted 01 contours from shanx251.krn
Extracted 05 contours from shanx252.krn
Extracted 01 contours from shanx253.krn
Extracted 01 contours from shanx254.krn
Extracted 01 contours from shanx255.krn
Extracted 01 contours from shanx256.krn
Extracted 09 contours from shanx257.krn
Extracted 01 contours from shanx258.krn
Extracted 01 contours from shanx259.krn
Extracted 03 contours from shanx260.krn
Extracted 03 contours from shanx261.krn
Extracted 04 contours from shanx262.krn
Extracted 01 contours from shanx263.krn
Extracted 01 contours from shanx264.krn
Extracted 00 contours from shanx265.krn
Extracted 00 contours from shanx266.krn
Extracted 01 contours from shanx267.krn
Extracted 01 contours from shanx268.krn
Extracted 01 contours from shanx269.krn
Extracted 07 contours from shanx270.krn
Extracted 01 contours from shanx271.krn
Extracted 04 contours from shanx272.krn
Extracted 06 contours from shanx273.krn
Extracted 01 contours from shanx274.krn
Extracted 01 contours from shanx275.krn
Extracted 02 contours from shanx276.krn
Extracted 02 contours from shanx277.krn
Extracted 02 contours from shanx278.krn
Extracted 04 contours from shanx279.krn
Extracted 02 contours from shanx280.krn
Extracted 03 contours from shanx281.krn
Extracted 07 contours from shanx282.krn
Extracted 01 contours from shanx283.krn
Extracted 06 contours from shanx284.krn
Extracted 03 contours from shanx285.krn
Extracted 06 contours from shanx286.krn
Extracted 04 contours from shanx287.krn
Extracted 04 contours from shanx288.krn
Extracted 02 contours from shanx289.krn
Extracted 01 contours from shanx290.krn
Extracted 06 contours from shanx291.krn
Extracted 09 contours from shanx292.krn
Extracted 02 contours from shanx293.krn
Extracted 01 contours from shanx294.krn
Extracted 02 contours from shanx295.krn
Extracted 02 contours from shanx296.krn
Extracted 02 contours from shanx297.krn
Extracted 05 contours from shanx298.krn
Extracted 04 contours from shanx299.krn
Extracted 01 contours from shanx300.krn
Extracted 03 contours from shanx301.krn
Extracted 04 contours from shanx302.krn
Extracted 03 contours from shanx303.krn
Extracted 03 contours from shanx304.krn
Extracted 01 contours from shanx305.krn
Extracted 03 contours from shanx306.krn
Extracted 02 contours from shanx307.krn
Extracted 03 contours from shanx308.krn
Extracted 01 contours from shanx309.krn
Extracted 02 contours from shanx310.krn
Extracted 05 contours from shanx311.krn
Extracted 04 contours from shanx312.krn
Extracted 00 contours from shanx313.krn
Extracted 03 contours from shanx314.krn
Extracted 00 contours from shanx315.krn
Extracted 00 contours from shanx316.krn
Extracted 02 contours from shanx317.krn
Extracted 01 contours from shanx318.krn
Extracted 01 contours from shanx319.krn
Extracted 02 contours from shanx320.krn
Extracted 02 contours from shanx321.krn
Extracted 02 contours from shanx322.krn
Extracted 02 contours from shanx323.krn
Extracted 01 contours from shanx324.krn
Extracted 01 contours from shanx325.krn
Extracted 01 contours from shanx326.krn
Extracted 01 contours from shanx327.krn
Extracted 02 contours from shanx328.krn
Extracted 02 contours from shanx329.krn
Extracted 02 contours from shanx330.krn
Extracted 03 contours from shanx331.krn
Extracted 03 contours from shanx332.krn
Extracted 01 contours from shanx333.krn
Extracted 02 contours from shanx334.krn
Extracted 02 contours from shanx335.krn
Extracted 01 contours from shanx336.krn
Extracted 04 contours from shanx337.krn
Extracted 01 contours from shanx338.krn
Extracted 03 contours from shanx339.krn
Extracted 04 contours from shanx340.krn
Extracted 01 contours from shanx341.krn
Extracted 04 contours from shanx342.krn
Extracted 01 contours from shanx343.krn
Extracted 01 contours from shanx344.krn
Extracted 01 contours from shanx345.krn
Extracted 01 contours from shanx346.krn
Extracted 02 contours from shanx347.krn
Extracted 04 contours from shanx348.krn
Extracted 03 contours from shanx349.krn
Extracted 05 contours from shanx350.krn
Extracted 01 contours from shanx351.krn
Extracted 01 contours from shanx352.krn
Extracted 01 contours from shanx353.krn
Extracted 02 contours from shanx354.krn
Extracted 01 contours from shanx355.krn
Extracted 02 contours from shanx356.krn
Extracted 02 contours from shanx357.krn
Extracted 03 contours from shanx358.krn
Extracted 02 contours from shanx359.krn
Extracted 02 contours from shanx360.krn
Extracted 01 contours from shanx361.krn
Extracted 01 contours from shanx362.krn
Extracted 00 contours from shanx363.krn
Extracted 01 contours from shanx364.krn
Extracted 03 contours from shanx365.krn
Extracted 00 contours from shanx366.krn
Extracted 01 contours from shanx367.krn
Extracted 02 contours from shanx368.krn
Extracted 02 contours from shanx369.krn
Extracted 03 contours from shanx370.krn
Extracted 04 contours from shanx371.krn
Extracted 01 contours from shanx372.krn
Extracted 03 contours from shanx373.krn
Extracted 01 contours from shanx374.krn
Extracted 03 contours from shanx375.krn
Extracted 04 contours from shanx376.krn
Extracted 01 contours from shanx377.krn
Extracted 02 contours from shanx378.krn
Extracted 02 contours from shanx379.krn
Extracted 01 contours from shanx380.krn
Extracted 03 contours from shanx381.krn
Extracted 02 contours from shanx382.krn
Extracted 02 contours from shanx383.krn
Extracted 04 contours from shanx384.krn
Extracted 03 contours from shanx385.krn
Extracted 01 contours from shanx386.krn
Extracted 02 contours from shanx387.krn
Extracted 02 contours from shanx388.krn
Extracted 01 contours from shanx389.krn
Extracted 01 contours from shanx390.krn
Extracted 00 contours from shanx391.krn
Extracted 02 contours from shanx392.krn
Extracted 01 contours from shanx393.krn
Extracted 05 contours from shanx394.krn
Extracted 04 contours from shanx395.krn
Extracted 03 contours from shanx396.krn
Extracted 01 contours from shanx397.krn
Extracted 03 contours from shanx398.krn
Extracted 04 contours from shanx399.krn
Extracted 15 contours from shanx400.krn
Extracted 02 contours from shanx401.krn
Extracted 01 contours from shanx402.krn
Extracted 00 contours from shanx403.krn
Extracted 00 contours from shanx404.krn
Extracted 01 contours from shanx405.krn
Extracted 01 contours from shanx406.krn
Extracted 02 contours from shanx407.krn
Extracted 00 contours from shanx408.krn
Extracted 00 contours from shanx409.krn
Extracted 01 contours from shanx410.krn
Extracted 00 contours from shanx411.krn
Extracted 01 contours from shanx412.krn
Extracted 00 contours from shanx413.krn
Extracted 01 contours from shanx414.krn
Extracted 01 contours from shanx415.krn
Extracted 01 contours from shanx416.krn
Extracted 00 contours from shanx417.krn
Extracted 00 contours from shanx418.krn
Extracted 01 contours from shanx419.krn
Extracted 00 contours from shanx420.krn
Extracted 00 contours from shanx421.krn
Extracted 00 contours from shanx422.krn
Extracted 01 contours from shanx423.krn
Extracted 00 contours from shanx424.krn
Extracted 01 contours from shanx425.krn
Extracted 00 contours from shanx426.krn
Extracted 00 contours from shanx427.krn
Extracted 01 contours from shanx428.krn
Extracted 00 contours from shanx429.krn
Extracted 00 contours from shanx430.krn
Extracted 00 contours from shanx431.krn
Extracted 00 contours from shanx432.krn
Extracted 01 contours from shanx433.krn
Extracted 00 contours from shanx434.krn
Extracted 01 contours from shanx435.krn
Extracted 00 contours from shanx436.krn
Extracted 00 contours from shanx437.krn
Extracted 00 contours from shanx438.krn
Extracted 00 contours from shanx439.krn
Extracted 02 contours from shanx440.krn
Extracted 01 contours from shanx441.krn
Extracted 01 contours from shanx442.krn
Extracted 01 contours from shanx443.krn
Extracted 00 contours from shanx444.krn
Extracted 00 contours from shanx445.krn
Extracted 00 contours from shanx446.krn
Extracted 00 contours from shanx447.krn
Extracted 01 contours from shanx448.krn
Extracted 01 contours from shanx449.krn
Extracted 00 contours from shanx450.krn
Extracted 00 contours from shanx451.krn
Extracted 00 contours from shanx452.krn
Extracted 02 contours from shanx453.krn
Extracted 05 contours from shanx454.krn
Extracted 01 contours from shanx455.krn
Extracted 04 contours from shanx456.krn
Extracted 01 contours from shanx457.krn
Extracted 01 contours from shanx458.krn
Extracted 01 contours from shanx459.krn
Extracted 00 contours from shanx460.krn
Extracted 01 contours from shanx461.krn
Extracted 01 contours from shanx462.krn
Extracted 02 contours from shanx463.krn
Extracted 01 contours from shanx464.krn
Extracted 03 contours from shanx465.krn
Extracted 01 contours from shanx466.krn
Extracted 02 contours from shanx467.krn
Extracted 01 contours from shanx468.krn
Extracted 03 contours from shanx469.krn
Extracted 01 contours from shanx470.krn
Extracted 02 contours from shanx471.krn
Extracted 01 contours from shanx472.krn
Extracted 02 contours from shanx473.krn
Extracted 03 contours from shanx474.krn
Extracted 01 contours from shanx475.krn
Extracted 03 contours from shanx476.krn
Extracted 01 contours from shanx477.krn
Extracted 00 contours from shanx478.krn
Extracted 00 contours from shanx479.krn
Extracted 03 contours from shanx480.krn
Extracted 00 contours from shanx481.krn
Extracted 02 contours from shanx482.krn
Extracted 01 contours from shanx483.krn
Extracted 03 contours from shanx484.krn
Extracted 00 contours from shanx485.krn
Extracted 01 contours from shanx486.krn
Extracted 00 contours from shanx487.krn
Extracted 01 contours from shanx488.krn
Extracted 01 contours from shanx489.krn
Extracted 01 contours from shanx490.krn
Extracted 00 contours from shanx491.krn
Extracted 00 contours from shanx492.krn
Extracted 00 contours from shanx493.krn
Extracted 03 contours from shanx494.krn
Extracted 03 contours from shanx495.krn
Extracted 02 contours from shanx496.krn
Extracted 01 contours from shanx497.krn
Extracted 02 contours from shanx498.krn
Extracted 01 contours from shanx499.krn
Extracted 05 contours from shanx500.krn
Extracted 01 contours from shanx501.krn
Extracted 00 contours from shanx502.krn
Extracted 01 contours from shanx503.krn
Extracted 00 contours from shanx504.krn
Extracted 03 contours from shanx505.krn
Skipping shanx506: ufunc 'nextafter' not supported for the input types, and the inputs could not be safely coerced to any supported types according to the casting rule ''safe''
Extracted 02 contours from shanx507.krn
Extracted 01 contours from shanx508.krn
Extracted 01 contours from shanx509.krn
Extracted 01 contours from shanx510.krn
Extracted 00 contours from shanx511.krn
Extracted 01 contours from shanx512.krn
Extracted 02 contours from shanx513.krn
Extracted 01 contours from shanx514.krn
Extracted 00 contours from shanx515.krn
Extracted 01 contours from shanx516.krn
Extracted 02 contours from shanx517.krn
Extracted 01 contours from shanx518.krn
Extracted 02 contours from shanx519.krn
Extracted 02 contours from shanx520.krn
Extracted 02 contours from shanx521.krn
Extracted 01 contours from shanx522.krn
Extracted 01 contours from shanx523.krn
Extracted 00 contours from shanx524.krn
Extracted 04 contours from shanx525.krn
Extracted 03 contours from shanx526.krn
Extracted 00 contours from shanx527.krn
Extracted 01 contours from shanx528.krn
Extracted 04 contours from shanx529.krn
Extracted 02 contours from shanx530.krn
Extracted 01 contours from shanx531.krn
Extracted 00 contours from shanx532.krn
Extracted 00 contours from shanx533.krn
Extracted 01 contours from shanx534.krn
Extracted 02 contours from shanx535.krn
Extracted 01 contours from shanx536.krn
Extracted 01 contours from shanx537.krn
Extracted 02 contours from shanx538.krn
Extracted 00 contours from shanx539.krn
Extracted 01 contours from shanx540.krn
Extracted 01 contours from shanx541.krn
Extracted 00 contours from shanx542.krn
Extracted 03 contours from shanx543.krn
Extracted 03 contours from shanx544.krn
Extracted 02 contours from shanx545.krn
Extracted 02 contours from shanx546.krn
Extracted 03 contours from shanx547.krn
Extracted 00 contours from shanx548.krn
Extracted 00 contours from shanx549.krn
Extracted 02 contours from shanx550.krn
Extracted 02 contours from shanx551.krn
Extracted 00 contours from shanx552.krn
Extracted 02 contours from shanx553.krn
Extracted 01 contours from shanx554.krn
Extracted 00 contours from shanx555.krn
Extracted 00 contours from shanx556.krn
Extracted 00 contours from shanx557.krn
Extracted 01 contours from shanx558.krn
Extracted 00 contours from shanx559.krn
Extracted 01 contours from shanx560.krn
Extracted 02 contours from shanx561.krn
Extracted 01 contours from shanx562.krn
Extracted 00 contours from shanx563.krn
Extracted 03 contours from shanx564.krn
Extracted 00 contours from shanx565.krn
Extracted 02 contours from shanx566.krn
Extracted 02 contours from shanx567.krn
Extracted 03 contours from shanx568.krn
Extracted 01 contours from shanx569.krn
Extracted 01 contours from shanx570.krn
Extracted 00 contours from shanx571.krn
Extracted 00 contours from shanx572.krn
Extracted 02 contours from shanx573.krn
Extracted 00 contours from shanx574.krn
Extracted 01 contours from shanx575.krn
Extracted 02 contours from shanx576.krn
Extracted 00 contours from shanx577.krn
Extracted 03 contours from shanx578.krn
Extracted 00 contours from shanx579.krn
Extracted 03 contours from shanx580.krn
Extracted 00 contours from shanx581.krn
Extracted 00 contours from shanx582.krn
Extracted 00 contours from shanx583.krn
Extracted 02 contours from shanx584.krn
Extracted 01 contours from shanx585.krn
Extracted 02 contours from shanx586.krn
Extracted 01 contours from shanx587.krn
Extracted 02 contours from shanx588.krn
Extracted 03 contours from shanx589.krn
Extracted 03 contours from shanx590.krn
Extracted 03 contours from shanx591.krn
Extracted 02 contours from shanx592.krn
Extracted 01 contours from shanx593.krn
Extracted 03 contours from shanx594.krn
Extracted 05 contours from shanx595.krn
Extracted 02 contours from shanx596.krn
Extracted 00 contours from shanx597.krn
Extracted 02 contours from shanx598.krn
Extracted 02 contours from shanx599.krn
Extracted 01 contours from shanx600.krn
Extracted 01 contours from shanx601.krn
Extracted 04 contours from shanx602.krn
Extracted 01 contours from shanx603.krn
Extracted 01 contours from shanx604.krn
Extracted 03 contours from shanx605.krn
Extracted 01 contours from shanx606.krn
Extracted 02 contours from shanx607.krn
Extracted 04 contours from shanx608.krn
Extracted 03 contours from shanx609.krn
Extracted 03 contours from shanx610.krn
Extracted 01 contours from shanx611.krn
Extracted 02 contours from shanx612.krn
Extracted 05 contours from shanx613.krn
Extracted 02 contours from shanx614.krn
Extracted 02 contours from shanx615.krn
Extracted 00 contours from shanx616.krn
Extracted 00 contours from shanx617.krn
Extracted 04 contours from shanx618.krn
Extracted 00 contours from shanx619.krn
Extracted 02 contours from shanx620.krn
Extracted 01 contours from shanx621.krn
Extracted 04 contours from shanx622.krn
Extracted 01 contours from shanx623.krn
Extracted 01 contours from shanx624.krn
Extracted 01 contours from shanx625.krn
Extracted 02 contours from shanx626.krn
Extracted 02 contours from shanx627.krn
Extracted 02 contours from shanx628.krn
Extracted 03 contours from shanx629.krn
Extracted 03 contours from shanx630.krn
Extracted 01 contours from shanx631.krn
Extracted 01 contours from shanx632.krn
Extracted 00 contours from shanx633.krn
Extracted 01 contours from shanx634.krn
Extracted 00 contours from shanx635.krn
Extracted 01 contours from shanx636.krn
Extracted 03 contours from shanx637.krn
Extracted 01 contours from shanx638.krn
Extracted 02 contours from shanx639.krn
Extracted 00 contours from shanx640.krn
Extracted 01 contours from shanx641.krn
Extracted 03 contours from shanx642.krn
Extracted 02 contours from shanx643.krn
Extracted 01 contours from shanx644.krn
Extracted 02 contours from shanx645.krn
Extracted 00 contours from shanx646.krn
Extracted 01 contours from shanx647.krn
Extracted 02 contours from shanx648.krn
Extracted 00 contours from shanx649.krn
Extracted 00 contours from shanx650.krn
Extracted 04 contours from shanx651.krn
Extracted 03 contours from shanx652.krn
Extracted 02 contours from shanx653.krn
Extracted 04 contours from shanx654.krn
Extracted 03 contours from shanx655.krn
Extracted 02 contours from shanx656.krn
Extracted 01 contours from shanx657.krn
Extracted 02 contours from shanx658.krn
Extracted 01 contours from shanx659.krn
Extracted 02 contours from shanx660.krn
Extracted 02 contours from shanx661.krn
Extracted 03 contours from shanx662.krn
Extracted 02 contours from shanx663.krn
Extracted 02 contours from shanx664.krn
Extracted 03 contours from shanx665.krn
Extracted 03 contours from shanx666.krn
Extracted 03 contours from shanx667.krn
Extracted 02 contours from shanx668.krn
Extracted 02 contours from shanx669.krn
Extracted 02 contours from shanx670.krn
Extracted 01 contours from shanx671.krn
Extracted 01 contours from shanx672.krn
Extracted 03 contours from shanx673.krn
Extracted 01 contours from shanx674.krn
Extracted 02 contours from shanx675.krn
Extracted 00 contours from shanx676.krn
Extracted 04 contours from shanx677.krn
Extracted 05 contours from shanx678.krn
Extracted 02 contours from shanx679.krn
Extracted 03 contours from shanx680.krn
Extracted 01 contours from shanx681.krn
Extracted 08 contours from shanx682.krn
Extracted 01 contours from shanx683.krn
Extracted 02 contours from shanx684.krn
Extracted 06 contours from shanx685.krn
Extracted 01 contours from shanx686.krn
Extracted 03 contours from shanx687.krn
Extracted 01 contours from shanx688.krn
Extracted 00 contours from shanx689.krn
Extracted 01 contours from shanx690.krn
Extracted 02 contours from shanx691.krn
Extracted 01 contours from shanx692.krn
Extracted 01 contours from shanx693.krn
Extracted 02 contours from shanx694.krn
Extracted 03 contours from shanx695.krn
Extracted 03 contours from shanx696.krn
Extracted 03 contours from shanx697.krn
Extracted 04 contours from shanx698.krn
Extracted 02 contours from shanx699.krn
Extracted 03 contours from shanx700.krn
Extracted 07 contours from shanx701.krn
Extracted 02 contours from shanx702.krn
Extracted 03 contours from shanx703.krn
Extracted 02 contours from shanx704.krn
Extracted 04 contours from shanx705.krn
Extracted 04 contours from shanx706.krn
Extracted 03 contours from shanx707.krn
Extracted 03 contours from shanx708.krn
Extracted 00 contours from shanx709.krn
Extracted 02 contours from shanx710.krn
Extracted 00 contours from shanx711.krn
Extracted 02 contours from shanx712.krn
Extracted 01 contours from shanx713.krn
Extracted 00 contours from shanx714.krn
Extracted 03 contours from shanx715.krn
Extracted 03 contours from shanx716.krn
Extracted 01 contours from shanx717.krn
Extracted 01 contours from shanx718.krn
Extracted 01 contours from shanx719.krn
Extracted 02 contours from shanx720.krn
Extracted 03 contours from shanx721.krn
Extracted 00 contours from shanx722.krn
Extracted 00 contours from shanx723.krn
Extracted 02 contours from shanx724.krn
Extracted 03 contours from shanx725.krn
Extracted 02 contours from shanx726.krn
Extracted 00 contours from shanx727.krn
Extracted 01 contours from shanx728.krn
Extracted 01 contours from shanx729.krn
Extracted 03 contours from shanx730.krn
Extracted 02 contours from shanx731.krn
Extracted 01 contours from shanx732.krn
Extracted 01 contours from shanx733.krn
Extracted 00 contours from shanx734.krn
Extracted 00 contours from shanx735.krn
Extracted 01 contours from shanx736.krn
Extracted 00 contours from shanx737.krn
Extracted 01 contours from shanx738.krn
Extracted 00 contours from shanx739.krn
Extracted 02 contours from shanx740.krn
Extracted 03 contours from shanx741.krn
Extracted 02 contours from shanx742.krn
Extracted 01 contours from shanx743.krn
Extracted 00 contours from shanx744.krn
Extracted 03 contours from shanx745.krn
Extracted 02 contours from shanx746.krn
Extracted 01 contours from shanx747.krn
Extracted 01 contours from shanx748.krn
Extracted 01 contours from shanx749.krn
Extracted 00 contours from shanx750.krn
Extracted 01 contours from shanx751.krn
Extracted 01 contours from shanx752.krn
Extracted 00 contours from shanx753.krn
Extracted 01 contours from shanx754.krn
Extracted 02 contours from shanx755.krn
Extracted 01 contours from shanx756.krn
Extracted 04 contours from shanx757.krn
Extracted 01 contours from shanx758.krn
Extracted 02 contours from shanx759.krn
Extracted 05 contours from shanx760.krn
Extracted 04 contours from shanx761.krn
Extracted 03 contours from shanx762.krn
Extracted 05 contours from shanx763.krn
Extracted 02 contours from shanx764.krn
Extracted 01 contours from shanx765.krn
Extracted 01 contours from shanx766.krn
Extracted 01 contours from shanx767.krn
Extracted 01 contours from shanx768.krn
Extracted 04 contours from shanx769.krn
Extracted 04 contours from shanx770.krn
Extracted 02 contours from shanx771.krn
Extracted 02 contours from shanx772.krn
Extracted 03 contours from shanx773.krn
Extracted 02 contours from shanx774.krn
Extracted 03 contours from shanx775.krn
Extracted 01 contours from shanx776.krn
Extracted 01 contours from shanx777.krn
Extracted 02 contours from shanx778.krn
Extracted 01 contours from shanx779.krn
Extracted 00 contours from shanx780.krn
Extracted 00 contours from shanx781.krn
Extracted 00 contours from shanx782.krn
Extracted 02 contours from shanx783.krn
Extracted 01 contours from shanx784.krn
Extracted 04 contours from shanx785.krn
Extracted 01 contours from shanx786.krn
Extracted 01 contours from shanx787.krn
Extracted 04 contours from shanx788.krn
Extracted 01 contours from shanx789.krn
Extracted 00 contours from shanx790.krn
Extracted 01 contours from shanx791.krn
Extracted 01 contours from shanx792.krn
Extracted 00 contours from shanx793.krn
Extracted 00 contours from shanx794.krn
Extracted 00 contours from shanx795.krn
Extracted 00 contours from shanx796.krn
Extracted 02 contours from shanx797.krn
Extracted 02 contours from shanx798.krn
Extracted 00 contours from shanx799.krn
Extracted 08 contours from shanx800.krn
Extracted 02 contours from shanx801.krn
Extracted 04 contours from shanx802.krn
Mean length of random phrases: 13.72...
Stored random contours to data/phrase-contours/shanxi-random-contours.csv
md5 checksum: f2e617d30abb316c2f7b238939d02bce
